2026-02-09T00:29:31.9694785Z Container start method called.
2026-02-09T00:29:31.9701334Z Establishing network.
2026-02-09T00:29:31.9704493Z Pulling image: appsvc/python:3.11_20260112.6.tuxprod.
2026-02-09T00:29:33.2101319Z Image appsvc/python:3.11_20260112.6.tuxprod is pulled from registry 10.1.0.5:13209
2026-02-09T00:29:33.2127774Z Container is starting.
2026-02-09T00:29:33.2408112Z Establishing user namespace if not established already.
2026-02-09T00:29:33.2699630Z Establishing network if not established already.
2026-02-09T00:29:33.2898179Z Mounting volumes.
2026-02-09T00:29:33.3001649Z Nested mountpoint 
2026-02-09T00:29:33.4041796Z Nested mountpoint volatile/logs
2026-02-09T00:29:33.4811859Z Nested mountpoint 
2026-02-09T00:29:33.8011627Z Nested mountpoint 
2026-02-09T00:29:33.8817820Z Nested mountpoint 
2026-02-09T00:29:34.7130162Z Creating container.
2026-02-09T00:29:34.7133919Z Creating pipes for streaming container io.
2026-02-09T00:29:34.7832348Z Creating stdout named pipe at /podr/container/pipe/068ea7d7b980_evaluateyourself-app-123195/stdout_a2c65b6cda60475fa035631adb83e344.
2026-02-09T00:29:34.7848589Z Successfully created stdout named pipe at: /podr/container/pipe/068ea7d7b980_evaluateyourself-app-123195/stdout_a2c65b6cda60475fa035631adb83e344.
2026-02-09T00:29:34.8047044Z Opening named pipe /podr/container/pipe/068ea7d7b980_evaluateyourself-app-123195/stdout_a2c65b6cda60475fa035631adb83e344 for reading in non-blocking mode.
2026-02-09T00:29:34.8121622Z Successfully opened named pipe: /podr/container/pipe/068ea7d7b980_evaluateyourself-app-123195/stdout_a2c65b6cda60475fa035631adb83e344.
2026-02-09T00:29:34.8124757Z Successfully removed non-blocking flag from /podr/container/pipe/068ea7d7b980_evaluateyourself-app-123195/stdout_a2c65b6cda60475fa035631adb83e344.
2026-02-09T00:29:34.8127872Z Creating stderr named pipe at /podr/container/pipe/068ea7d7b980_evaluateyourself-app-123195/stderr_a930bdacc74f48498634e91d9613b59b.
2026-02-09T00:29:34.8131628Z Successfully created stderr named pipe at: /podr/container/pipe/068ea7d7b980_evaluateyourself-app-123195/stderr_a930bdacc74f48498634e91d9613b59b.
2026-02-09T00:29:34.8135054Z Opening named pipe /podr/container/pipe/068ea7d7b980_evaluateyourself-app-123195/stderr_a930bdacc74f48498634e91d9613b59b for reading in non-blocking mode.
2026-02-09T00:29:34.8138782Z Successfully opened named pipe: /podr/container/pipe/068ea7d7b980_evaluateyourself-app-123195/stderr_a930bdacc74f48498634e91d9613b59b.
2026-02-09T00:29:34.8141435Z Successfully removed non-blocking flag from /podr/container/pipe/068ea7d7b980_evaluateyourself-app-123195/stderr_a930bdacc74f48498634e91d9613b59b.
2026-02-09T00:29:34.8229102Z Creating container with image: appsvc/python:3.11_20260112.6.tuxprod from registry: 10.1.0.5:13209 and fully qualified image name: 10.1.0.5:13209/appsvc/python:3.11_20260112.6.tuxprod
2026-02-09T00:29:36.0320665Z Starting container: 068ea7d7b980_evaluateyourself-app-123195.
2026-02-09T00:29:36.1634231Z Starting watchers and probes.
2026-02-09T00:29:36.1650470Z Starting metrics collection.
2026-02-09T00:29:36.1731754Z Container is running.
2026-02-09T00:29:36.2765129Z Container start method finished after 4276 ms.
2026-02-09T00:30:59.2118587Z Container has finished running with exit code: 127.
2026-02-09T00:30:59.2506560Z Container is terminating. Grace period: 5 seconds.
2026-02-09T00:30:59.2915579Z Stop and delete container. Retry count = 0
2026-02-09T00:30:59.3087941Z Stopping container: 068ea7d7b980_evaluateyourself-app-123195.
2026-02-09T00:30:59.7026296Z Deleting container: 068ea7d7b980_evaluateyourself-app-123195. Retry count = 0
2026-02-09T00:31:00.9785011Z Container spec TerminationMessagePolicy  path 
2026-02-09T00:31:01.0190074Z Container is terminated. Total time elapsed: 1750 ms.
2026-02-09T00:31:01.0407431Z Site container: evaluateyourself-app-123195 terminated during site startup.
2026-02-09T00:31:01.4881898Z Site startup probe failed after 85.142841 seconds.
2026-02-09T00:31:02.9291679Z Failed to start site. Revert by stopping site.
2026-02-09T00:31:03.0005895Z Site: evaluateyourself-app-123195 stopped.
2026-02-09T00:34:24.221Z INFO  - 3.11_20251017.5.tuxprod Pulling from appsvc/python
2026-02-09T00:34:24.223Z INFO  - 10ffc47270cd Pulling fs layer
2026-02-09T00:34:24.232Z INFO  - babe2e3e3c71 Pulling fs layer
2026-02-09T00:34:24.242Z INFO  - 4f4fb700ef54 Pulling fs layer
2026-02-09T00:34:24.250Z INFO  - f7943b878c5a Pulling fs layer
2026-02-09T00:34:24.251Z INFO  - bf91c9135236 Pulling fs layer
2026-02-09T00:34:24.252Z INFO  - a49b20bb820c Pulling fs layer
2026-02-09T00:34:24.260Z INFO  - 2019780686b0 Pulling fs layer
2026-02-09T00:34:24.261Z INFO  - ccbe65ed435b Pulling fs layer
2026-02-09T00:34:24.262Z INFO  - b0399d4f1093 Pulling fs layer
2026-02-09T00:34:24.270Z INFO  - 4296d9e49093 Pulling fs layer
2026-02-09T00:34:24.272Z INFO  - f501553e1eeb Pulling fs layer
2026-02-09T00:34:24.280Z INFO  - 67c9ba2ac3e9 Pulling fs layer
2026-02-09T00:34:24.281Z INFO  - f87a5dc3ab54 Pulling fs layer
2026-02-09T00:34:24.283Z INFO  - cf1f560cc9e6 Pulling fs layer
2026-02-09T00:34:24.292Z INFO  - 614898d2f6e8 Pulling fs layer
2026-02-09T00:34:24.300Z INFO  - 67d8ea62776d Pulling fs layer
2026-02-09T00:34:24.302Z INFO  - a8698dba3c16 Pulling fs layer
2026-02-09T00:34:24.454Z INFO  - 4223ad926969 Pulling fs layer
2026-02-09T00:34:24.563Z INFO  - d17bda710013 Pulling fs layer
2026-02-09T00:34:24.572Z INFO  - ca4cad3a1f11 Pulling fs layer
2026-02-09T00:34:24.574Z INFO  - 4dab2df7fe81 Pulling fs layer
2026-02-09T00:34:24.586Z INFO  - e5c3f3249afb Pulling fs layer
2026-02-09T00:34:24.593Z INFO  - 6df8253f371a Pulling fs layer
2026-02-09T00:34:24.602Z INFO  - 219dc8274a65 Pulling fs layer
2026-02-09T00:34:24.603Z INFO  - 42ede7a6c55a Pulling fs layer
2026-02-09T00:34:24.612Z INFO  - fb65f28b112b Pulling fs layer
2026-02-09T00:34:24.624Z INFO  - a40510b545e4 Pulling fs layer
2026-02-09T00:34:24.634Z INFO  - 6e80b76a2230 Pulling fs layer
2026-02-09T00:34:24.643Z INFO  - 532e77ac237d Pulling fs layer
2026-02-09T00:34:24.651Z INFO  - c3c20db5b37e Pulling fs layer
2026-02-09T00:34:24.652Z INFO  - 765fc3fc3afc Pulling fs layer
2026-02-09T00:34:24.654Z INFO  - 6b4c2adab45b Pulling fs layer
2026-02-09T00:34:24.661Z INFO  - b7f285bbb111 Pulling fs layer
2026-02-09T00:34:24.662Z INFO  - fdaec5c523b8 Pulling fs layer
2026-02-09T00:34:24.672Z INFO  - f5a6dabbd87f Pulling fs layer
2026-02-09T00:34:24.673Z INFO  - 0440265059c0 Pulling fs layer
2026-02-09T00:34:24.674Z INFO  - feb3396323fe Pulling fs layer
2026-02-09T00:34:24.683Z INFO  - 5c4548330576 Pulling fs layer
2026-02-09T00:34:24.690Z INFO  - a221ee0b6f49 Pulling fs layer
2026-02-09T00:34:24.692Z INFO  - ac250ea855ab Pulling fs layer
2026-02-09T00:34:24.693Z INFO  - 6de9a9da98da Pulling fs layer
2026-02-09T00:34:24.703Z INFO  - d531dc368e36 Pulling fs layer
2026-02-09T00:34:24.712Z INFO  - c0fc26e916f7 Pulling fs layer
2026-02-09T00:34:24.720Z INFO  - 50a09b64903a Pulling fs layer
2026-02-09T00:34:24.722Z INFO  - 7b94c70810bd Pulling fs layer
2026-02-09T00:34:24.723Z INFO  - b8c2a35bf8cf Pulling fs layer
2026-02-09T00:34:24.730Z INFO  - 0b9fc1ae6357 Pulling fs layer
2026-02-09T00:34:24.731Z INFO  - 1be8b0b29112 Pulling fs layer
2026-02-09T00:34:24.733Z INFO  - e4bfa5b09991 Pulling fs layer
2026-02-09T00:34:24.750Z INFO  - 20256efc20c6 Pulling fs layer
2026-02-09T00:34:24.751Z INFO  - 655ae1159747 Pulling fs layer
2026-02-09T00:34:24.763Z INFO  - a9d311bf7864 Pulling fs layer
2026-02-09T00:34:24.764Z INFO  - 52d8d446e592 Pulling fs layer
2026-02-09T00:34:24.773Z INFO  - 2fd6879c6c9f Pulling fs layer
2026-02-09T00:34:24.783Z INFO  - 4dab2df7fe81 Waiting
2026-02-09T00:34:24.792Z INFO  - e5c3f3249afb Waiting
2026-02-09T00:34:24.800Z INFO  - 6df8253f371a Waiting
2026-02-09T00:34:24.801Z INFO  - 219dc8274a65 Waiting
2026-02-09T00:34:24.810Z INFO  - 42ede7a6c55a Waiting
2026-02-09T00:34:24.814Z INFO  - fb65f28b112b Waiting
2026-02-09T00:34:24.832Z INFO  - a40510b545e4 Waiting
2026-02-09T00:34:24.842Z INFO  - 6e80b76a2230 Waiting
2026-02-09T00:34:24.851Z INFO  - 532e77ac237d Waiting
2026-02-09T00:34:24.852Z INFO  - c3c20db5b37e Waiting
2026-02-09T00:34:24.861Z INFO  - 765fc3fc3afc Waiting
2026-02-09T00:34:24.862Z INFO  - 6b4c2adab45b Waiting
2026-02-09T00:34:24.874Z INFO  - b7f285bbb111 Waiting
2026-02-09T00:34:24.882Z INFO  - fdaec5c523b8 Waiting
2026-02-09T00:34:24.884Z INFO  - f5a6dabbd87f Waiting
2026-02-09T00:34:24.891Z INFO  - 0440265059c0 Waiting
2026-02-09T00:34:24.894Z INFO  - feb3396323fe Waiting
2026-02-09T00:34:24.903Z INFO  - 5c4548330576 Waiting
2026-02-09T00:34:24.912Z INFO  - a221ee0b6f49 Waiting
2026-02-09T00:34:24.914Z INFO  - ac250ea855ab Waiting
2026-02-09T00:34:24.931Z INFO  - 6de9a9da98da Waiting
2026-02-09T00:34:24.933Z INFO  - d531dc368e36 Waiting
2026-02-09T00:34:24.943Z INFO  - c0fc26e916f7 Waiting
2026-02-09T00:34:24.951Z INFO  - 7b94c70810bd Waiting
2026-02-09T00:34:24.952Z INFO  - b8c2a35bf8cf Waiting
2026-02-09T00:34:24.963Z INFO  - 0b9fc1ae6357 Waiting
2026-02-09T00:34:24.964Z INFO  - 1be8b0b29112 Waiting
2026-02-09T00:34:24.973Z INFO  - e4bfa5b09991 Waiting
2026-02-09T00:34:24.983Z INFO  - 20256efc20c6 Waiting
2026-02-09T00:34:24.984Z INFO  - 655ae1159747 Waiting
2026-02-09T00:34:24.993Z INFO  - a9d311bf7864 Waiting
2026-02-09T00:34:25.021Z INFO  - 52d8d446e592 Waiting
2026-02-09T00:34:25.033Z INFO  - 2fd6879c6c9f Waiting
2026-02-09T00:34:25.043Z INFO  - 50a09b64903a Waiting
2026-02-09T00:34:25.425Z INFO  - 67c9ba2ac3e9 Downloading 3KB / 12KB
2026-02-09T00:34:25.447Z INFO  - 4296d9e49093 Downloading 35KB / 1MB
2026-02-09T00:34:25.496Z INFO  - ccbe65ed435b Downloading 35KB / 433KB
2026-02-09T00:34:26.184Z INFO  - b0399d4f1093 Downloading 187B / 187B
2026-02-09T00:34:26.202Z INFO  - f7943b878c5a Downloading 386B / 386B
2026-02-09T00:34:26.210Z INFO  - a49b20bb820c Downloading 35KB / 250KB
2026-02-09T00:34:26.238Z INFO  - 2019780686b0 Downloading 2KB / 2KB
2026-02-09T00:34:26.240Z INFO  - bf91c9135236 Downloading 131B / 131B
2026-02-09T00:34:26.251Z INFO  - 4f4fb700ef54 Downloading 32B / 32B
2026-02-09T00:34:26.252Z INFO  - d17bda710013 Downloading 1KB / 1KB
2026-02-09T00:34:26.259Z INFO  - ca4cad3a1f11 Downloading 2KB / 2KB
2026-02-09T00:34:26.269Z INFO  - 67c9ba2ac3e9 Downloading 12KB / 12KB
2026-02-09T00:34:26.270Z INFO  - f501553e1eeb Downloading 39KB / 39KB
2026-02-09T00:34:26.279Z INFO  - b0399d4f1093 Verifying Checksum
2026-02-09T00:34:26.280Z INFO  - b0399d4f1093 Download complete
2026-02-09T00:34:26.291Z INFO  - a8698dba3c16 Downloading 3KB / 12KB
2026-02-09T00:34:26.299Z INFO  - f7943b878c5a Verifying Checksum
2026-02-09T00:34:26.309Z INFO  - f7943b878c5a Download complete
2026-02-09T00:34:26.310Z INFO  - 2019780686b0 Verifying Checksum
2026-02-09T00:34:26.311Z INFO  - 2019780686b0 Download complete
2026-02-09T00:34:26.319Z INFO  - bf91c9135236 Verifying Checksum
2026-02-09T00:34:26.320Z INFO  - bf91c9135236 Download complete
2026-02-09T00:34:26.322Z INFO  - d17bda710013 Verifying Checksum
2026-02-09T00:34:26.339Z INFO  - d17bda710013 Download complete
2026-02-09T00:34:26.340Z INFO  - ca4cad3a1f11 Verifying Checksum
2026-02-09T00:34:26.351Z INFO  - ca4cad3a1f11 Download complete
2026-02-09T00:34:26.360Z INFO  - 67c9ba2ac3e9 Verifying Checksum
2026-02-09T00:34:26.362Z INFO  - 67c9ba2ac3e9 Download complete
2026-02-09T00:34:26.369Z INFO  - f501553e1eeb Verifying Checksum
2026-02-09T00:34:26.372Z INFO  - f501553e1eeb Download complete
2026-02-09T00:34:26.380Z INFO  - 614898d2f6e8 Downloading 35KB / 1MB
2026-02-09T00:34:26.391Z INFO  - 4f4fb700ef54 Verifying Checksum
2026-02-09T00:34:26.399Z INFO  - 4f4fb700ef54 Download complete
2026-02-09T00:34:26.402Z INFO  - a49b20bb820c Downloading 195KB / 250KB
2026-02-09T00:34:26.409Z INFO  - 4223ad926969 Download complete
2026-02-09T00:34:26.411Z INFO  - 67d8ea62776d Downloading 39KB / 39KB
2026-02-09T00:34:26.420Z INFO  - a49b20bb820c Downloading 250KB / 250KB
2026-02-09T00:34:26.422Z INFO  - 67d8ea62776d Verifying Checksum
2026-02-09T00:34:26.429Z INFO  - 67d8ea62776d Download complete
2026-02-09T00:34:26.431Z INFO  - a49b20bb820c Verifying Checksum
2026-02-09T00:34:26.759Z INFO  - a8698dba3c16 Downloading 12KB / 12KB
2026-02-09T00:34:27.644Z INFO  - ccbe65ed435b Downloading 227KB / 433KB
2026-02-09T00:34:27.653Z INFO  - f87a5dc3ab54 Download complete
2026-02-09T00:34:27.661Z INFO  - 6df8253f371a Downloading 527B / 527B
2026-02-09T00:34:27.670Z INFO  - 219dc8274a65 Downloading 2KB / 2KB
2026-02-09T00:34:27.673Z INFO  - e5c3f3249afb Downloading 527B / 527B
2026-02-09T00:34:27.683Z INFO  - 4dab2df7fe81 Downloading 508B / 508B
2026-02-09T00:34:27.691Z INFO  - 4296d9e49093 Downloading 515KB / 1MB
2026-02-09T00:34:27.692Z INFO  - a8698dba3c16 Verifying Checksum
2026-02-09T00:34:27.692Z INFO  - a8698dba3c16 Download complete
2026-02-09T00:34:27.700Z INFO  - 219dc8274a65 Verifying Checksum
2026-02-09T00:34:27.701Z INFO  - 219dc8274a65 Download complete
2026-02-09T00:34:27.702Z INFO  - e5c3f3249afb Verifying Checksum
2026-02-09T00:34:27.710Z INFO  - e5c3f3249afb Download complete
2026-02-09T00:34:27.711Z INFO  - 4dab2df7fe81 Verifying Checksum
2026-02-09T00:34:27.714Z INFO  - 4dab2df7fe81 Download complete
2026-02-09T00:34:27.724Z INFO  - 6df8253f371a Verifying Checksum
2026-02-09T00:34:27.733Z INFO  - 6df8253f371a Download complete
2026-02-09T00:34:27.741Z INFO  - 614898d2f6e8 Downloading 131KB / 1MB
2026-02-09T00:34:27.743Z INFO  - a49b20bb820c Download complete
2026-02-09T00:34:27.753Z INFO  - ccbe65ed435b Downloading 323KB / 433KB
2026-02-09T00:34:27.771Z INFO  - cf1f560cc9e6 Downloading 539KB / 56MB
2026-02-09T00:34:27.773Z INFO  - fb65f28b112b Downloading 3KB / 4KB
2026-02-09T00:34:27.774Z INFO  - 10ffc47270cd Downloading 515KB / 51MB
2026-02-09T00:34:27.783Z INFO  - ccbe65ed435b Downloading 419KB / 433KB
2026-02-09T00:34:27.791Z INFO  - 532e77ac237d Downloading 131KB / 5MB
2026-02-09T00:34:27.792Z INFO  - 532e77ac237d Downloading 259KB / 5MB
2026-02-09T00:34:27.793Z INFO  - 4296d9e49093 Downloading 579KB / 1MB
2026-02-09T00:34:27.801Z INFO  - 765fc3fc3afc Downloading 1KB / 1KB
2026-02-09T00:34:27.802Z INFO  - 6b4c2adab45b Downloading 1KB / 1KB
2026-02-09T00:34:27.803Z INFO  - ccbe65ed435b Download complete
2026-02-09T00:34:27.813Z INFO  - fb65f28b112b Download complete
2026-02-09T00:34:27.814Z INFO  - f5a6dabbd87f Downloading 270B / 270B
2026-02-09T00:34:27.823Z INFO  - fdaec5c523b8 Downloading 133B / 133B
2026-02-09T00:34:27.834Z INFO  - b7f285bbb111 Downloading 3KB / 3KB
2026-02-09T00:34:27.843Z INFO  - 765fc3fc3afc Verifying Checksum
2026-02-09T00:34:27.854Z INFO  - 765fc3fc3afc Download complete
2026-02-09T00:34:27.863Z INFO  - 6b4c2adab45b Verifying Checksum
2026-02-09T00:34:27.870Z INFO  - 6b4c2adab45b Download complete
2026-02-09T00:34:27.872Z INFO  - f5a6dabbd87f Verifying Checksum
2026-02-09T00:34:27.873Z INFO  - f5a6dabbd87f Download complete
2026-02-09T00:34:27.881Z INFO  - fdaec5c523b8 Verifying Checksum
2026-02-09T00:34:27.882Z INFO  - fdaec5c523b8 Download complete
2026-02-09T00:34:27.891Z INFO  - b7f285bbb111 Verifying Checksum
2026-02-09T00:34:27.893Z INFO  - b7f285bbb111 Download complete
2026-02-09T00:34:28.012Z INFO  - 614898d2f6e8 Downloading 259KB / 1MB
2026-02-09T00:34:28.022Z INFO  - babe2e3e3c71 Downloading 649KB / 30MB
2026-02-09T00:34:28.031Z INFO  - 42ede7a6c55a Downloading 535KB / 111MB
2026-02-09T00:34:28.041Z INFO  - 532e77ac237d Downloading 515KB / 5MB
2026-02-09T00:34:28.042Z INFO  - 0440265059c0 Downloading 272B / 272B
2026-02-09T00:34:28.054Z INFO  - 10ffc47270cd Downloading 1MB / 51MB
2026-02-09T00:34:28.062Z INFO  - feb3396323fe Downloading 833B / 833B
2026-02-09T00:34:28.071Z INFO  - 0440265059c0 Verifying Checksum
2026-02-09T00:34:28.073Z INFO  - 0440265059c0 Download complete
2026-02-09T00:34:28.082Z INFO  - feb3396323fe Verifying Checksum
2026-02-09T00:34:28.083Z INFO  - feb3396323fe Download complete
2026-02-09T00:34:28.189Z INFO  - 614898d2f6e8 Downloading 387KB / 1MB
2026-02-09T00:34:28.199Z INFO  - 6e80b76a2230 Downloading 759KB / 36MB
2026-02-09T00:34:28.200Z INFO  - a40510b545e4 Downloading 771KB / 36MB
2026-02-09T00:34:28.203Z INFO  - 532e77ac237d Downloading 771KB / 5MB
2026-02-09T00:34:28.222Z INFO  - 42ede7a6c55a Downloading 1MB / 111MB
2026-02-09T00:34:28.229Z INFO  - c3c20db5b37e Downloading 515KB / 67MB
2026-02-09T00:34:28.230Z INFO  - 5c4548330576 Downloading 124B / 124B
2026-02-09T00:34:28.232Z INFO  - ac250ea855ab Downloading 1KB / 1KB
2026-02-09T00:34:28.241Z INFO  - a221ee0b6f49 Downloading 416B / 416B
2026-02-09T00:34:28.242Z INFO  - 7b94c70810bd Downloading 1KB / 1KB
2026-02-09T00:34:28.249Z INFO  - d531dc368e36 Downloading 2KB / 2KB
2026-02-09T00:34:28.250Z INFO  - 6de9a9da98da Downloading 1KB / 1KB
2026-02-09T00:34:28.251Z INFO  - 4296d9e49093 Verifying Checksum
2026-02-09T00:34:28.259Z INFO  - 4296d9e49093 Download complete
2026-02-09T00:34:28.260Z INFO  - 5c4548330576 Verifying Checksum
2026-02-09T00:34:28.262Z INFO  - 5c4548330576 Download complete
2026-02-09T00:34:28.269Z INFO  - ac250ea855ab Verifying Checksum
2026-02-09T00:34:28.270Z INFO  - ac250ea855ab Download complete
2026-02-09T00:34:28.279Z INFO  - a221ee0b6f49 Verifying Checksum
2026-02-09T00:34:28.280Z INFO  - a221ee0b6f49 Download complete
2026-02-09T00:34:28.281Z INFO  - 7b94c70810bd Verifying Checksum
2026-02-09T00:34:28.289Z INFO  - 7b94c70810bd Download complete
2026-02-09T00:34:28.290Z INFO  - d531dc368e36 Verifying Checksum
2026-02-09T00:34:28.299Z INFO  - d531dc368e36 Download complete
2026-02-09T00:34:28.300Z INFO  - 6de9a9da98da Verifying Checksum
2026-02-09T00:34:28.302Z INFO  - 6de9a9da98da Download complete
2026-02-09T00:34:28.451Z INFO  - c0fc26e916f7 Downloading 121B / 121B
2026-02-09T00:34:28.452Z INFO  - 50a09b64903a Downloading 1KB / 1KB
2026-02-09T00:34:28.460Z INFO  - b8c2a35bf8cf Downloading 355B / 355B
2026-02-09T00:34:28.468Z INFO  - 0b9fc1ae6357 Downloading 842B / 842B
2026-02-09T00:34:28.469Z INFO  - e4bfa5b09991 Downloading 2KB / 2KB
2026-02-09T00:34:28.471Z INFO  - c0fc26e916f7 Verifying Checksum
2026-02-09T00:34:28.481Z INFO  - c0fc26e916f7 Download complete
2026-02-09T00:34:28.487Z INFO  - 50a09b64903a Verifying Checksum
2026-02-09T00:34:28.489Z INFO  - 50a09b64903a Download complete
2026-02-09T00:34:28.497Z INFO  - b8c2a35bf8cf Verifying Checksum
2026-02-09T00:34:28.498Z INFO  - b8c2a35bf8cf Download complete
2026-02-09T00:34:28.499Z INFO  - 0b9fc1ae6357 Verifying Checksum
2026-02-09T00:34:28.502Z INFO  - 0b9fc1ae6357 Download complete
2026-02-09T00:34:28.510Z INFO  - e4bfa5b09991 Verifying Checksum
2026-02-09T00:34:28.518Z INFO  - e4bfa5b09991 Download complete
2026-02-09T00:34:28.521Z INFO  - 532e77ac237d Downloading 1MB / 5MB
2026-02-09T00:34:28.530Z INFO  - babe2e3e3c71 Downloading 1MB / 30MB
2026-02-09T00:34:28.537Z INFO  - 1be8b0b29112 Downloading 137B / 137B
2026-02-09T00:34:28.538Z INFO  - 1be8b0b29112 Verifying Checksum
2026-02-09T00:34:28.539Z INFO  - 1be8b0b29112 Download complete
2026-02-09T00:34:28.569Z INFO  - 655ae1159747 Downloading 3KB / 11KB
2026-02-09T00:34:28.611Z INFO  - c3c20db5b37e Downloading 1MB / 67MB
2026-02-09T00:34:28.618Z INFO  - 2fd6879c6c9f Downloading 1KB / 1KB
2026-02-09T00:34:28.621Z INFO  - cf1f560cc9e6 Downloading 1MB / 56MB
2026-02-09T00:34:28.631Z INFO  - 20256efc20c6 Downloading 143B / 143B
2026-02-09T00:34:28.638Z INFO  - 655ae1159747 Downloading 11KB / 11KB
2026-02-09T00:34:28.649Z INFO  - 52d8d446e592 Downloading 16KB / 16KB
2026-02-09T00:34:28.651Z INFO  - 2fd6879c6c9f Verifying Checksum
2026-02-09T00:34:28.676Z INFO  - 2fd6879c6c9f Download complete
2026-02-09T00:34:28.697Z INFO  - 20256efc20c6 Verifying Checksum
2026-02-09T00:34:28.698Z INFO  - 20256efc20c6 Download complete
2026-02-09T00:34:28.716Z INFO  - 655ae1159747 Verifying Checksum
2026-02-09T00:34:28.717Z INFO  - 655ae1159747 Download complete
2026-02-09T00:34:28.727Z INFO  - 52d8d446e592 Verifying Checksum
2026-02-09T00:34:28.729Z INFO  - 52d8d446e592 Download complete
2026-02-09T00:34:28.737Z INFO  - 532e77ac237d Downloading 1MB / 5MB
2026-02-09T00:34:28.746Z INFO  - 614898d2f6e8 Downloading 931KB / 1MB
2026-02-09T00:34:28.749Z INFO  - a9d311bf7864 Downloading 131KB / 5MB
2026-02-09T00:34:28.759Z INFO  - 614898d2f6e8 Verifying Checksum
2026-02-09T00:34:28.768Z INFO  - 614898d2f6e8 Download complete
2026-02-09T00:34:28.776Z INFO  - 532e77ac237d Downloading 1MB / 5MB
2026-02-09T00:34:28.777Z INFO  - a40510b545e4 Downloading 1MB / 36MB
2026-02-09T00:34:28.780Z INFO  - 6e80b76a2230 Downloading 2MB / 36MB
2026-02-09T00:34:28.936Z INFO  - babe2e3e3c71 Downloading 1MB / 30MB
2026-02-09T00:34:28.949Z INFO  - a9d311bf7864 Downloading 323KB / 5MB
2026-02-09T00:34:28.959Z INFO  - 532e77ac237d Downloading 2MB / 5MB
2026-02-09T00:34:29.010Z INFO  - 10ffc47270cd Downloading 2MB / 51MB
2026-02-09T00:34:29.140Z INFO  - cf1f560cc9e6 Downloading 2MB / 56MB
2026-02-09T00:34:29.157Z INFO  - 532e77ac237d Downloading 2MB / 5MB
2026-02-09T00:34:29.166Z INFO  - a9d311bf7864 Downloading 643KB / 5MB
2026-02-09T00:34:29.288Z INFO  - 10ffc47270cd Downloading 3MB / 51MB
2026-02-09T00:34:29.297Z INFO  - babe2e3e3c71 Downloading 2MB / 30MB
2026-02-09T00:34:29.298Z INFO  - 532e77ac237d Downloading 2MB / 5MB
2026-02-09T00:34:29.306Z INFO  - a40510b545e4 Downloading 2MB / 36MB
2026-02-09T00:34:29.636Z INFO  - babe2e3e3c71 Downloading 3MB / 30MB
2026-02-09T00:34:29.647Z INFO  - 42ede7a6c55a Downloading 2MB / 111MB
2026-02-09T00:34:29.688Z INFO  - c3c20db5b37e Downloading 3MB / 67MB
2026-02-09T00:34:29.696Z INFO  - a9d311bf7864 Downloading 1MB / 5MB
2026-02-09T00:34:29.860Z INFO  - cf1f560cc9e6 Downloading 3MB / 56MB
2026-02-09T00:34:29.868Z INFO  - 6e80b76a2230 Downloading 2MB / 36MB
2026-02-09T00:34:29.870Z INFO  - a9d311bf7864 Downloading 1MB / 5MB
2026-02-09T00:34:29.969Z INFO  - a40510b545e4 Downloading 3MB / 36MB
2026-02-09T00:34:29.978Z INFO  - 532e77ac237d Downloading 3MB / 5MB
2026-02-09T00:34:29.980Z INFO  - a9d311bf7864 Downloading 1MB / 5MB
2026-02-09T00:34:29.990Z INFO  - 10ffc47270cd Downloading 4MB / 51MB
2026-02-09T00:34:30.038Z INFO  - cf1f560cc9e6 Downloading 4MB / 56MB
2026-02-09T00:34:30.219Z INFO  - babe2e3e3c71 Downloading 4MB / 30MB
2026-02-09T00:34:30.228Z INFO  - 532e77ac237d Downloading 3MB / 5MB
2026-02-09T00:34:30.338Z INFO  - a40510b545e4 Downloading 3MB / 36MB
2026-02-09T00:34:30.450Z INFO  - a9d311bf7864 Downloading 2MB / 5MB
2026-02-09T00:34:30.600Z INFO  - 42ede7a6c55a Downloading 4MB / 111MB
2026-02-09T00:34:30.611Z INFO  - a9d311bf7864 Downloading 2MB / 5MB
2026-02-09T00:34:30.699Z INFO  - a9d311bf7864 Downloading 2MB / 5MB
2026-02-09T00:34:30.708Z INFO  - 6e80b76a2230 Downloading 3MB / 36MB
2026-02-09T00:34:30.780Z INFO  - 42ede7a6c55a Downloading 5MB / 111MB
2026-02-09T00:34:30.790Z INFO  - 10ffc47270cd Downloading 5MB / 51MB
2026-02-09T00:34:30.791Z INFO  - c3c20db5b37e Downloading 4MB / 67MB
2026-02-09T00:34:30.798Z INFO  - 532e77ac237d Verifying Checksum
2026-02-09T00:34:30.808Z INFO  - 532e77ac237d Download complete
2026-02-09T00:34:30.907Z INFO  - 6e80b76a2230 Downloading 4MB / 36MB
2026-02-09T00:34:30.909Z INFO  - a9d311bf7864 Downloading 2MB / 5MB
2026-02-09T00:34:30.938Z INFO  - a40510b545e4 Downloading 5MB / 36MB
2026-02-09T00:34:31.219Z INFO  - a9d311bf7864 Downloading 3MB / 5MB
2026-02-09T00:34:31.287Z INFO  - 6e80b76a2230 Downloading 5MB / 36MB
2026-02-09T00:34:31.288Z INFO  - babe2e3e3c71 Downloading 6MB / 30MB
2026-02-09T00:34:31.515Z INFO  - cf1f560cc9e6 Downloading 6MB / 56MB
2026-02-09T00:34:31.604Z INFO  - a40510b545e4 Downloading 6MB / 36MB
2026-02-09T00:34:31.886Z INFO  - 10ffc47270cd Downloading 6MB / 51MB
2026-02-09T00:34:31.896Z INFO  - babe2e3e3c71 Downloading 6MB / 30MB
2026-02-09T00:34:32.012Z INFO  - babe2e3e3c71 Downloading 7MB / 30MB
2026-02-09T00:34:32.191Z INFO  - 6e80b76a2230 Downloading 5MB / 36MB
2026-02-09T00:34:32.199Z INFO  - 42ede7a6c55a Downloading 6MB / 111MB
2026-02-09T00:34:32.200Z INFO  - a9d311bf7864 Verifying Checksum
2026-02-09T00:34:32.201Z INFO  - a9d311bf7864 Download complete
2026-02-09T00:34:32.211Z INFO  - cf1f560cc9e6 Downloading 7MB / 56MB
2026-02-09T00:34:32.278Z INFO  - a40510b545e4 Downloading 7MB / 36MB
2026-02-09T00:34:32.379Z INFO  - 42ede7a6c55a Downloading 7MB / 111MB
2026-02-09T00:34:32.430Z INFO  - c3c20db5b37e Downloading 6MB / 67MB
2026-02-09T00:34:32.580Z INFO  - babe2e3e3c71 Downloading 8MB / 30MB
2026-02-09T00:34:32.629Z INFO  - cf1f560cc9e6 Downloading 8MB / 56MB
2026-02-09T00:34:32.640Z INFO  - 6e80b76a2230 Downloading 7MB / 36MB
2026-02-09T00:34:32.702Z INFO  - 42ede7a6c55a Downloading 9MB / 111MB
2026-02-09T00:34:32.801Z INFO  - babe2e3e3c71 Downloading 9MB / 30MB
2026-02-09T00:34:32.873Z INFO  - a40510b545e4 Downloading 8MB / 36MB
2026-02-09T00:34:32.981Z INFO  - 6e80b76a2230 Downloading 8MB / 36MB
2026-02-09T00:34:33.043Z INFO  - c3c20db5b37e Downloading 7MB / 67MB
2026-02-09T00:34:33.050Z INFO  - babe2e3e3c71 Downloading 10MB / 30MB
2026-02-09T00:34:33.161Z INFO  - 10ffc47270cd Downloading 8MB / 51MB
2026-02-09T00:34:33.364Z INFO  - cf1f560cc9e6 Downloading 9MB / 56MB
2026-02-09T00:34:33.453Z INFO  - a40510b545e4 Downloading 9MB / 36MB
2026-02-09T00:34:33.572Z INFO  - c3c20db5b37e Downloading 8MB / 67MB
2026-02-09T00:34:33.573Z INFO  - 42ede7a6c55a Downloading 9MB / 111MB
2026-02-09T00:34:33.581Z INFO  - babe2e3e3c71 Downloading 10MB / 30MB
2026-02-09T00:34:33.722Z INFO  - babe2e3e3c71 Downloading 11MB / 30MB
2026-02-09T00:34:33.793Z INFO  - babe2e3e3c71 Downloading 11MB / 30MB
2026-02-09T00:34:33.900Z INFO  - c3c20db5b37e Downloading 9MB / 67MB
2026-02-09T00:34:33.932Z INFO  - cf1f560cc9e6 Downloading 10MB / 56MB
2026-02-09T00:34:33.939Z INFO  - 6e80b76a2230 Downloading 9MB / 36MB
2026-02-09T00:34:33.981Z INFO  - c3c20db5b37e Downloading 10MB / 67MB
2026-02-09T00:34:34.147Z INFO  - a40510b545e4 Downloading 9MB / 36MB
2026-02-09T00:34:34.320Z INFO  - babe2e3e3c71 Downloading 12MB / 30MB
2026-02-09T00:34:34.330Z INFO  - cf1f560cc9e6 Downloading 11MB / 56MB
2026-02-09T00:34:34.398Z INFO  - cf1f560cc9e6 Downloading 12MB / 56MB
2026-02-09T00:34:34.419Z INFO  - 42ede7a6c55a Downloading 11MB / 111MB
2026-02-09T00:34:34.529Z INFO  - a40510b545e4 Downloading 10MB / 36MB
2026-02-09T00:34:34.540Z INFO  - babe2e3e3c71 Downloading 12MB / 30MB
2026-02-09T00:34:34.541Z INFO  - c3c20db5b37e Downloading 11MB / 67MB
2026-02-09T00:34:34.721Z INFO  - 6e80b76a2230 Downloading 11MB / 36MB
2026-02-09T00:34:34.862Z INFO  - babe2e3e3c71 Downloading 13MB / 30MB
2026-02-09T00:34:34.880Z INFO  - 10ffc47270cd Downloading 12MB / 51MB
2026-02-09T00:34:35.172Z INFO  - babe2e3e3c71 Downloading 14MB / 30MB
2026-02-09T00:34:35.233Z INFO  - a40510b545e4 Downloading 12MB / 36MB
2026-02-09T00:34:35.280Z INFO  - 6e80b76a2230 Downloading 12MB / 36MB
2026-02-09T00:34:35.392Z INFO  - 42ede7a6c55a Downloading 13MB / 111MB
2026-02-09T00:34:35.411Z INFO  - c3c20db5b37e Downloading 12MB / 67MB
2026-02-09T00:34:35.412Z INFO  - 6e80b76a2230 Downloading 13MB / 36MB
2026-02-09T00:34:35.420Z INFO  - 10ffc47270cd Downloading 13MB / 51MB
2026-02-09T00:34:35.464Z INFO  - cf1f560cc9e6 Downloading 14MB / 56MB
2026-02-09T00:34:35.584Z INFO  - 42ede7a6c55a Downloading 14MB / 111MB
2026-02-09T00:34:35.745Z INFO  - c3c20db5b37e Downloading 12MB / 67MB
2026-02-09T00:34:35.794Z INFO  - a40510b545e4 Downloading 13MB / 36MB
2026-02-09T00:34:36.011Z INFO  - 10ffc47270cd Downloading 14MB / 51MB
2026-02-09T00:34:36.032Z INFO  - a40510b545e4 Downloading 14MB / 36MB
2026-02-09T00:34:36.062Z INFO  - c3c20db5b37e Downloading 13MB / 67MB
2026-02-09T00:34:36.071Z INFO  - 6e80b76a2230 Downloading 14MB / 36MB
2026-02-09T00:34:36.074Z INFO  - babe2e3e3c71 Downloading 15MB / 30MB
2026-02-09T00:34:36.192Z INFO  - a40510b545e4 Downloading 15MB / 36MB
2026-02-09T00:34:36.350Z INFO  - 42ede7a6c55a Downloading 15MB / 111MB
2026-02-09T00:34:36.362Z INFO  - cf1f560cc9e6 Downloading 15MB / 56MB
2026-02-09T00:34:36.363Z INFO  - 6e80b76a2230 Downloading 15MB / 36MB
2026-02-09T00:34:36.411Z INFO  - a40510b545e4 Downloading 15MB / 36MB
2026-02-09T00:34:36.439Z INFO  - cf1f560cc9e6 Downloading 16MB / 56MB
2026-02-09T00:34:36.632Z INFO  - 42ede7a6c55a Downloading 16MB / 111MB
2026-02-09T00:34:36.671Z INFO  - 10ffc47270cd Downloading 16MB / 51MB
2026-02-09T00:34:36.673Z INFO  - 6e80b76a2230 Downloading 16MB / 36MB
2026-02-09T00:34:36.712Z INFO  - c3c20db5b37e Downloading 15MB / 67MB
2026-02-09T00:34:36.862Z INFO  - 10ffc47270cd Downloading 17MB / 51MB
2026-02-09T00:34:36.871Z INFO  - babe2e3e3c71 Downloading 16MB / 30MB
2026-02-09T00:34:36.953Z INFO  - a40510b545e4 Downloading 17MB / 36MB
2026-02-09T00:34:36.973Z INFO  - cf1f560cc9e6 Downloading 17MB / 56MB
2026-02-09T00:34:37.211Z INFO  - babe2e3e3c71 Downloading 18MB / 30MB
2026-02-09T00:34:37.244Z INFO  - cf1f560cc9e6 Downloading 18MB / 56MB
2026-02-09T00:34:37.883Z INFO  - 42ede7a6c55a Downloading 18MB / 111MB
2026-02-09T00:34:37.893Z INFO  - 6e80b76a2230 Downloading 17MB / 36MB
2026-02-09T00:34:37.919Z INFO  - a40510b545e4 Downloading 18MB / 36MB
2026-02-09T00:34:37.920Z INFO  - 10ffc47270cd Downloading 18MB / 51MB
2026-02-09T00:34:37.939Z INFO  - babe2e3e3c71 Downloading 19MB / 30MB
2026-02-09T00:34:37.941Z INFO  - c3c20db5b37e Downloading 16MB / 67MB
2026-02-09T00:34:37.959Z INFO  - 42ede7a6c55a Downloading 18MB / 111MB
2026-02-09T00:34:37.968Z INFO  - 6e80b76a2230 Downloading 18MB / 36MB
2026-02-09T00:34:37.972Z INFO  - a40510b545e4 Downloading 19MB / 36MB
2026-02-09T00:34:37.988Z INFO  - babe2e3e3c71 Downloading 19MB / 30MB
2026-02-09T00:34:37.989Z INFO  - cf1f560cc9e6 Downloading 19MB / 56MB
2026-02-09T00:34:38.099Z INFO  - a40510b545e4 Downloading 20MB / 36MB
2026-02-09T00:34:38.107Z INFO  - 10ffc47270cd Downloading 19MB / 51MB
2026-02-09T00:34:38.187Z INFO  - babe2e3e3c71 Downloading 20MB / 30MB
2026-02-09T00:34:38.189Z INFO  - cf1f560cc9e6 Downloading 20MB / 56MB
2026-02-09T00:34:38.218Z INFO  - a40510b545e4 Downloading 21MB / 36MB
2026-02-09T00:34:38.278Z INFO  - 6e80b76a2230 Downloading 19MB / 36MB
2026-02-09T00:34:38.514Z INFO  - c3c20db5b37e Downloading 18MB / 67MB
2026-02-09T00:34:38.603Z INFO  - cf1f560cc9e6 Downloading 21MB / 56MB
2026-02-09T00:34:38.612Z INFO  - babe2e3e3c71 Downloading 21MB / 30MB
2026-02-09T00:34:38.643Z INFO  - 42ede7a6c55a Downloading 20MB / 111MB
2026-02-09T00:34:38.951Z INFO  - 10ffc47270cd Downloading 21MB / 51MB
2026-02-09T00:34:39.010Z INFO  - 6e80b76a2230 Downloading 21MB / 36MB
2026-02-09T00:34:39.012Z INFO  - cf1f560cc9e6 Downloading 22MB / 56MB
2026-02-09T00:34:39.112Z INFO  - a40510b545e4 Downloading 22MB / 36MB
2026-02-09T00:34:39.121Z INFO  - c3c20db5b37e Downloading 19MB / 67MB
2026-02-09T00:34:39.311Z INFO  - babe2e3e3c71 Downloading 22MB / 30MB
2026-02-09T00:34:39.421Z INFO  - a40510b545e4 Downloading 23MB / 36MB
2026-02-09T00:34:39.514Z INFO  - 6e80b76a2230 Downloading 22MB / 36MB
2026-02-09T00:34:39.664Z INFO  - 42ede7a6c55a Downloading 22MB / 111MB
2026-02-09T00:34:39.665Z INFO  - babe2e3e3c71 Downloading 23MB / 30MB
2026-02-09T00:34:39.674Z INFO  - cf1f560cc9e6 Downloading 23MB / 56MB
2026-02-09T00:34:39.770Z INFO  - 6e80b76a2230 Downloading 22MB / 36MB
2026-02-09T00:34:39.782Z INFO  - 42ede7a6c55a Downloading 23MB / 111MB
2026-02-09T00:34:39.931Z INFO  - 6e80b76a2230 Downloading 23MB / 36MB
2026-02-09T00:34:39.959Z INFO  - c3c20db5b37e Downloading 20MB / 67MB
2026-02-09T00:34:40.061Z INFO  - cf1f560cc9e6 Downloading 24MB / 56MB
2026-02-09T00:34:40.069Z INFO  - babe2e3e3c71 Downloading 24MB / 30MB
2026-02-09T00:34:40.101Z INFO  - a40510b545e4 Downloading 24MB / 36MB
2026-02-09T00:34:40.148Z INFO  - c3c20db5b37e Downloading 21MB / 67MB
2026-02-09T00:34:40.270Z INFO  - 6e80b76a2230 Downloading 24MB / 36MB
2026-02-09T00:34:40.280Z INFO  - babe2e3e3c71 Downloading 24MB / 30MB
2026-02-09T00:34:40.369Z INFO  - c3c20db5b37e Downloading 22MB / 67MB
2026-02-09T00:34:40.379Z INFO  - 6e80b76a2230 Downloading 25MB / 36MB
2026-02-09T00:34:40.410Z INFO  - a40510b545e4 Downloading 24MB / 36MB
2026-02-09T00:34:40.451Z INFO  - cf1f560cc9e6 Downloading 25MB / 56MB
2026-02-09T00:34:40.939Z INFO  - 42ede7a6c55a Downloading 24MB / 111MB
2026-02-09T00:34:40.940Z INFO  - babe2e3e3c71 Downloading 25MB / 30MB
2026-02-09T00:34:41.232Z INFO  - 10ffc47270cd Downloading 24MB / 51MB
2026-02-09T00:34:41.411Z INFO  - c3c20db5b37e Downloading 23MB / 67MB
2026-02-09T00:34:41.739Z INFO  - a40510b545e4 Downloading 25MB / 36MB
2026-02-09T00:34:41.789Z INFO  - cf1f560cc9e6 Downloading 26MB / 56MB
2026-02-09T00:34:41.798Z INFO  - 42ede7a6c55a Downloading 25MB / 111MB
2026-02-09T00:34:41.860Z INFO  - 6e80b76a2230 Downloading 26MB / 36MB
2026-02-09T00:34:41.982Z INFO  - 10ffc47270cd Downloading 26MB / 51MB
2026-02-09T00:34:41.992Z INFO  - babe2e3e3c71 Downloading 26MB / 30MB
2026-02-09T00:34:42.138Z INFO  - 6e80b76a2230 Downloading 27MB / 36MB
2026-02-09T00:34:42.160Z INFO  - cf1f560cc9e6 Downloading 28MB / 56MB
2026-02-09T00:34:42.180Z INFO  - a40510b545e4 Downloading 26MB / 36MB
2026-02-09T00:34:42.199Z INFO  - babe2e3e3c71 Downloading 26MB / 30MB
2026-02-09T00:34:42.382Z INFO  - babe2e3e3c71 Downloading 27MB / 30MB
2026-02-09T00:34:42.391Z INFO  - 42ede7a6c55a Downloading 27MB / 111MB
2026-02-09T00:34:42.418Z INFO  - c3c20db5b37e Downloading 24MB / 67MB
2026-02-09T00:34:42.449Z INFO  - cf1f560cc9e6 Downloading 29MB / 56MB
2026-02-09T00:34:42.561Z INFO  - 10ffc47270cd Downloading 27MB / 51MB
2026-02-09T00:34:42.577Z INFO  - a40510b545e4 Downloading 27MB / 36MB
2026-02-09T00:34:42.780Z INFO  - 6e80b76a2230 Downloading 28MB / 36MB
2026-02-09T00:34:42.827Z INFO  - cf1f560cc9e6 Downloading 30MB / 56MB
2026-02-09T00:34:42.908Z INFO  - a40510b545e4 Downloading 28MB / 36MB
2026-02-09T00:34:42.920Z INFO  - 42ede7a6c55a Downloading 29MB / 111MB
2026-02-09T00:34:42.979Z INFO  - 6e80b76a2230 Downloading 29MB / 36MB
2026-02-09T00:34:43.027Z INFO  - c3c20db5b37e Downloading 26MB / 67MB
2026-02-09T00:34:43.298Z INFO  - babe2e3e3c71 Downloading 29MB / 30MB
2026-02-09T00:34:43.308Z INFO  - cf1f560cc9e6 Downloading 31MB / 56MB
2026-02-09T00:34:43.318Z INFO  - a40510b545e4 Downloading 28MB / 36MB
2026-02-09T00:34:43.368Z INFO  - a40510b545e4 Downloading 29MB / 36MB
2026-02-09T00:34:43.379Z INFO  - 10ffc47270cd Downloading 28MB / 51MB
2026-02-09T00:34:43.381Z INFO  - cf1f560cc9e6 Downloading 32MB / 56MB
2026-02-09T00:34:43.492Z INFO  - 6e80b76a2230 Downloading 30MB / 36MB
2026-02-09T00:34:43.551Z INFO  - babe2e3e3c71 Downloading 30MB / 30MB
2026-02-09T00:34:43.632Z INFO  - a40510b545e4 Downloading 30MB / 36MB
2026-02-09T00:34:43.733Z INFO  - 42ede7a6c55a Downloading 31MB / 111MB
2026-02-09T00:34:43.813Z INFO  - 6e80b76a2230 Downloading 31MB / 36MB
2026-02-09T00:34:43.821Z INFO  - babe2e3e3c71 Verifying Checksum
2026-02-09T00:34:43.822Z INFO  - babe2e3e3c71 Download complete
2026-02-09T00:34:43.861Z INFO  - c3c20db5b37e Downloading 27MB / 67MB
2026-02-09T00:34:43.863Z INFO  - 42ede7a6c55a Downloading 31MB / 111MB
2026-02-09T00:34:43.914Z INFO  - cf1f560cc9e6 Downloading 33MB / 56MB
2026-02-09T00:34:44.032Z INFO  - 10ffc47270cd Downloading 29MB / 51MB
2026-02-09T00:34:44.224Z INFO  - a40510b545e4 Downloading 31MB / 36MB
2026-02-09T00:34:44.463Z INFO  - c3c20db5b37e Downloading 28MB / 67MB
2026-02-09T00:34:44.693Z INFO  - a40510b545e4 Downloading 32MB / 36MB
2026-02-09T00:34:44.783Z INFO  - 6e80b76a2230 Downloading 32MB / 36MB
2026-02-09T00:34:44.950Z INFO  - cf1f560cc9e6 Downloading 34MB / 56MB
2026-02-09T00:34:45.053Z INFO  - 6e80b76a2230 Downloading 33MB / 36MB
2026-02-09T00:34:45.180Z INFO  - 42ede7a6c55a Downloading 33MB / 111MB
2026-02-09T00:34:45.469Z INFO  - c3c20db5b37e Downloading 30MB / 67MB
2026-02-09T00:34:45.481Z INFO  - 42ede7a6c55a Downloading 34MB / 111MB
2026-02-09T00:34:45.493Z INFO  - 10ffc47270cd Downloading 30MB / 51MB
2026-02-09T00:34:46.155Z INFO  - cf1f560cc9e6 Downloading 35MB / 56MB
2026-02-09T00:34:46.276Z INFO  - 10ffc47270cd Downloading 31MB / 51MB
2026-02-09T00:34:46.285Z INFO  - c3c20db5b37e Downloading 31MB / 67MB
2026-02-09T00:34:46.354Z INFO  - a40510b545e4 Downloading 34MB / 36MB
2026-02-09T00:34:46.366Z INFO  - cf1f560cc9e6 Downloading 36MB / 56MB
2026-02-09T00:34:46.375Z INFO  - 6e80b76a2230 Downloading 34MB / 36MB
2026-02-09T00:34:46.437Z INFO  - 42ede7a6c55a Downloading 36MB / 111MB
2026-02-09T00:34:46.657Z INFO  - cf1f560cc9e6 Downloading 37MB / 56MB
2026-02-09T00:34:46.658Z INFO  - 42ede7a6c55a Downloading 36MB / 111MB
2026-02-09T00:34:46.666Z INFO  - 10ffc47270cd Downloading 32MB / 51MB
2026-02-09T00:34:46.729Z INFO  - 6e80b76a2230 Downloading 35MB / 36MB
2026-02-09T00:34:46.756Z INFO  - a40510b545e4 Downloading 34MB / 36MB
2026-02-09T00:34:46.866Z INFO  - 6e80b76a2230 Downloading 35MB / 36MB
2026-02-09T00:34:46.920Z INFO  - cf1f560cc9e6 Downloading 38MB / 56MB
2026-02-09T00:34:46.930Z INFO  - 6e80b76a2230 Verifying Checksum
2026-02-09T00:34:46.939Z INFO  - 6e80b76a2230 Download complete
2026-02-09T00:34:46.989Z INFO  - 10ffc47270cd Downloading 33MB / 51MB
2026-02-09T00:34:47.139Z INFO  - a40510b545e4 Downloading 36MB / 36MB
2026-02-09T00:34:47.158Z INFO  - c3c20db5b37e Downloading 33MB / 67MB
2026-02-09T00:34:47.221Z INFO  - a40510b545e4 Verifying Checksum
2026-02-09T00:34:47.240Z INFO  - a40510b545e4 Download complete
2026-02-09T00:34:47.282Z INFO  - cf1f560cc9e6 Downloading 40MB / 56MB
2026-02-09T00:34:47.291Z INFO  - 42ede7a6c55a Downloading 38MB / 111MB
2026-02-09T00:34:47.321Z INFO  - c3c20db5b37e Downloading 34MB / 67MB
2026-02-09T00:34:47.449Z INFO  - 42ede7a6c55a Downloading 38MB / 111MB
2026-02-09T00:34:47.501Z INFO  - cf1f560cc9e6 Downloading 41MB / 56MB
2026-02-09T00:34:47.512Z INFO  - 10ffc47270cd Downloading 35MB / 51MB
2026-02-09T00:34:47.651Z INFO  - c3c20db5b37e Downloading 35MB / 67MB
2026-02-09T00:34:47.743Z INFO  - cf1f560cc9e6 Downloading 42MB / 56MB
2026-02-09T00:34:47.842Z INFO  - 10ffc47270cd Downloading 36MB / 51MB
2026-02-09T00:34:47.932Z INFO  - c3c20db5b37e Downloading 36MB / 67MB
2026-02-09T00:34:47.942Z INFO  - 42ede7a6c55a Downloading 40MB / 111MB
2026-02-09T00:34:47.971Z INFO  - cf1f560cc9e6 Downloading 43MB / 56MB
2026-02-09T00:34:48.190Z INFO  - 10ffc47270cd Downloading 37MB / 51MB
2026-02-09T00:34:48.240Z INFO  - cf1f560cc9e6 Downloading 44MB / 56MB
2026-02-09T00:34:48.281Z INFO  - c3c20db5b37e Downloading 38MB / 67MB
2026-02-09T00:34:48.291Z INFO  - 42ede7a6c55a Downloading 42MB / 111MB
2026-02-09T00:34:48.372Z INFO  - cf1f560cc9e6 Downloading 45MB / 56MB
2026-02-09T00:34:48.391Z INFO  - 10ffc47270cd Downloading 38MB / 51MB
2026-02-09T00:34:48.581Z INFO  - c3c20db5b37e Downloading 39MB / 67MB
2026-02-09T00:34:48.658Z INFO  - c3c20db5b37e Downloading 39MB / 67MB
2026-02-09T00:34:48.697Z INFO  - cf1f560cc9e6 Downloading 46MB / 56MB
2026-02-09T00:34:48.739Z INFO  - 10ffc47270cd Downloading 39MB / 51MB
2026-02-09T00:34:48.856Z INFO  - c3c20db5b37e Downloading 40MB / 67MB
2026-02-09T00:34:48.868Z INFO  - cf1f560cc9e6 Downloading 47MB / 56MB
2026-02-09T00:34:49.006Z INFO  - 42ede7a6c55a Downloading 45MB / 111MB
2026-02-09T00:34:49.046Z INFO  - cf1f560cc9e6 Downloading 48MB / 56MB
2026-02-09T00:34:49.117Z INFO  - 10ffc47270cd Downloading 41MB / 51MB
2026-02-09T00:34:49.397Z INFO  - cf1f560cc9e6 Downloading 49MB / 56MB
2026-02-09T00:34:49.496Z INFO  - 42ede7a6c55a Downloading 47MB / 111MB
2026-02-09T00:34:49.520Z INFO  - c3c20db5b37e Downloading 43MB / 67MB
2026-02-09T00:34:49.548Z INFO  - 10ffc47270cd Downloading 43MB / 51MB
2026-02-09T00:34:49.787Z INFO  - c3c20db5b37e Downloading 45MB / 67MB
2026-02-09T00:34:49.817Z INFO  - cf1f560cc9e6 Downloading 51MB / 56MB
2026-02-09T00:34:49.908Z INFO  - 42ede7a6c55a Downloading 49MB / 111MB
2026-02-09T00:34:49.945Z INFO  - 10ffc47270cd Downloading 44MB / 51MB
2026-02-09T00:34:50.096Z INFO  - 10ffc47270cd Downloading 45MB / 51MB
2026-02-09T00:34:50.456Z INFO  - c3c20db5b37e Downloading 46MB / 67MB
2026-02-09T00:34:50.526Z INFO  - 10ffc47270cd Downloading 46MB / 51MB
2026-02-09T00:34:50.537Z INFO  - 42ede7a6c55a Downloading 51MB / 111MB
2026-02-09T00:34:50.837Z INFO  - 42ede7a6c55a Downloading 52MB / 111MB
2026-02-09T00:34:50.910Z INFO  - cf1f560cc9e6 Downloading 53MB / 56MB
2026-02-09T00:34:51.108Z INFO  - c3c20db5b37e Downloading 47MB / 67MB
2026-02-09T00:34:51.189Z INFO  - 10ffc47270cd Downloading 47MB / 51MB
2026-02-09T00:34:51.580Z INFO  - c3c20db5b37e Downloading 48MB / 67MB
2026-02-09T00:34:51.778Z INFO  - 10ffc47270cd Downloading 48MB / 51MB
2026-02-09T00:34:52.439Z INFO  - c3c20db5b37e Downloading 49MB / 67MB
2026-02-09T00:34:52.459Z INFO  - cf1f560cc9e6 Downloading 54MB / 56MB
2026-02-09T00:34:52.559Z INFO  - 10ffc47270cd Downloading 49MB / 51MB
2026-02-09T00:34:52.668Z INFO  - 42ede7a6c55a Downloading 53MB / 111MB
2026-02-09T00:34:52.853Z INFO  - cf1f560cc9e6 Downloading 55MB / 56MB
2026-02-09T00:34:52.962Z INFO  - 42ede7a6c55a Downloading 54MB / 111MB
2026-02-09T00:34:52.973Z INFO  - 10ffc47270cd Verifying Checksum
2026-02-09T00:34:52.991Z INFO  - 10ffc47270cd Download complete
2026-02-09T00:34:53.411Z INFO  - c3c20db5b37e Downloading 50MB / 67MB
2026-02-09T00:34:53.502Z INFO  - cf1f560cc9e6 Downloading 56MB / 56MB
2026-02-09T00:34:54.250Z INFO  - c3c20db5b37e Downloading 51MB / 67MB
2026-02-09T00:34:54.261Z INFO  - cf1f560cc9e6 Verifying Checksum
2026-02-09T00:34:54.262Z INFO  - cf1f560cc9e6 Download complete
2026-02-09T00:34:54.291Z INFO  - 42ede7a6c55a Downloading 56MB / 111MB
2026-02-09T00:34:54.428Z INFO  - 42ede7a6c55a Downloading 56MB / 111MB
2026-02-09T00:34:54.506Z INFO  - c3c20db5b37e Downloading 52MB / 67MB
2026-02-09T00:34:55.451Z INFO  - c3c20db5b37e Downloading 53MB / 67MB
2026-02-09T00:34:55.612Z INFO  - 10ffc47270cd Extracting 1MB / 51MB
2026-02-09T00:34:55.621Z INFO  - 42ede7a6c55a Downloading 58MB / 111MB
2026-02-09T00:34:55.763Z INFO  - 42ede7a6c55a Downloading 58MB / 111MB
2026-02-09T00:34:55.906Z INFO  - c3c20db5b37e Downloading 54MB / 67MB
2026-02-09T00:34:56.152Z INFO  - c3c20db5b37e Downloading 54MB / 67MB
2026-02-09T00:34:56.171Z INFO  - 42ede7a6c55a Downloading 60MB / 111MB
2026-02-09T00:34:56.403Z INFO  - 42ede7a6c55a Downloading 61MB / 111MB
2026-02-09T00:34:56.672Z INFO  - c3c20db5b37e Downloading 55MB / 67MB
2026-02-09T00:34:57.071Z INFO  - 10ffc47270cd Extracting 2MB / 51MB
2026-02-09T00:34:57.112Z INFO  - 42ede7a6c55a Downloading 62MB / 111MB
2026-02-09T00:34:57.114Z INFO  - c3c20db5b37e Downloading 57MB / 67MB
2026-02-09T00:34:57.572Z INFO  - 42ede7a6c55a Downloading 64MB / 111MB
2026-02-09T00:34:57.735Z INFO  - 42ede7a6c55a Downloading 65MB / 111MB
2026-02-09T00:34:57.774Z INFO  - c3c20db5b37e Downloading 61MB / 67MB
2026-02-09T00:34:58.185Z INFO  - c3c20db5b37e Downloading 62MB / 67MB
2026-02-09T00:34:58.345Z INFO  - 42ede7a6c55a Downloading 67MB / 111MB
2026-02-09T00:34:58.446Z INFO  - 42ede7a6c55a Downloading 67MB / 111MB
2026-02-09T00:34:58.636Z INFO  - c3c20db5b37e Downloading 63MB / 67MB
2026-02-09T00:34:58.705Z INFO  - 42ede7a6c55a Downloading 69MB / 111MB
2026-02-09T00:34:58.726Z INFO  - c3c20db5b37e Downloading 65MB / 67MB
2026-02-09T00:34:58.876Z INFO  - c3c20db5b37e Downloading 66MB / 67MB
2026-02-09T00:34:58.917Z INFO  - 10ffc47270cd Extracting 3MB / 51MB
2026-02-09T00:34:59.040Z INFO  - 42ede7a6c55a Downloading 72MB / 111MB
2026-02-09T00:34:59.078Z INFO  - c3c20db5b37e Verifying Checksum
2026-02-09T00:34:59.079Z INFO  - c3c20db5b37e Download complete
2026-02-09T00:34:59.358Z INFO  - 42ede7a6c55a Downloading 73MB / 111MB
2026-02-09T00:34:59.558Z INFO  - 42ede7a6c55a Downloading 74MB / 111MB
2026-02-09T00:34:59.958Z INFO  - 10ffc47270cd Extracting 5MB / 51MB
2026-02-09T00:35:00.412Z INFO  - 42ede7a6c55a Downloading 75MB / 111MB
2026-02-09T00:35:00.553Z INFO  - 42ede7a6c55a Downloading 76MB / 111MB
2026-02-09T00:35:01.878Z INFO  - 42ede7a6c55a Downloading 78MB / 111MB
2026-02-09T00:35:02.458Z INFO  - 42ede7a6c55a Downloading 79MB / 111MB
2026-02-09T00:35:03.108Z INFO  - 42ede7a6c55a Downloading 80MB / 111MB
2026-02-09T00:35:03.150Z INFO  - 10ffc47270cd Extracting 6MB / 51MB
2026-02-09T00:35:03.382Z INFO  - 42ede7a6c55a Downloading 81MB / 111MB
2026-02-09T00:35:04.114Z INFO  - 42ede7a6c55a Downloading 82MB / 111MB
2026-02-09T00:35:04.378Z INFO  - 42ede7a6c55a Downloading 83MB / 111MB
2026-02-09T00:35:04.647Z INFO  - 42ede7a6c55a Downloading 85MB / 111MB
2026-02-09T00:35:04.978Z INFO  - 42ede7a6c55a Downloading 87MB / 111MB
2026-02-09T00:35:05.069Z INFO  - 10ffc47270cd Extracting 7MB / 51MB
2026-02-09T00:35:05.469Z INFO  - 42ede7a6c55a Downloading 89MB / 111MB
2026-02-09T00:35:06.496Z INFO  - 42ede7a6c55a Downloading 91MB / 111MB
2026-02-09T00:35:06.514Z INFO  - 42ede7a6c55a Downloading 94MB / 111MB
2026-02-09T00:35:06.515Z INFO  - 42ede7a6c55a Downloading 94MB / 111MB
2026-02-09T00:35:07.510Z INFO  - 42ede7a6c55a Downloading 96MB / 111MB
2026-02-09T00:35:07.512Z INFO  - 10ffc47270cd Extracting 9MB / 51MB
2026-02-09T00:35:07.513Z INFO  - 42ede7a6c55a Downloading 96MB / 111MB
2026-02-09T00:35:07.522Z INFO  - 42ede7a6c55a Downloading 98MB / 111MB
2026-02-09T00:35:07.530Z INFO  - 42ede7a6c55a Downloading 98MB / 111MB
2026-02-09T00:35:08.511Z INFO  - 10ffc47270cd Extracting 10MB / 51MB
2026-02-09T00:35:08.519Z INFO  - 42ede7a6c55a Downloading 100MB / 111MB
2026-02-09T00:35:08.521Z INFO  - 42ede7a6c55a Downloading 103MB / 111MB
2026-02-09T00:35:08.522Z INFO  - 10ffc47270cd Extracting 11MB / 51MB
2026-02-09T00:35:08.529Z INFO  - 42ede7a6c55a Downloading 105MB / 111MB
2026-02-09T00:35:09.521Z INFO  - 42ede7a6c55a Downloading 107MB / 111MB
2026-02-09T00:35:09.530Z INFO  - 42ede7a6c55a Downloading 109MB / 111MB
2026-02-09T00:35:09.540Z INFO  - 10ffc47270cd Extracting 12MB / 51MB
2026-02-09T00:35:09.742Z INFO  - 42ede7a6c55a Verifying Checksum
2026-02-09T00:35:09.751Z INFO  - 42ede7a6c55a Download complete
2026-02-09T00:35:11.158Z INFO  - 10ffc47270cd Extracting 13MB / 51MB
2026-02-09T00:35:12.518Z INFO  - 10ffc47270cd Extracting 16MB / 51MB
2026-02-09T00:35:12.978Z INFO  - 10ffc47270cd Extracting 17MB / 51MB
2026-02-09T00:35:16.152Z INFO  - 10ffc47270cd Extracting 22MB / 51MB
2026-02-09T00:35:17.107Z INFO  - 10ffc47270cd Extracting 23MB / 51MB
2026-02-09T00:35:17.412Z INFO  - 10ffc47270cd Extracting 24MB / 51MB
2026-02-09T00:35:19.354Z INFO  - 10ffc47270cd Extracting 26MB / 51MB
2026-02-09T00:35:20.459Z INFO  - 10ffc47270cd Extracting 28MB / 51MB
2026-02-09T00:35:21.578Z INFO  - 10ffc47270cd Extracting 31MB / 51MB
2026-02-09T00:35:22.260Z INFO  - 10ffc47270cd Extracting 35MB / 51MB
2026-02-09T00:35:24.961Z INFO  - 10ffc47270cd Extracting 38MB / 51MB
2026-02-09T00:35:26.726Z INFO  - 10ffc47270cd Extracting 39MB / 51MB
2026-02-09T00:35:29.388Z INFO  - 10ffc47270cd Extracting 42MB / 51MB
2026-02-09T00:35:31.566Z INFO  - 10ffc47270cd Extracting 43MB / 51MB
2026-02-09T00:35:33.540Z INFO  - 10ffc47270cd Extracting 47MB / 51MB
2026-02-09T00:35:34.955Z INFO  - 10ffc47270cd Extracting 48MB / 51MB
2026-02-09T00:35:36.568Z INFO  - 10ffc47270cd Extracting 49MB / 51MB
2026-02-09T00:35:43.535Z INFO  - 10ffc47270cd Extracting 50MB / 51MB
2026-02-09T00:35:49.414Z INFO  - 10ffc47270cd Extracting 51MB / 51MB
2026-02-09T00:35:49.605Z INFO  - 10ffc47270cd Pull complete
2026-02-09T00:35:53.402Z INFO  - babe2e3e3c71 Extracting 640KB / 30MB
2026-02-09T00:35:53.910Z INFO  - babe2e3e3c71 Extracting 1MB / 30MB
2026-02-09T00:35:55.505Z INFO  - babe2e3e3c71 Extracting 3MB / 30MB
2026-02-09T00:35:56.114Z INFO  - babe2e3e3c71 Extracting 3MB / 30MB
2026-02-09T00:35:56.576Z INFO  - babe2e3e3c71 Extracting 4MB / 30MB
2026-02-09T00:35:57.162Z INFO  - babe2e3e3c71 Extracting 5MB / 30MB
2026-02-09T00:35:57.857Z INFO  - babe2e3e3c71 Extracting 5MB / 30MB
2026-02-09T00:35:58.996Z INFO  - babe2e3e3c71 Extracting 6MB / 30MB
2026-02-09T00:35:59.810Z INFO  - babe2e3e3c71 Extracting 6MB / 30MB
2026-02-09T00:36:04.814Z INFO  - babe2e3e3c71 Extracting 8MB / 30MB
2026-02-09T00:36:05.482Z INFO  - babe2e3e3c71 Extracting 8MB / 30MB
2026-02-09T00:36:06.425Z INFO  - babe2e3e3c71 Extracting 9MB / 30MB
2026-02-09T00:36:06.762Z INFO  - babe2e3e3c71 Extracting 10MB / 30MB
2026-02-09T00:36:07.350Z INFO  - babe2e3e3c71 Extracting 10MB / 30MB
2026-02-09T00:36:08.657Z INFO  - babe2e3e3c71 Extracting 11MB / 30MB
2026-02-09T00:36:10.232Z INFO  - babe2e3e3c71 Extracting 11MB / 30MB
2026-02-09T00:36:12.296Z INFO  - babe2e3e3c71 Extracting 12MB / 30MB
2026-02-09T00:36:17.639Z INFO  - babe2e3e3c71 Extracting 13MB / 30MB
2026-02-09T00:36:19.564Z INFO  - babe2e3e3c71 Extracting 14MB / 30MB
2026-02-09T00:36:21.221Z INFO  - babe2e3e3c71 Extracting 15MB / 30MB
2026-02-09T00:36:22.134Z INFO  - babe2e3e3c71 Extracting 15MB / 30MB
2026-02-09T00:36:23.076Z INFO  - babe2e3e3c71 Extracting 16MB / 30MB
2026-02-09T00:36:23.306Z INFO  - babe2e3e3c71 Extracting 17MB / 30MB
2026-02-09T00:36:23.787Z INFO  - babe2e3e3c71 Extracting 17MB / 30MB
2026-02-09T00:36:25.009Z INFO  - babe2e3e3c71 Extracting 18MB / 30MB
2026-02-09T00:36:25.681Z INFO  - babe2e3e3c71 Extracting 19MB / 30MB
2026-02-09T00:36:26.838Z INFO  - babe2e3e3c71 Extracting 19MB / 30MB
2026-02-09T00:36:28.380Z INFO  - babe2e3e3c71 Extracting 21MB / 30MB
2026-02-09T00:36:28.892Z INFO  - babe2e3e3c71 Extracting 22MB / 30MB
2026-02-09T00:36:29.373Z INFO  - babe2e3e3c71 Extracting 22MB / 30MB
2026-02-09T00:36:30.169Z INFO  - babe2e3e3c71 Extracting 23MB / 30MB
2026-02-09T00:36:30.999Z INFO  - babe2e3e3c71 Extracting 24MB / 30MB
2026-02-09T00:36:32.281Z INFO  - babe2e3e3c71 Extracting 25MB / 30MB
2026-02-09T00:36:32.753Z INFO  - babe2e3e3c71 Extracting 26MB / 30MB
2026-02-09T00:36:33.803Z INFO  - babe2e3e3c71 Extracting 26MB / 30MB
2026-02-09T00:36:34.487Z INFO  - babe2e3e3c71 Extracting 27MB / 30MB
2026-02-09T00:36:35.208Z INFO  - babe2e3e3c71 Extracting 28MB / 30MB
2026-02-09T00:36:35.607Z INFO  - babe2e3e3c71 Extracting 30MB / 30MB
2026-02-09T00:36:35.726Z INFO  - babe2e3e3c71 Extracting 30MB / 30MB
2026-02-09T00:36:36.025Z INFO  - babe2e3e3c71 Pull complete
2026-02-09T00:36:36.077Z INFO  - 4f4fb700ef54 Extracting 32B / 32B
2026-02-09T00:36:36.213Z INFO  - 4f4fb700ef54 Extracting 32B / 32B
2026-02-09T00:36:36.442Z INFO  - 4f4fb700ef54 Pull complete
2026-02-09T00:36:36.484Z INFO  - f7943b878c5a Extracting 386B / 386B
2026-02-09T00:36:36.664Z INFO  - f7943b878c5a Extracting 386B / 386B
2026-02-09T00:36:36.882Z INFO  - f7943b878c5a Pull complete
2026-02-09T00:36:37.012Z INFO  - bf91c9135236 Extracting 131B / 131B
2026-02-09T00:36:37.044Z INFO  - bf91c9135236 Extracting 131B / 131B
2026-02-09T00:36:37.232Z INFO  - bf91c9135236 Pull complete
2026-02-09T00:36:37.262Z INFO  - a49b20bb820c Extracting 32KB / 250KB
2026-02-09T00:36:37.511Z INFO  - a49b20bb820c Extracting 250KB / 250KB
2026-02-09T00:36:37.633Z INFO  - a49b20bb820c Extracting 250KB / 250KB
2026-02-09T00:36:37.682Z INFO  - a49b20bb820c Pull complete
2026-02-09T00:36:37.711Z INFO  - 2019780686b0 Extracting 2KB / 2KB
2026-02-09T00:36:37.853Z INFO  - 2019780686b0 Extracting 2KB / 2KB
2026-02-09T00:36:37.981Z INFO  - 2019780686b0 Pull complete
2026-02-09T00:36:38.727Z INFO  - ccbe65ed435b Extracting 64KB / 433KB
2026-02-09T00:36:39.366Z INFO  - ccbe65ed435b Extracting 192KB / 433KB
2026-02-09T00:36:39.374Z INFO  - ccbe65ed435b Extracting 384KB / 433KB
2026-02-09T00:36:39.484Z INFO  - ccbe65ed435b Extracting 433KB / 433KB
2026-02-09T00:36:39.493Z INFO  - ccbe65ed435b Extracting 433KB / 433KB
2026-02-09T00:36:39.784Z INFO  - ccbe65ed435b Pull complete
2026-02-09T00:36:39.812Z INFO  - b0399d4f1093 Extracting 187B / 187B
2026-02-09T00:36:39.894Z INFO  - b0399d4f1093 Extracting 187B / 187B
2026-02-09T00:36:40.071Z INFO  - b0399d4f1093 Pull complete
2026-02-09T00:36:40.131Z INFO  - 4296d9e49093 Extracting 32KB / 1MB
2026-02-09T00:36:40.974Z INFO  - 4296d9e49093 Extracting 1MB / 1MB
2026-02-09T00:36:41.893Z INFO  - 4296d9e49093 Pull complete
2026-02-09T00:36:41.904Z INFO  - f501553e1eeb Extracting 32KB / 39KB
2026-02-09T00:36:42.087Z INFO  - f501553e1eeb Extracting 39KB / 39KB
2026-02-09T00:36:42.135Z INFO  - f501553e1eeb Extracting 39KB / 39KB
2026-02-09T00:36:42.264Z INFO  - f501553e1eeb Pull complete
2026-02-09T00:36:42.315Z INFO  - 67c9ba2ac3e9 Extracting 12KB / 12KB
2026-02-09T00:36:42.624Z INFO  - 67c9ba2ac3e9 Extracting 12KB / 12KB
2026-02-09T00:36:43.403Z INFO  - 67c9ba2ac3e9 Pull complete
2026-02-09T00:36:43.693Z INFO  - f87a5dc3ab54 Extracting 14KB / 14KB
2026-02-09T00:36:44.032Z INFO  - f87a5dc3ab54 Extracting 14KB / 14KB
2026-02-09T00:36:44.232Z INFO  - f87a5dc3ab54 Pull complete
2026-02-09T00:36:50.963Z INFO  - cf1f560cc9e6 Extracting 544KB / 56MB
2026-02-09T00:36:57.241Z INFO  - cf1f560cc9e6 Extracting 1MB / 56MB
2026-02-09T00:36:57.867Z INFO  - cf1f560cc9e6 Extracting 2MB / 56MB
2026-02-09T00:36:58.850Z INFO  - cf1f560cc9e6 Extracting 3MB / 56MB
2026-02-09T00:36:59.120Z INFO  - cf1f560cc9e6 Extracting 4MB / 56MB
2026-02-09T00:36:59.771Z INFO  - cf1f560cc9e6 Extracting 5MB / 56MB
2026-02-09T00:37:01.259Z INFO  - cf1f560cc9e6 Extracting 6MB / 56MB
2026-02-09T00:37:03.583Z INFO  - cf1f560cc9e6 Extracting 7MB / 56MB
2026-02-09T00:37:04.458Z INFO  - cf1f560cc9e6 Extracting 8MB / 56MB
2026-02-09T00:37:07.666Z INFO  - cf1f560cc9e6 Extracting 9MB / 56MB
2026-02-09T00:37:09.183Z INFO  - cf1f560cc9e6 Extracting 10MB / 56MB
2026-02-09T00:37:10.551Z INFO  - cf1f560cc9e6 Extracting 11MB / 56MB
2026-02-09T00:37:11.902Z INFO  - cf1f560cc9e6 Extracting 12MB / 56MB
2026-02-09T00:37:16.176Z INFO  - cf1f560cc9e6 Extracting 13MB / 56MB
2026-02-09T00:37:16.965Z INFO  - cf1f560cc9e6 Extracting 14MB / 56MB
2026-02-09T00:37:18.382Z INFO  - cf1f560cc9e6 Extracting 15MB / 56MB
2026-02-09T00:37:19.070Z INFO  - cf1f560cc9e6 Extracting 16MB / 56MB
2026-02-09T00:37:19.588Z INFO  - cf1f560cc9e6 Extracting 17MB / 56MB
2026-02-09T00:37:20.653Z INFO  - cf1f560cc9e6 Extracting 18MB / 56MB
2026-02-09T00:37:22.465Z INFO  - cf1f560cc9e6 Extracting 19MB / 56MB
2026-02-09T00:37:23.648Z INFO  - cf1f560cc9e6 Extracting 22MB / 56MB
2026-02-09T00:37:25.338Z INFO  - cf1f560cc9e6 Extracting 24MB / 56MB
2026-02-09T00:37:28.370Z INFO  - cf1f560cc9e6 Extracting 25MB / 56MB
2026-02-09T00:37:28.956Z INFO  - cf1f560cc9e6 Extracting 26MB / 56MB
2026-02-09T00:37:30.378Z INFO  - cf1f560cc9e6 Extracting 27MB / 56MB
2026-02-09T00:37:31.603Z INFO  - cf1f560cc9e6 Extracting 28MB / 56MB
2026-02-09T00:37:32.735Z INFO  - cf1f560cc9e6 Extracting 29MB / 56MB
2026-02-09T00:37:34.484Z INFO  - cf1f560cc9e6 Extracting 30MB / 56MB
2026-02-09T00:37:36.667Z INFO  - cf1f560cc9e6 Extracting 32MB / 56MB
2026-02-09T00:37:38.124Z INFO  - cf1f560cc9e6 Extracting 33MB / 56MB
2026-02-09T00:37:40.802Z INFO  - cf1f560cc9e6 Extracting 34MB / 56MB
2026-02-09T00:37:47.161Z INFO  - cf1f560cc9e6 Extracting 37MB / 56MB
2026-02-09T00:37:48.962Z INFO  - cf1f560cc9e6 Extracting 38MB / 56MB
2026-02-09T00:37:52.730Z INFO  - cf1f560cc9e6 Extracting 39MB / 56MB
2026-02-09T00:37:53.720Z INFO  - cf1f560cc9e6 Extracting 40MB / 56MB
2026-02-09T00:37:57.320Z INFO  - cf1f560cc9e6 Extracting 41MB / 56MB
2026-02-09T00:38:01.490Z INFO  - cf1f560cc9e6 Extracting 42MB / 56MB
2026-02-09T00:38:04.247Z INFO  - cf1f560cc9e6 Extracting 43MB / 56MB
2026-02-09T00:38:06.703Z INFO  - cf1f560cc9e6 Extracting 44MB / 56MB
2026-02-09T00:38:08.310Z INFO  - cf1f560cc9e6 Extracting 45MB / 56MB
2026-02-09T00:38:08.940Z INFO  - cf1f560cc9e6 Extracting 46MB / 56MB
2026-02-09T00:38:10.674Z INFO  - cf1f560cc9e6 Extracting 47MB / 56MB
2026-02-09T00:38:11.845Z INFO  - cf1f560cc9e6 Extracting 48MB / 56MB
2026-02-09T00:38:13.860Z INFO  - cf1f560cc9e6 Extracting 49MB / 56MB
2026-02-09T00:38:15.130Z INFO  - cf1f560cc9e6 Extracting 50MB / 56MB
2026-02-09T00:38:15.751Z INFO  - cf1f560cc9e6 Extracting 51MB / 56MB
2026-02-09T00:38:16.749Z INFO  - cf1f560cc9e6 Extracting 52MB / 56MB
2026-02-09T00:38:17.569Z INFO  - cf1f560cc9e6 Extracting 53MB / 56MB
2026-02-09T00:38:18.580Z INFO  - cf1f560cc9e6 Extracting 54MB / 56MB
2026-02-09T00:38:19.372Z INFO  - cf1f560cc9e6 Extracting 55MB / 56MB
2026-02-09T00:38:19.753Z INFO  - cf1f560cc9e6 Extracting 56MB / 56MB
2026-02-09T00:38:20.565Z INFO  - cf1f560cc9e6 Extracting 56MB / 56MB
2026-02-09T00:38:20.898Z INFO  - cf1f560cc9e6 Pull complete
2026-02-09T00:38:20.916Z INFO  - 614898d2f6e8 Extracting 32KB / 1MB
2026-02-09T00:38:21.459Z INFO  - 614898d2f6e8 Extracting 256KB / 1MB
2026-02-09T00:38:21.607Z INFO  - 614898d2f6e8 Extracting 1MB / 1MB
2026-02-09T00:38:21.747Z INFO  - 614898d2f6e8 Pull complete
2026-02-09T00:38:21.787Z INFO  - 67d8ea62776d Extracting 32KB / 39KB
2026-02-09T00:38:22.236Z INFO  - 67d8ea62776d Extracting 39KB / 39KB
2026-02-09T00:38:22.469Z INFO  - 67d8ea62776d Pull complete
2026-02-09T00:38:22.558Z INFO  - a8698dba3c16 Extracting 12KB / 12KB
2026-02-09T00:38:22.647Z INFO  - a8698dba3c16 Extracting 12KB / 12KB
2026-02-09T00:38:22.778Z INFO  - a8698dba3c16 Pull complete
2026-02-09T00:38:22.817Z INFO  - 4223ad926969 Extracting 14KB / 14KB
2026-02-09T00:38:23.168Z INFO  - 4223ad926969 Extracting 14KB / 14KB
2026-02-09T00:38:23.318Z INFO  - 4223ad926969 Pull complete
2026-02-09T00:38:24.099Z INFO  - d17bda710013 Extracting 1KB / 1KB
2026-02-09T00:38:24.169Z INFO  - d17bda710013 Extracting 1KB / 1KB
2026-02-09T00:38:24.408Z INFO  - d17bda710013 Pull complete
2026-02-09T00:38:24.890Z INFO  - ca4cad3a1f11 Extracting 2KB / 2KB
2026-02-09T00:38:25.002Z INFO  - ca4cad3a1f11 Extracting 2KB / 2KB
2026-02-09T00:38:25.162Z INFO  - ca4cad3a1f11 Pull complete
2026-02-09T00:38:25.492Z INFO  - 4dab2df7fe81 Extracting 508B / 508B
2026-02-09T00:38:25.571Z INFO  - 4dab2df7fe81 Extracting 508B / 508B
2026-02-09T00:38:25.633Z INFO  - 4dab2df7fe81 Pull complete
2026-02-09T00:38:25.974Z INFO  - e5c3f3249afb Extracting 527B / 527B
2026-02-09T00:38:26.175Z INFO  - e5c3f3249afb Extracting 527B / 527B
2026-02-09T00:38:26.273Z INFO  - e5c3f3249afb Pull complete
2026-02-09T00:38:26.723Z INFO  - 6df8253f371a Extracting 527B / 527B
2026-02-09T00:38:26.843Z INFO  - 6df8253f371a Extracting 527B / 527B
2026-02-09T00:38:27.800Z INFO  - 6df8253f371a Pull complete
2026-02-09T00:38:27.852Z INFO  - 219dc8274a65 Extracting 2KB / 2KB
2026-02-09T00:38:28.181Z INFO  - 219dc8274a65 Extracting 2KB / 2KB
2026-02-09T00:38:28.490Z INFO  - 219dc8274a65 Pull complete
2026-02-09T00:38:33.318Z INFO  - 42ede7a6c55a Extracting 544KB / 111MB
2026-02-09T00:38:33.837Z INFO  - 42ede7a6c55a Extracting 1MB / 111MB
2026-02-09T00:38:36.650Z INFO  - 42ede7a6c55a Extracting 2MB / 111MB
2026-02-09T00:38:37.002Z INFO  - 42ede7a6c55a Extracting 4MB / 111MB
2026-02-09T00:38:38.252Z INFO  - 42ede7a6c55a Extracting 6MB / 111MB
2026-02-09T00:38:38.461Z INFO  - 42ede7a6c55a Extracting 7MB / 111MB
2026-02-09T00:38:40.357Z INFO  - 42ede7a6c55a Extracting 9MB / 111MB
2026-02-09T00:38:40.786Z INFO  - 42ede7a6c55a Extracting 9MB / 111MB
2026-02-09T00:38:43.088Z INFO  - 42ede7a6c55a Extracting 12MB / 111MB
2026-02-09T00:38:44.624Z INFO  - 42ede7a6c55a Extracting 14MB / 111MB
2026-02-09T00:38:45.336Z INFO  - 42ede7a6c55a Extracting 15MB / 111MB
2026-02-09T00:38:46.174Z INFO  - 42ede7a6c55a Extracting 16MB / 111MB
2026-02-09T00:38:46.817Z INFO  - 42ede7a6c55a Extracting 18MB / 111MB
2026-02-09T00:38:47.249Z INFO  - 42ede7a6c55a Extracting 18MB / 111MB
2026-02-09T00:38:48.222Z INFO  - 42ede7a6c55a Extracting 20MB / 111MB
2026-02-09T00:38:48.426Z INFO  - 42ede7a6c55a Extracting 20MB / 111MB
2026-02-09T00:38:53.167Z INFO  - 42ede7a6c55a Extracting 29MB / 111MB
2026-02-09T00:38:53.970Z INFO  - 42ede7a6c55a Extracting 31MB / 111MB
2026-02-09T00:38:54.582Z INFO  - 42ede7a6c55a Extracting 34MB / 111MB
2026-02-09T00:38:54.927Z INFO  - 42ede7a6c55a Extracting 34MB / 111MB
2026-02-09T00:38:55.487Z INFO  - 42ede7a6c55a Extracting 36MB / 111MB
2026-02-09T00:38:55.862Z INFO  - 42ede7a6c55a Extracting 36MB / 111MB
2026-02-09T00:38:56.800Z INFO  - 42ede7a6c55a Extracting 38MB / 111MB
2026-02-09T00:38:57.609Z INFO  - 42ede7a6c55a Extracting 40MB / 111MB
2026-02-09T00:38:57.877Z INFO  - 42ede7a6c55a Extracting 40MB / 111MB
2026-02-09T00:38:59.428Z INFO  - 42ede7a6c55a Extracting 42MB / 111MB
2026-02-09T00:38:59.709Z INFO  - 42ede7a6c55a Extracting 43MB / 111MB
2026-02-09T00:39:01.144Z INFO  - 42ede7a6c55a Extracting 45MB / 111MB
2026-02-09T00:39:01.354Z INFO  - 42ede7a6c55a Extracting 45MB / 111MB
2026-02-09T00:39:02.696Z INFO  - 42ede7a6c55a Extracting 47MB / 111MB
2026-02-09T00:39:02.908Z INFO  - 42ede7a6c55a Extracting 47MB / 111MB
2026-02-09T00:39:03.855Z INFO  - 42ede7a6c55a Extracting 49MB / 111MB
2026-02-09T00:39:04.418Z INFO  - 42ede7a6c55a Extracting 52MB / 111MB
2026-02-09T00:39:04.770Z INFO  - 42ede7a6c55a Extracting 53MB / 111MB
2026-02-09T00:39:06.674Z INFO  - 42ede7a6c55a Extracting 58MB / 111MB
2026-02-09T00:39:10.702Z INFO  - 42ede7a6c55a Extracting 60MB / 111MB
2026-02-09T00:39:13.198Z INFO  - 42ede7a6c55a Extracting 64MB / 111MB
2026-02-09T00:39:13.488Z INFO  - 42ede7a6c55a Extracting 65MB / 111MB
2026-02-09T00:39:19.251Z INFO  - 42ede7a6c55a Extracting 68MB / 111MB
2026-02-09T00:39:19.791Z INFO  - 42ede7a6c55a Extracting 69MB / 111MB
2026-02-09T00:39:20.739Z INFO  - 42ede7a6c55a Extracting 71MB / 111MB
2026-02-09T00:39:20.747Z INFO  - 42ede7a6c55a Extracting 72MB / 111MB
2026-02-09T00:39:23.671Z INFO  - 42ede7a6c55a Extracting 74MB / 111MB
2026-02-09T00:39:25.719Z INFO  - 42ede7a6c55a Extracting 76MB / 111MB
2026-02-09T00:39:36.655Z INFO  - 42ede7a6c55a Extracting 78MB / 111MB
2026-02-09T00:39:40.642Z INFO  - 42ede7a6c55a Extracting 81MB / 111MB
2026-02-09T00:39:42.083Z INFO  - 42ede7a6c55a Extracting 83MB / 111MB
2026-02-09T00:39:43.232Z INFO  - 42ede7a6c55a Extracting 85MB / 111MB
2026-02-09T00:39:44.773Z INFO  - 42ede7a6c55a Extracting 87MB / 111MB
2026-02-09T00:39:45.842Z INFO  - 42ede7a6c55a Extracting 87MB / 111MB
2026-02-09T00:39:48.745Z INFO  - 42ede7a6c55a Extracting 89MB / 111MB
2026-02-09T00:39:50.188Z INFO  - 42ede7a6c55a Extracting 90MB / 111MB
2026-02-09T00:39:53.554Z INFO  - 42ede7a6c55a Extracting 91MB / 111MB
2026-02-09T00:39:54.872Z INFO  - 42ede7a6c55a Extracting 92MB / 111MB
2026-02-09T00:39:56.385Z INFO  - 42ede7a6c55a Extracting 94MB / 111MB
2026-02-09T00:39:57.404Z INFO  - 42ede7a6c55a Extracting 96MB / 111MB
2026-02-09T00:39:58.499Z INFO  - 42ede7a6c55a Extracting 98MB / 111MB
2026-02-09T00:39:58.621Z INFO  - 42ede7a6c55a Extracting 98MB / 111MB
2026-02-09T00:40:09.450Z INFO  - 42ede7a6c55a Extracting 100MB / 111MB
2026-02-09T00:40:12.018Z INFO  - 42ede7a6c55a Extracting 101MB / 111MB
2026-02-09T00:40:17.997Z INFO  - 42ede7a6c55a Extracting 103MB / 111MB
2026-02-09T00:40:19.145Z INFO  - 42ede7a6c55a Extracting 103MB / 111MB
2026-02-09T00:40:29.986Z INFO  - 42ede7a6c55a Extracting 105MB / 111MB
2026-02-09T00:40:32.169Z INFO  - 42ede7a6c55a Extracting 105MB / 111MB
2026-02-09T00:40:41.033Z INFO  - 42ede7a6c55a Extracting 107MB / 111MB
2026-02-09T00:40:42.816Z INFO  - 42ede7a6c55a Extracting 107MB / 111MB
2026-02-09T00:40:46.891Z INFO  - 42ede7a6c55a Extracting 109MB / 111MB
2026-02-09T00:40:48.452Z INFO  - 42ede7a6c55a Extracting 109MB / 111MB
2026-02-09T00:40:50.125Z INFO  - 42ede7a6c55a Extracting 111MB / 111MB
2026-02-09T00:40:50.768Z INFO  - 42ede7a6c55a Pull complete
2026-02-09T00:40:50.789Z INFO  - fb65f28b112b Extracting 4KB / 4KB
2026-02-09T00:40:51.060Z INFO  - fb65f28b112b Extracting 4KB / 4KB
2026-02-09T00:40:51.158Z INFO  - fb65f28b112b Pull complete
2026-02-09T00:40:52.436Z INFO  - a40510b545e4 Extracting 768KB / 36MB
2026-02-09T00:40:55.174Z INFO  - a40510b545e4 Extracting 1MB / 36MB
2026-02-09T00:40:56.970Z INFO  - a40510b545e4 Extracting 2MB / 36MB
2026-02-09T00:40:59.393Z INFO  - a40510b545e4 Extracting 3MB / 36MB
2026-02-09T00:41:06.159Z INFO  - a40510b545e4 Extracting 4MB / 36MB
2026-02-09T00:41:12.936Z INFO  - a40510b545e4 Extracting 5MB / 36MB
2026-02-09T00:41:17.412Z INFO  - a40510b545e4 Extracting 6MB / 36MB
2026-02-09T00:41:18.927Z INFO  - a40510b545e4 Extracting 6MB / 36MB
2026-02-09T00:41:19.671Z INFO  - a40510b545e4 Extracting 7MB / 36MB
2026-02-09T00:41:20.648Z INFO  - a40510b545e4 Extracting 8MB / 36MB
2026-02-09T00:41:21.596Z INFO  - a40510b545e4 Extracting 9MB / 36MB
2026-02-09T00:41:22.766Z INFO  - a40510b545e4 Extracting 9MB / 36MB
2026-02-09T00:41:23.569Z INFO  - a40510b545e4 Extracting 10MB / 36MB
2026-02-09T00:41:24.090Z INFO  - a40510b545e4 Extracting 11MB / 36MB
2026-02-09T00:41:24.383Z INFO  - a40510b545e4 Extracting 12MB / 36MB
2026-02-09T00:41:24.461Z INFO  - a40510b545e4 Extracting 12MB / 36MB
2026-02-09T00:41:26.765Z INFO  - a40510b545e4 Extracting 15MB / 36MB
2026-02-09T00:41:28.720Z INFO  - a40510b545e4 Extracting 15MB / 36MB
2026-02-09T00:41:28.969Z INFO  - a40510b545e4 Extracting 16MB / 36MB
2026-02-09T00:41:30.623Z INFO  - a40510b545e4 Extracting 19MB / 36MB
2026-02-09T00:41:31.824Z INFO  - a40510b545e4 Extracting 20MB / 36MB
2026-02-09T00:41:33.564Z INFO  - a40510b545e4 Extracting 21MB / 36MB
2026-02-09T00:41:34.598Z INFO  - a40510b545e4 Extracting 21MB / 36MB
2026-02-09T00:41:39.415Z INFO  - a40510b545e4 Extracting 22MB / 36MB
2026-02-09T00:41:41.711Z INFO  - a40510b545e4 Extracting 25MB / 36MB
2026-02-09T00:41:43.909Z INFO  - a40510b545e4 Extracting 27MB / 36MB
2026-02-09T00:41:44.638Z INFO  - a40510b545e4 Extracting 28MB / 36MB
2026-02-09T00:41:45.549Z INFO  - a40510b545e4 Extracting 28MB / 36MB
2026-02-09T00:41:47.093Z INFO  - a40510b545e4 Extracting 31MB / 36MB
2026-02-09T00:41:49.298Z INFO  - a40510b545e4 Extracting 33MB / 36MB
2026-02-09T00:41:50.246Z INFO  - a40510b545e4 Extracting 34MB / 36MB
2026-02-09T00:41:50.911Z INFO  - a40510b545e4 Extracting 34MB / 36MB
2026-02-09T00:41:52.057Z INFO  - a40510b545e4 Extracting 35MB / 36MB
2026-02-09T00:41:53.577Z INFO  - a40510b545e4 Extracting 36MB / 36MB
2026-02-09T00:41:54.105Z INFO  - a40510b545e4 Extracting 36MB / 36MB
2026-02-09T00:41:54.880Z INFO  - a40510b545e4 Pull complete
2026-02-09T00:41:56.533Z INFO  - 6e80b76a2230 Extracting 768KB / 36MB
2026-02-09T00:41:57.452Z INFO  - 6e80b76a2230 Extracting 1MB / 36MB
2026-02-09T00:41:58.013Z INFO  - 6e80b76a2230 Extracting 2MB / 36MB
2026-02-09T00:41:59.017Z INFO  - 6e80b76a2230 Extracting 3MB / 36MB
2026-02-09T00:42:00.017Z INFO  - 6e80b76a2230 Extracting 3MB / 36MB
2026-02-09T00:42:00.956Z INFO  - 6e80b76a2230 Extracting 4MB / 36MB
2026-02-09T00:42:01.826Z INFO  - 6e80b76a2230 Extracting 5MB / 36MB
2026-02-09T00:42:04.188Z INFO  - 6e80b76a2230 Extracting 6MB / 36MB
2026-02-09T00:42:08.079Z INFO  - 6e80b76a2230 Extracting 6MB / 36MB
2026-02-09T00:42:16.177Z INFO  - 6e80b76a2230 Extracting 7MB / 36MB
2026-02-09T00:42:22.600Z INFO  - 6e80b76a2230 Extracting 8MB / 36MB
2026-02-09T00:42:24.747Z INFO  - 6e80b76a2230 Extracting 9MB / 36MB
2026-02-09T00:42:27.128Z INFO  - 6e80b76a2230 Extracting 9MB / 36MB
2026-02-09T00:42:28.681Z INFO  - 6e80b76a2230 Extracting 10MB / 36MB
2026-02-09T00:42:32.996Z INFO  - 6e80b76a2230 Extracting 11MB / 36MB
2026-02-09T00:42:37.999Z INFO  - 6e80b76a2230 Extracting 12MB / 36MB
2026-02-09T00:42:43.444Z INFO  - 6e80b76a2230 Extracting 13MB / 36MB
2026-02-09T00:42:43.682Z INFO  - 6e80b76a2230 Extracting 13MB / 36MB
2026-02-09T00:42:49.155Z INFO  - 6e80b76a2230 Extracting 14MB / 36MB
2026-02-09T00:42:53.523Z INFO  - 6e80b76a2230 Extracting 15MB / 36MB
2026-02-09T00:42:54.498Z INFO  - 6e80b76a2230 Extracting 16MB / 36MB
2026-02-09T00:42:57.075Z INFO  - 6e80b76a2230 Extracting 16MB / 36MB
2026-02-09T00:42:58.927Z INFO  - 6e80b76a2230 Extracting 17MB / 36MB
2026-02-09T00:43:02.562Z INFO  - 6e80b76a2230 Extracting 18MB / 36MB
2026-02-09T00:43:05.267Z INFO  - 6e80b76a2230 Extracting 19MB / 36MB
2026-02-09T00:43:09.822Z INFO  - 6e80b76a2230 Extracting 19MB / 36MB
2026-02-09T00:43:10.601Z INFO  - 6e80b76a2230 Extracting 20MB / 36MB
2026-02-09T00:43:11.069Z INFO  - 6e80b76a2230 Extracting 21MB / 36MB
2026-02-09T00:43:12.270Z INFO  - 6e80b76a2230 Extracting 22MB / 36MB
2026-02-09T00:43:12.709Z INFO  - 6e80b76a2230 Extracting 23MB / 36MB
2026-02-09T00:43:13.448Z INFO  - 6e80b76a2230 Extracting 24MB / 36MB
2026-02-09T00:43:14.500Z INFO  - 6e80b76a2230 Extracting 25MB / 36MB
2026-02-09T00:43:15.359Z INFO  - 6e80b76a2230 Extracting 25MB / 36MB
2026-02-09T00:43:15.519Z INFO  - 6e80b76a2230 Extracting 26MB / 36MB
2026-02-09T00:43:15.930Z INFO  - 6e80b76a2230 Extracting 27MB / 36MB
2026-02-09T00:43:16.088Z INFO  - 6e80b76a2230 Extracting 27MB / 36MB
2026-02-09T00:43:16.319Z INFO  - 6e80b76a2230 Extracting 28MB / 36MB
2026-02-09T00:43:16.617Z INFO  - 6e80b76a2230 Extracting 30MB / 36MB
2026-02-09T00:43:17.838Z INFO  - 6e80b76a2230 Extracting 31MB / 36MB
2026-02-09T00:43:18.251Z INFO  - 6e80b76a2230 Extracting 33MB / 36MB
2026-02-09T00:43:18.799Z INFO  - 6e80b76a2230 Extracting 36MB / 36MB
2026-02-09T00:43:19.379Z INFO  - 6e80b76a2230 Extracting 36MB / 36MB
2026-02-09T00:43:19.730Z INFO  - 6e80b76a2230 Pull complete
2026-02-09T00:43:20.030Z INFO  - 532e77ac237d Extracting 256KB / 5MB
2026-02-09T00:43:20.177Z INFO  - 532e77ac237d Extracting 384KB / 5MB
2026-02-09T00:43:20.437Z INFO  - 532e77ac237d Extracting 768KB / 5MB
2026-02-09T00:43:20.527Z INFO  - 532e77ac237d Extracting 896KB / 5MB
2026-02-09T00:43:20.807Z INFO  - 532e77ac237d Extracting 1MB / 5MB
2026-02-09T00:43:20.998Z INFO  - 532e77ac237d Extracting 1MB / 5MB
2026-02-09T00:43:21.217Z INFO  - 532e77ac237d Extracting 2MB / 5MB
2026-02-09T00:43:22.229Z INFO  - 532e77ac237d Extracting 5MB / 5MB
2026-02-09T00:43:22.249Z INFO  - 532e77ac237d Extracting 5MB / 5MB
2026-02-09T00:43:22.438Z INFO  - 532e77ac237d Pull complete
2026-02-09T00:43:22.790Z INFO  - c3c20db5b37e Extracting 544KB / 67MB
2026-02-09T00:43:23.540Z INFO  - c3c20db5b37e Extracting 1MB / 67MB
2026-02-09T00:43:24.925Z INFO  - c3c20db5b37e Extracting 4MB / 67MB
2026-02-09T00:43:26.066Z INFO  - c3c20db5b37e Extracting 8MB / 67MB
2026-02-09T00:43:27.410Z INFO  - c3c20db5b37e Extracting 10MB / 67MB
2026-02-09T00:43:29.090Z INFO  - c3c20db5b37e Extracting 13MB / 67MB
2026-02-09T00:43:30.001Z INFO  - c3c20db5b37e Extracting 16MB / 67MB
2026-02-09T00:43:33.870Z INFO  - c3c20db5b37e Extracting 18MB / 67MB
2026-02-09T00:43:35.100Z INFO  - c3c20db5b37e Extracting 19MB / 67MB
2026-02-09T00:43:36.529Z INFO  - c3c20db5b37e Extracting 20MB / 67MB
2026-02-09T00:43:40.933Z INFO  - c3c20db5b37e Extracting 22MB / 67MB
2026-02-09T00:43:42.082Z INFO  - c3c20db5b37e Extracting 24MB / 67MB
2026-02-09T00:43:42.153Z INFO  - c3c20db5b37e Extracting 24MB / 67MB
2026-02-09T00:43:43.534Z INFO  - c3c20db5b37e Extracting 26MB / 67MB
2026-02-09T00:43:44.097Z INFO  - c3c20db5b37e Extracting 27MB / 67MB
2026-02-09T00:43:44.283Z INFO  - c3c20db5b37e Extracting 27MB / 67MB
2026-02-09T00:43:44.543Z INFO  - c3c20db5b37e Extracting 28MB / 67MB
2026-02-09T00:43:45.496Z INFO  - c3c20db5b37e Extracting 30MB / 67MB
2026-02-09T00:43:46.200Z INFO  - c3c20db5b37e Extracting 31MB / 67MB
2026-02-09T00:43:47.168Z INFO  - c3c20db5b37e Extracting 32MB / 67MB
2026-02-09T00:43:47.832Z INFO  - c3c20db5b37e Extracting 34MB / 67MB
2026-02-09T00:43:48.943Z INFO  - c3c20db5b37e Extracting 35MB / 67MB
2026-02-09T00:43:49.687Z INFO  - c3c20db5b37e Extracting 36MB / 67MB
2026-02-09T00:43:49.988Z INFO  - c3c20db5b37e Extracting 37MB / 67MB
2026-02-09T00:43:50.874Z INFO  - c3c20db5b37e Extracting 38MB / 67MB
2026-02-09T00:43:52.110Z INFO  - c3c20db5b37e Extracting 39MB / 67MB
2026-02-09T00:43:52.143Z INFO  - c3c20db5b37e Extracting 40MB / 67MB
2026-02-09T00:43:53.373Z INFO  - c3c20db5b37e Extracting 41MB / 67MB
2026-02-09T00:43:53.400Z INFO  - c3c20db5b37e Extracting 42MB / 67MB
2026-02-09T00:43:55.195Z INFO  - c3c20db5b37e Extracting 43MB / 67MB
2026-02-09T00:43:58.531Z INFO  - c3c20db5b37e Extracting 46MB / 67MB
2026-02-09T00:44:00.609Z INFO  - c3c20db5b37e Extracting 47MB / 67MB
2026-02-09T00:44:02.006Z INFO  - c3c20db5b37e Extracting 48MB / 67MB
2026-02-09T00:44:04.127Z INFO  - c3c20db5b37e Extracting 49MB / 67MB
2026-02-09T00:44:05.646Z INFO  - c3c20db5b37e Extracting 50MB / 67MB
2026-02-09T00:44:09.214Z INFO  - c3c20db5b37e Extracting 51MB / 67MB
2026-02-09T00:44:09.584Z INFO  - c3c20db5b37e Extracting 52MB / 67MB
2026-02-09T00:44:13.190Z INFO  - c3c20db5b37e Extracting 53MB / 67MB
2026-02-09T00:44:13.903Z INFO  - c3c20db5b37e Extracting 54MB / 67MB
2026-02-09T00:44:14.344Z INFO  - c3c20db5b37e Extracting 54MB / 67MB
2026-02-09T00:44:14.782Z INFO  - c3c20db5b37e Extracting 55MB / 67MB
2026-02-09T00:44:15.513Z INFO  - c3c20db5b37e Extracting 57MB / 67MB
2026-02-09T00:44:16.275Z INFO  - c3c20db5b37e Extracting 58MB / 67MB
2026-02-09T00:44:17.723Z INFO  - c3c20db5b37e Extracting 60MB / 67MB
2026-02-09T00:44:19.339Z INFO  - c3c20db5b37e Extracting 63MB / 67MB
2026-02-09T00:44:19.520Z INFO  - c3c20db5b37e Extracting 64MB / 67MB
2026-02-09T00:44:19.952Z INFO  - c3c20db5b37e Extracting 65MB / 67MB
2026-02-09T00:44:20.306Z INFO  - c3c20db5b37e Extracting 66MB / 67MB
2026-02-09T00:44:20.536Z INFO  - c3c20db5b37e Extracting 66MB / 67MB
2026-02-09T00:44:24.888Z INFO  - c3c20db5b37e Extracting 67MB / 67MB
2026-02-09T00:44:26.440Z INFO  - c3c20db5b37e Pull complete
2026-02-09T00:44:26.551Z INFO  - 765fc3fc3afc Extracting 1KB / 1KB
2026-02-09T00:44:26.730Z INFO  - 765fc3fc3afc Extracting 1KB / 1KB
2026-02-09T00:44:27.185Z INFO  - 765fc3fc3afc Pull complete
2026-02-09T00:44:27.462Z INFO  - 6b4c2adab45b Extracting 1KB / 1KB
2026-02-09T00:44:27.740Z INFO  - 6b4c2adab45b Extracting 1KB / 1KB
2026-02-09T00:44:28.061Z INFO  - 6b4c2adab45b Pull complete
2026-02-09T00:44:29.603Z INFO  - b7f285bbb111 Extracting 3KB / 3KB
2026-02-09T00:44:29.722Z INFO  - b7f285bbb111 Extracting 3KB / 3KB
2026-02-09T00:44:30.553Z INFO  - b7f285bbb111 Pull complete
2026-02-09T00:44:30.571Z INFO  - fdaec5c523b8 Extracting 133B / 133B
2026-02-09T00:44:30.694Z INFO  - fdaec5c523b8 Extracting 133B / 133B
2026-02-09T00:44:30.827Z INFO  - fdaec5c523b8 Pull complete
2026-02-09T00:44:31.015Z INFO  - f5a6dabbd87f Extracting 270B / 270B
2026-02-09T00:44:31.064Z INFO  - f5a6dabbd87f Extracting 270B / 270B
2026-02-09T00:44:31.303Z INFO  - f5a6dabbd87f Pull complete
2026-02-09T00:44:31.424Z INFO  - 0440265059c0 Extracting 272B / 272B
2026-02-09T00:44:31.526Z INFO  - 0440265059c0 Extracting 272B / 272B
2026-02-09T00:44:31.685Z INFO  - 0440265059c0 Pull complete
2026-02-09T00:44:31.724Z INFO  - feb3396323fe Extracting 833B / 833B
2026-02-09T00:44:31.899Z INFO  - feb3396323fe Extracting 833B / 833B
2026-02-09T00:44:32.354Z INFO  - feb3396323fe Pull complete
2026-02-09T00:44:32.464Z INFO  - 5c4548330576 Extracting 124B / 124B
2026-02-09T00:44:32.487Z INFO  - 5c4548330576 Extracting 124B / 124B
2026-02-09T00:44:32.658Z INFO  - 5c4548330576 Pull complete
2026-02-09T00:44:32.845Z INFO  - a221ee0b6f49 Extracting 416B / 416B
2026-02-09T00:44:32.908Z INFO  - a221ee0b6f49 Extracting 416B / 416B
2026-02-09T00:44:33.207Z INFO  - a221ee0b6f49 Pull complete
2026-02-09T00:44:33.227Z INFO  - ac250ea855ab Extracting 1KB / 1KB
2026-02-09T00:44:33.450Z INFO  - ac250ea855ab Extracting 1KB / 1KB
2026-02-09T00:44:33.731Z INFO  - ac250ea855ab Pull complete
2026-02-09T00:44:33.819Z INFO  - 6de9a9da98da Extracting 1KB / 1KB
2026-02-09T00:44:33.969Z INFO  - 6de9a9da98da Extracting 1KB / 1KB
2026-02-09T00:44:34.090Z INFO  - 6de9a9da98da Pull complete
2026-02-09T00:44:34.131Z INFO  - d531dc368e36 Extracting 2KB / 2KB
2026-02-09T00:44:34.371Z INFO  - d531dc368e36 Extracting 2KB / 2KB
2026-02-09T00:44:34.557Z INFO  - d531dc368e36 Pull complete
2026-02-09T00:44:34.587Z INFO  - c0fc26e916f7 Extracting 121B / 121B
2026-02-09T00:44:34.747Z INFO  - c0fc26e916f7 Extracting 121B / 121B
2026-02-09T00:44:35.704Z INFO  - c0fc26e916f7 Pull complete
2026-02-09T00:44:35.795Z INFO  - 50a09b64903a Extracting 1KB / 1KB
2026-02-09T00:44:35.835Z INFO  - 50a09b64903a Extracting 1KB / 1KB
2026-02-09T00:44:36.083Z INFO  - 50a09b64903a Pull complete
2026-02-09T00:44:36.103Z INFO  - 7b94c70810bd Extracting 1KB / 1KB
2026-02-09T00:44:36.281Z INFO  - 7b94c70810bd Extracting 1KB / 1KB
2026-02-09T00:44:36.509Z INFO  - 7b94c70810bd Pull complete
2026-02-09T00:44:36.630Z INFO  - b8c2a35bf8cf Extracting 355B / 355B
2026-02-09T00:44:36.679Z INFO  - b8c2a35bf8cf Extracting 355B / 355B
2026-02-09T00:44:36.921Z INFO  - b8c2a35bf8cf Pull complete
2026-02-09T00:44:37.158Z INFO  - 0b9fc1ae6357 Extracting 842B / 842B
2026-02-09T00:44:37.389Z INFO  - 0b9fc1ae6357 Extracting 842B / 842B
2026-02-09T00:44:37.511Z INFO  - 0b9fc1ae6357 Pull complete
2026-02-09T00:44:37.540Z INFO  - 1be8b0b29112 Extracting 137B / 137B
2026-02-09T00:44:37.782Z INFO  - 1be8b0b29112 Extracting 137B / 137B
2026-02-09T00:44:38.132Z INFO  - 1be8b0b29112 Pull complete
2026-02-09T00:44:38.239Z INFO  - e4bfa5b09991 Extracting 2KB / 2KB
2026-02-09T00:44:38.404Z INFO  - e4bfa5b09991 Extracting 2KB / 2KB
2026-02-09T00:44:39.417Z INFO  - e4bfa5b09991 Pull complete
2026-02-09T00:44:39.556Z INFO  - 20256efc20c6 Extracting 143B / 143B
2026-02-09T00:44:40.054Z INFO  - 20256efc20c6 Extracting 143B / 143B
2026-02-09T00:44:40.233Z INFO  - 20256efc20c6 Pull complete
2026-02-09T00:44:40.295Z INFO  - 655ae1159747 Extracting 11KB / 11KB
2026-02-09T00:44:40.735Z INFO  - 655ae1159747 Extracting 11KB / 11KB
2026-02-09T00:44:40.946Z INFO  - 655ae1159747 Pull complete
2026-02-09T00:44:41.408Z INFO  - a9d311bf7864 Extracting 128KB / 5MB
2026-02-09T00:44:41.611Z INFO  - a9d311bf7864 Extracting 256KB / 5MB
2026-02-09T00:44:41.949Z INFO  - a9d311bf7864 Extracting 768KB / 5MB
2026-02-09T00:44:42.591Z INFO  - a9d311bf7864 Extracting 1MB / 5MB
2026-02-09T00:44:43.456Z INFO  - a9d311bf7864 Extracting 1MB / 5MB
2026-02-09T00:44:45.996Z INFO  - a9d311bf7864 Extracting 1MB / 5MB
2026-02-09T00:44:46.415Z INFO  - a9d311bf7864 Extracting 1MB / 5MB
2026-02-09T00:44:48.526Z INFO  - a9d311bf7864 Extracting 2MB / 5MB
2026-02-09T00:44:51.365Z INFO  - a9d311bf7864 Extracting 2MB / 5MB
2026-02-09T00:44:51.866Z INFO  - a9d311bf7864 Extracting 3MB / 5MB
2026-02-09T00:44:52.438Z INFO  - a9d311bf7864 Extracting 4MB / 5MB
2026-02-09T00:44:52.880Z INFO  - a9d311bf7864 Extracting 5MB / 5MB
2026-02-09T00:44:53.199Z INFO  - a9d311bf7864 Pull complete
2026-02-09T00:44:53.377Z INFO  - 52d8d446e592 Extracting 16KB / 16KB
2026-02-09T00:44:53.554Z INFO  - 52d8d446e592 Extracting 16KB / 16KB
2026-02-09T00:44:53.924Z INFO  - 52d8d446e592 Pull complete
2026-02-09T00:44:53.946Z INFO  - 2fd6879c6c9f Extracting 1KB / 1KB
2026-02-09T00:44:54.140Z INFO  - 2fd6879c6c9f Extracting 1KB / 1KB
2026-02-09T00:44:54.309Z INFO  - 2fd6879c6c9f Pull complete
2026-02-09T00:44:54.982Z INFO  -  Digest: sha256:92df52c98d35c066251e05baab9059c619b01135f04fc31ee577b55fefcb49ac
2026-02-09T00:44:55.011Z INFO  -  Status: Downloaded newer image for 10.1.0.5:13209/appsvc/python:3.11_20251017.5.tuxprod
2026-02-09T00:44:55.718Z INFO  - Pull Image successful, Time taken: 632 Seconds
2026-02-09T00:45:06.036Z INFO  - Starting container for site
2026-02-09T00:45:06.043Z INFO  - docker run -d --expose=8000 --name evaluateyourself-app-123195_0_33dba462 -e WEBSITE_USE_DIAGNOSTIC_SERVER=false -e WEBSITES_PORT=8000 -e WEBSITE_SITE_NAME=evaluateyourself-app-123195 -e WEBSITE_AUTH_ENABLED=False -e WEBSITE_ROLE_INSTANCE_ID=0 -e WEBSITE_HOSTNAME=evaluateyourself-app-123195.azurewebsites.net -e WEBSITE_INSTANCE_ID=0d9fb74b532df22f5f6c9f77f91043424eb3990fd126e8b4b26252ab18b40d15 -e HTTP_LOGGING_ENABLED=1 appsvc/python:3.11_20251017.5.tuxprod REDACTED
2026-02-09T00:45:18.281Z INFO  - Initiating warmup request to container evaluateyourself-app-123195_0_33dba462_msiProxy for site evaluateyourself-app-123195
2026-02-09T00:45:19.068Z INFO  - Container evaluateyourself-app-123195_0_33dba462_msiProxy for site evaluateyourself-app-123195 initialized successfully and is ready to serve requests.
2026-02-09T00:45:19.087Z INFO  - Initiating warmup request to container evaluateyourself-app-123195_0_33dba462 for site evaluateyourself-app-123195
2026-02-09T00:45:44.624Z INFO  - Waiting for response to warmup request for container evaluateyourself-app-123195_0_33dba462. Elapsed time = 26.3730092 sec
2026-02-09T00:46:18.535Z INFO  - Waiting for response to warmup request for container evaluateyourself-app-123195_0_33dba462. Elapsed time = 60.2839155 sec
2026-02-09T00:46:34.064Z ERROR - Container evaluateyourself-app-123195_0_33dba462 for site evaluateyourself-app-123195 has exited, failing site start
2026-02-09T00:46:34.422Z ERROR - Container evaluateyourself-app-123195_0_33dba462 didn't respond to HTTP pings on port: 8000. Failing site start. See container logs for debugging.
2026-02-09T00:46:34.743Z INFO  - Stopping site evaluateyourself-app-123195 because it failed during startup.
