🚀 Starting Frontend Server...
===============================

🌐 Starting React development server on http://localhost:3001

Press Ctrl+C to stop the server


> evaluate-yourself-landing@1.0.0 start
> react-scripts start

[baseline-browser-mapping] The data in this module is over two months old.  To ensure accurate Baseline data, please update: `npm i baseline-browser-mapping@latest -D`
Browserslist: browsers data (caniuse-lite) is 6 months old. Please run:
  npx update-browserslist-db@latest
  Why you should do it regularly: https://github.com/browserslist/update-db#readme
(node:18238) [DEP_WEBPACK_DEV_SERVER_ON_AFTER_SETUP_MIDDLEWARE] DeprecationWarning: 'onAfterSetupMiddleware' option is deprecated. Please use the 'setupMiddlewares' option.
(Use `node --trace-deprecation ...` to show where the warning was created)
(node:18238) [DEP_WEBPACK_DEV_SERVER_ON_BEFORE_SETUP_MIDDLEWARE] DeprecationWarning: 'onBeforeSetupMiddleware' option is deprecated. Please use the 'setupMiddlewares' option.
Starting the development server...

Compiled successfully!

You can now view evaluate-yourself-landing in the browser.

  Local:            http://localhost:3001
  On Your Network:  http://10.254.237.253:3001

Note that the development build is not optimized.
To create a production build, use npm run build.

webpack compiled successfully
(node:18238) [DEP0060] DeprecationWarning: The `util._extend` API is deprecated. Please use Object.assign() instead.
Compiling...
Compiled successfully!
webpack compiled successfully
Compiling...
Compiled with warnings.

[eslint] 
src/pages/InterviewSessionRoom.jsx
  Line 237:10:  'captureWarning' is assigned a value but never used     no-unused-vars
  Line 237:26:  'setCaptureWarning' is assigned a value but never used  no-unused-vars

Search for the keywords to learn more about each warning.
To ignore, add // eslint-disable-next-line to the line before.

WARNING in [eslint] 
src/pages/InterviewSessionRoom.jsx
  Line 237:10:  'captureWarning' is assigned a value but never used     no-unused-vars
  Line 237:26:  'setCaptureWarning' is assigned a value but never used  no-unused-vars

webpack compiled with 1 warning
Compiling...
Compiled with warnings.

[eslint] 
src/pages/InterviewSessionRoom.jsx
  Line 237:10:  'captureWarning' is assigned a value but never used  no-unused-vars

Search for the keywords to learn more about each warning.
To ignore, add // eslint-disable-next-line to the line before.

WARNING in [eslint] 
src/pages/InterviewSessionRoom.jsx
  Line 237:10:  'captureWarning' is assigned a value but never used  no-unused-vars

webpack compiled with 1 warning
Compiling...
Compiled with warnings.

[eslint] 
src/pages/InterviewSessionRoom.jsx
  Line 237:10:  'captureWarning' is assigned a value but never used  no-unused-vars

Search for the keywords to learn more about each warning.
To ignore, add // eslint-disable-next-line to the line before.

WARNING in [eslint] 
src/pages/InterviewSessionRoom.jsx
  Line 237:10:  'captureWarning' is assigned a value but never used  no-unused-vars

webpack compiled with 1 warning
Compiling...
Compiled with warnings.

[eslint] 
src/pages/InterviewSessionRoom.jsx
  Line 237:10:  'captureWarning' is assigned a value but never used  no-unused-vars

Search for the keywords to learn more about each warning.
To ignore, add // eslint-disable-next-line to the line before.

WARNING in [eslint] 
src/pages/InterviewSessionRoom.jsx
  Line 237:10:  'captureWarning' is assigned a value but never used  no-unused-vars

webpack compiled with 1 warning
Compiling...
Compiled with warnings.

[eslint] 
src/pages/InterviewSessionRoom.jsx
  Line 237:10:  'captureWarning' is assigned a value but never used  no-unused-vars

Search for the keywords to learn more about each warning.
To ignore, add // eslint-disable-next-line to the line before.

WARNING in [eslint] 
src/pages/InterviewSessionRoom.jsx
  Line 237:10:  'captureWarning' is assigned a value but never used  no-unused-vars

webpack compiled with 1 warning
Compiling...
Compiled successfully!
webpack compiled successfully
Compiling...
Compiled successfully!
webpack compiled successfully
Compiling...
Compiled with warnings.

[eslint] 
src/pages/ReportPage.jsx
  Line 19:3:  'LinearProgress' is defined but never used  no-unused-vars

Search for the keywords to learn more about each warning.
To ignore, add // eslint-disable-next-line to the line before.

WARNING in [eslint] 
src/pages/ReportPage.jsx
  Line 19:3:  'LinearProgress' is defined but never used  no-unused-vars

webpack compiled with 1 warning
Compiling...
Compiled with warnings.

[eslint] 
src/pages/ReportPage.jsx
  Line 19:3:   'LinearProgress' is defined but never used   no-unused-vars
  Line 265:9:  'scores' is assigned a value but never used  no-unused-vars

Search for the keywords to learn more about each warning.
To ignore, add // eslint-disable-next-line to the line before.

WARNING in [eslint] 
src/pages/ReportPage.jsx
  Line 19:3:   'LinearProgress' is defined but never used   no-unused-vars
  Line 265:9:  'scores' is assigned a value but never used  no-unused-vars

webpack compiled with 1 warning
Compiling...
Failed to compile.

[eslint] 
src/pages/ReportPage.jsx
Syntax error: Expected corresponding JSX closing tag for <Box>. (755:10) (755:10)
ERROR in ./src/pages/ReportPage.jsx
Module build failed (from ./node_modules/babel-loader/lib/index.js):
SyntaxError: /Users/srujanreddy/Projects/evaluate-yourself/src/pages/ReportPage.jsx: Expected corresponding JSX closing tag for <Box>. (755:10)

  753 |         </Card>
  754 |       )}
> 755 |           </Typography>
      |           ^
  756 |           <Typography variant="body2" color="text.secondary" sx={{ mb: 2 }}>
  757 |             Built from captured transcript timestamps and session metrics.
  758 |           </Typography>
    at constructor (/Users/srujanreddy/Projects/evaluate-yourself/node_modules/@babel/parser/lib/index.js:367:19)
    at FlowParserMixin.raise (/Users/srujanreddy/Projects/evaluate-yourself/node_modules/@babel/parser/lib/index.js:6630:19)
    at FlowParserMixin.jsxParseElementAt (/Users/srujanreddy/Projects/evaluate-yourself/node_modules/@babel/parser/lib/index.js:4760:16)
    at FlowParserMixin.jsxParseElement (/Users/srujanreddy/Projects/evaluate-yourself/node_modules/@babel/parser/lib/index.js:4782:17)
    at FlowParserMixin.parseExprAtom (/Users/srujanreddy/Projects/evaluate-yourself/node_modules/@babel/parser/lib/index.js:4792:19)
    at FlowParserMixin.parseExprSubscripts (/Users/srujanreddy/Projects/evaluate-yourself/node_modules/@babel/parser/lib/index.js:11085:23)
    at FlowParserMixin.parseUpdate (/Users/srujanreddy/Projects/evaluate-yourself/node_modules/@babel/parser/lib/index.js:11070:21)
    at FlowParserMixin.parseMaybeUnary (/Users/srujanreddy/Projects/evaluate-yourself/node_modules/@babel/parser/lib/index.js:11050:23)
    at FlowParserMixin.parseMaybeUnaryOrPrivate (/Users/srujanreddy/Projects/evaluate-yourself/node_modules/@babel/parser/lib/index.js:10903:61)
    at FlowParserMixin.parseExprOps (/Users/srujanreddy/Projects/evaluate-yourself/node_modules/@babel/parser/lib/index.js:10908:23)
    at FlowParserMixin.parseMaybeConditional (/Users/srujanreddy/Projects/evaluate-yourself/node_modules/@babel/parser/lib/index.js:10885:23)
    at FlowParserMixin.parseMaybeAssign (/Users/srujanreddy/Projects/evaluate-yourself/node_modules/@babel/parser/lib/index.js:10835:21)
    at /Users/srujanreddy/Projects/evaluate-yourself/node_modules/@babel/parser/lib/index.js:3531:39
    at FlowParserMixin.tryParse (/Users/srujanreddy/Projects/evaluate-yourself/node_modules/@babel/parser/lib/index.js:6938:20)
    at FlowParserMixin.parseMaybeAssign (/Users/srujanreddy/Projects/evaluate-yourself/node_modules/@babel/parser/lib/index.js:3531:18)
    at /Users/srujanreddy/Projects/evaluate-yourself/node_modules/@babel/parser/lib/index.js:10804:39
    at FlowParserMixin.allowInAnd (/Users/srujanreddy/Projects/evaluate-yourself/node_modules/@babel/parser/lib/index.js:12436:12)
    at FlowParserMixin.parseMaybeAssignAllowIn (/Users/srujanreddy/Projects/evaluate-yourself/node_modules/@babel/parser/lib/index.js:10804:17)
    at FlowParserMixin.parseMaybeAssignAllowInOrVoidPattern (/Users/srujanreddy/Projects/evaluate-yourself/node_modules/@babel/parser/lib/index.js:12503:17)
    at FlowParserMixin.parseParenAndDistinguishExpression (/Users/srujanreddy/Projects/evaluate-yourself/node_modules/@babel/parser/lib/index.js:11683:28)
    at FlowParserMixin.parseParenAndDistinguishExpression (/Users/srujanreddy/Projects/evaluate-yourself/node_modules/@babel/parser/lib/index.js:3624:18)
    at FlowParserMixin.parseExprAtom (/Users/srujanreddy/Projects/evaluate-yourself/node_modules/@babel/parser/lib/index.js:11335:23)
    at FlowParserMixin.parseExprAtom (/Users/srujanreddy/Projects/evaluate-yourself/node_modules/@babel/parser/lib/index.js:4797:20)
    at FlowParserMixin.parseExprSubscripts (/Users/srujanreddy/Projects/evaluate-yourself/node_modules/@babel/parser/lib/index.js:11085:23)
    at FlowParserMixin.parseUpdate (/Users/srujanreddy/Projects/evaluate-yourself/node_modules/@babel/parser/lib/index.js:11070:21)
    at FlowParserMixin.parseMaybeUnary (/Users/srujanreddy/Projects/evaluate-yourself/node_modules/@babel/parser/lib/index.js:11050:23)
    at FlowParserMixin.parseMaybeUnaryOrPrivate (/Users/srujanreddy/Projects/evaluate-yourself/node_modules/@babel/parser/lib/index.js:10903:61)
    at FlowParserMixin.parseExprOps (/Users/srujanreddy/Projects/evaluate-yourself/node_modules/@babel/parser/lib/index.js:10908:23)
    at FlowParserMixin.parseMaybeConditional (/Users/srujanreddy/Projects/evaluate-yourself/node_modules/@babel/parser/lib/index.js:10885:23)
    at FlowParserMixin.parseMaybeAssign (/Users/srujanreddy/Projects/evaluate-yourself/node_modules/@babel/parser/lib/index.js:10835:21)
    at FlowParserMixin.parseMaybeAssign (/Users/srujanreddy/Projects/evaluate-yourself/node_modules/@babel/parser/lib/index.js:3582:18)
    at FlowParserMixin.parseExpressionBase (/Users/srujanreddy/Projects/evaluate-yourself/node_modules/@babel/parser/lib/index.js:10788:23)
    at /Users/srujanreddy/Projects/evaluate-yourself/node_modules/@babel/parser/lib/index.js:10784:39
    at FlowParserMixin.allowInAnd (/Users/srujanreddy/Projects/evaluate-yourself/node_modules/@babel/parser/lib/index.js:12431:16)
    at FlowParserMixin.parseExpression (/Users/srujanreddy/Projects/evaluate-yourself/node_modules/@babel/parser/lib/index.js:10784:17)
    at FlowParserMixin.parseReturnStatement (/Users/srujanreddy/Projects/evaluate-yourself/node_modules/@babel/parser/lib/index.js:13151:28)
    at FlowParserMixin.parseStatementContent (/Users/srujanreddy/Projects/evaluate-yourself/node_modules/@babel/parser/lib/index.js:12807:21)
    at FlowParserMixin.parseStatementLike (/Users/srujanreddy/Projects/evaluate-yourself/node_modules/@babel/parser/lib/index.js:12776:17)
    at FlowParserMixin.parseStatementLike (/Users/srujanreddy/Projects/evaluate-yourself/node_modules/@babel/parser/lib/index.js:2949:24)
    at FlowParserMixin.parseStatementListItem (/Users/srujanreddy/Projects/evaluate-yourself/node_modules/@babel/parser/lib/index.js:12756:17)
    at FlowParserMixin.parseBlockOrModuleBlockBody (/Users/srujanreddy/Projects/evaluate-yourself/node_modules/@babel/parser/lib/index.js:13325:61)
    at FlowParserMixin.parseBlockBody (/Users/srujanreddy/Projects/evaluate-yourself/node_modules/@babel/parser/lib/index.js:13318:10)
    at FlowParserMixin.parseBlock (/Users/srujanreddy/Projects/evaluate-yourself/node_modules/@babel/parser/lib/index.js:13306:10)
    at FlowParserMixin.parseFunctionBody (/Users/srujanreddy/Projects/evaluate-yourself/node_modules/@babel/parser/lib/index.js:12110:24)
    at FlowParserMixin.parseFunctionBody (/Users/srujanreddy/Projects/evaluate-yourself/node_modules/@babel/parser/lib/index.js:2926:11)
    at FlowParserMixin.parseFunctionBodyAndFinish (/Users/srujanreddy/Projects/evaluate-yourself/node_modules/@babel/parser/lib/index.js:12096:10)
    at FlowParserMixin.parseFunctionBodyAndFinish (/Users/srujanreddy/Projects/evaluate-yourself/node_modules/@babel/parser/lib/index.js:2934:18)
    at /Users/srujanreddy/Projects/evaluate-yourself/node_modules/@babel/parser/lib/index.js:13454:12
    at FlowParserMixin.withSmartMixTopicForbiddingContext (/Users/srujanreddy/Projects/evaluate-yourself/node_modules/@babel/parser/lib/index.js:12413:14)
    at FlowParserMixin.parseFunction (/Users/srujanreddy/Projects/evaluate-yourself/node_modules/@babel/parser/lib/index.js:13453:10)

ERROR in [eslint] 
src/pages/ReportPage.jsx
  Line 755:10:  Parsing error: Expected corresponding JSX closing tag for <Box>. (755:10)

webpack compiled with 2 errors
Compiling...
Failed to compile.

[eslint] 
src/pages/ReportPage.jsx
Syntax error: Expected corresponding JSX closing tag for <Box>. (755:10) (755:10)
ERROR in ./src/pages/ReportPage.jsx
Module build failed (from ./node_modules/babel-loader/lib/index.js):
SyntaxError: /Users/srujanreddy/Projects/evaluate-yourself/src/pages/ReportPage.jsx: Expected corresponding JSX closing tag for <Box>. (755:10)

  753 |         </Card>
  754 |       )}
> 755 |           </Typography>
      |           ^
  756 |           <Typography variant="body2" color="text.secondary" sx={{ mb: 2 }}>
  757 |             Built from captured transcript timestamps and session metrics.
  758 |           </Typography>
    at constructor (/Users/srujanreddy/Projects/evaluate-yourself/node_modules/@babel/parser/lib/index.js:367:19)
    at FlowParserMixin.raise (/Users/srujanreddy/Projects/evaluate-yourself/node_modules/@babel/parser/lib/index.js:6630:19)
    at FlowParserMixin.jsxParseElementAt (/Users/srujanreddy/Projects/evaluate-yourself/node_modules/@babel/parser/lib/index.js:4760:16)
    at FlowParserMixin.jsxParseElement (/Users/srujanreddy/Projects/evaluate-yourself/node_modules/@babel/parser/lib/index.js:4782:17)
    at FlowParserMixin.parseExprAtom (/Users/srujanreddy/Projects/evaluate-yourself/node_modules/@babel/parser/lib/index.js:4792:19)
    at FlowParserMixin.parseExprSubscripts (/Users/srujanreddy/Projects/evaluate-yourself/node_modules/@babel/parser/lib/index.js:11085:23)
    at FlowParserMixin.parseUpdate (/Users/srujanreddy/Projects/evaluate-yourself/node_modules/@babel/parser/lib/index.js:11070:21)
    at FlowParserMixin.parseMaybeUnary (/Users/srujanreddy/Projects/evaluate-yourself/node_modules/@babel/parser/lib/index.js:11050:23)
    at FlowParserMixin.parseMaybeUnaryOrPrivate (/Users/srujanreddy/Projects/evaluate-yourself/node_modules/@babel/parser/lib/index.js:10903:61)
    at FlowParserMixin.parseExprOps (/Users/srujanreddy/Projects/evaluate-yourself/node_modules/@babel/parser/lib/index.js:10908:23)
    at FlowParserMixin.parseMaybeConditional (/Users/srujanreddy/Projects/evaluate-yourself/node_modules/@babel/parser/lib/index.js:10885:23)
    at FlowParserMixin.parseMaybeAssign (/Users/srujanreddy/Projects/evaluate-yourself/node_modules/@babel/parser/lib/index.js:10835:21)
    at /Users/srujanreddy/Projects/evaluate-yourself/node_modules/@babel/parser/lib/index.js:3531:39
    at FlowParserMixin.tryParse (/Users/srujanreddy/Projects/evaluate-yourself/node_modules/@babel/parser/lib/index.js:6938:20)
    at FlowParserMixin.parseMaybeAssign (/Users/srujanreddy/Projects/evaluate-yourself/node_modules/@babel/parser/lib/index.js:3531:18)
    at /Users/srujanreddy/Projects/evaluate-yourself/node_modules/@babel/parser/lib/index.js:10804:39
    at FlowParserMixin.allowInAnd (/Users/srujanreddy/Projects/evaluate-yourself/node_modules/@babel/parser/lib/index.js:12436:12)
    at FlowParserMixin.parseMaybeAssignAllowIn (/Users/srujanreddy/Projects/evaluate-yourself/node_modules/@babel/parser/lib/index.js:10804:17)
    at FlowParserMixin.parseMaybeAssignAllowInOrVoidPattern (/Users/srujanreddy/Projects/evaluate-yourself/node_modules/@babel/parser/lib/index.js:12503:17)
    at FlowParserMixin.parseParenAndDistinguishExpression (/Users/srujanreddy/Projects/evaluate-yourself/node_modules/@babel/parser/lib/index.js:11683:28)
    at FlowParserMixin.parseParenAndDistinguishExpression (/Users/srujanreddy/Projects/evaluate-yourself/node_modules/@babel/parser/lib/index.js:3624:18)
    at FlowParserMixin.parseExprAtom (/Users/srujanreddy/Projects/evaluate-yourself/node_modules/@babel/parser/lib/index.js:11335:23)
    at FlowParserMixin.parseExprAtom (/Users/srujanreddy/Projects/evaluate-yourself/node_modules/@babel/parser/lib/index.js:4797:20)
    at FlowParserMixin.parseExprSubscripts (/Users/srujanreddy/Projects/evaluate-yourself/node_modules/@babel/parser/lib/index.js:11085:23)
    at FlowParserMixin.parseUpdate (/Users/srujanreddy/Projects/evaluate-yourself/node_modules/@babel/parser/lib/index.js:11070:21)
    at FlowParserMixin.parseMaybeUnary (/Users/srujanreddy/Projects/evaluate-yourself/node_modules/@babel/parser/lib/index.js:11050:23)
    at FlowParserMixin.parseMaybeUnaryOrPrivate (/Users/srujanreddy/Projects/evaluate-yourself/node_modules/@babel/parser/lib/index.js:10903:61)
    at FlowParserMixin.parseExprOps (/Users/srujanreddy/Projects/evaluate-yourself/node_modules/@babel/parser/lib/index.js:10908:23)
    at FlowParserMixin.parseMaybeConditional (/Users/srujanreddy/Projects/evaluate-yourself/node_modules/@babel/parser/lib/index.js:10885:23)
    at FlowParserMixin.parseMaybeAssign (/Users/srujanreddy/Projects/evaluate-yourself/node_modules/@babel/parser/lib/index.js:10835:21)
    at FlowParserMixin.parseMaybeAssign (/Users/srujanreddy/Projects/evaluate-yourself/node_modules/@babel/parser/lib/index.js:3582:18)
    at FlowParserMixin.parseExpressionBase (/Users/srujanreddy/Projects/evaluate-yourself/node_modules/@babel/parser/lib/index.js:10788:23)
    at /Users/srujanreddy/Projects/evaluate-yourself/node_modules/@babel/parser/lib/index.js:10784:39
    at FlowParserMixin.allowInAnd (/Users/srujanreddy/Projects/evaluate-yourself/node_modules/@babel/parser/lib/index.js:12431:16)
    at FlowParserMixin.parseExpression (/Users/srujanreddy/Projects/evaluate-yourself/node_modules/@babel/parser/lib/index.js:10784:17)
    at FlowParserMixin.parseReturnStatement (/Users/srujanreddy/Projects/evaluate-yourself/node_modules/@babel/parser/lib/index.js:13151:28)
    at FlowParserMixin.parseStatementContent (/Users/srujanreddy/Projects/evaluate-yourself/node_modules/@babel/parser/lib/index.js:12807:21)
    at FlowParserMixin.parseStatementLike (/Users/srujanreddy/Projects/evaluate-yourself/node_modules/@babel/parser/lib/index.js:12776:17)
    at FlowParserMixin.parseStatementLike (/Users/srujanreddy/Projects/evaluate-yourself/node_modules/@babel/parser/lib/index.js:2949:24)
    at FlowParserMixin.parseStatementListItem (/Users/srujanreddy/Projects/evaluate-yourself/node_modules/@babel/parser/lib/index.js:12756:17)
    at FlowParserMixin.parseBlockOrModuleBlockBody (/Users/srujanreddy/Projects/evaluate-yourself/node_modules/@babel/parser/lib/index.js:13325:61)
    at FlowParserMixin.parseBlockBody (/Users/srujanreddy/Projects/evaluate-yourself/node_modules/@babel/parser/lib/index.js:13318:10)
    at FlowParserMixin.parseBlock (/Users/srujanreddy/Projects/evaluate-yourself/node_modules/@babel/parser/lib/index.js:13306:10)
    at FlowParserMixin.parseFunctionBody (/Users/srujanreddy/Projects/evaluate-yourself/node_modules/@babel/parser/lib/index.js:12110:24)
    at FlowParserMixin.parseFunctionBody (/Users/srujanreddy/Projects/evaluate-yourself/node_modules/@babel/parser/lib/index.js:2926:11)
    at FlowParserMixin.parseFunctionBodyAndFinish (/Users/srujanreddy/Projects/evaluate-yourself/node_modules/@babel/parser/lib/index.js:12096:10)
    at FlowParserMixin.parseFunctionBodyAndFinish (/Users/srujanreddy/Projects/evaluate-yourself/node_modules/@babel/parser/lib/index.js:2934:18)
    at /Users/srujanreddy/Projects/evaluate-yourself/node_modules/@babel/parser/lib/index.js:13454:12
    at FlowParserMixin.withSmartMixTopicForbiddingContext (/Users/srujanreddy/Projects/evaluate-yourself/node_modules/@babel/parser/lib/index.js:12413:14)
    at FlowParserMixin.parseFunction (/Users/srujanreddy/Projects/evaluate-yourself/node_modules/@babel/parser/lib/index.js:13453:10)

ERROR in [eslint] 
src/pages/ReportPage.jsx
  Line 755:10:  Parsing error: Expected corresponding JSX closing tag for <Box>. (755:10)

webpack compiled with 2 errors
Compiling...
Failed to compile.

[eslint] 
src/pages/ReportPage.jsx
Syntax error: Expected corresponding JSX closing tag for <Box>. (755:10) (755:10)
ERROR in ./src/pages/ReportPage.jsx
Module build failed (from ./node_modules/babel-loader/lib/index.js):
SyntaxError: /Users/srujanreddy/Projects/evaluate-yourself/src/pages/ReportPage.jsx: Expected corresponding JSX closing tag for <Box>. (755:10)

  753 |         </Card>
  754 |       )}
> 755 |           </Typography>
      |           ^
  756 |           <Typography variant="body2" color="text.secondary" sx={{ mb: 2 }}>
  757 |             Built from captured transcript timestamps and session metrics.
  758 |           </Typography>
    at constructor (/Users/srujanreddy/Projects/evaluate-yourself/node_modules/@babel/parser/lib/index.js:367:19)
    at FlowParserMixin.raise (/Users/srujanreddy/Projects/evaluate-yourself/node_modules/@babel/parser/lib/index.js:6630:19)
    at FlowParserMixin.jsxParseElementAt (/Users/srujanreddy/Projects/evaluate-yourself/node_modules/@babel/parser/lib/index.js:4760:16)
    at FlowParserMixin.jsxParseElement (/Users/srujanreddy/Projects/evaluate-yourself/node_modules/@babel/parser/lib/index.js:4782:17)
    at FlowParserMixin.parseExprAtom (/Users/srujanreddy/Projects/evaluate-yourself/node_modules/@babel/parser/lib/index.js:4792:19)
    at FlowParserMixin.parseExprSubscripts (/Users/srujanreddy/Projects/evaluate-yourself/node_modules/@babel/parser/lib/index.js:11085:23)
    at FlowParserMixin.parseUpdate (/Users/srujanreddy/Projects/evaluate-yourself/node_modules/@babel/parser/lib/index.js:11070:21)
    at FlowParserMixin.parseMaybeUnary (/Users/srujanreddy/Projects/evaluate-yourself/node_modules/@babel/parser/lib/index.js:11050:23)
    at FlowParserMixin.parseMaybeUnaryOrPrivate (/Users/srujanreddy/Projects/evaluate-yourself/node_modules/@babel/parser/lib/index.js:10903:61)
    at FlowParserMixin.parseExprOps (/Users/srujanreddy/Projects/evaluate-yourself/node_modules/@babel/parser/lib/index.js:10908:23)
    at FlowParserMixin.parseMaybeConditional (/Users/srujanreddy/Projects/evaluate-yourself/node_modules/@babel/parser/lib/index.js:10885:23)
    at FlowParserMixin.parseMaybeAssign (/Users/srujanreddy/Projects/evaluate-yourself/node_modules/@babel/parser/lib/index.js:10835:21)
    at /Users/srujanreddy/Projects/evaluate-yourself/node_modules/@babel/parser/lib/index.js:3531:39
    at FlowParserMixin.tryParse (/Users/srujanreddy/Projects/evaluate-yourself/node_modules/@babel/parser/lib/index.js:6938:20)
    at FlowParserMixin.parseMaybeAssign (/Users/srujanreddy/Projects/evaluate-yourself/node_modules/@babel/parser/lib/index.js:3531:18)
    at /Users/srujanreddy/Projects/evaluate-yourself/node_modules/@babel/parser/lib/index.js:10804:39
    at FlowParserMixin.allowInAnd (/Users/srujanreddy/Projects/evaluate-yourself/node_modules/@babel/parser/lib/index.js:12436:12)
    at FlowParserMixin.parseMaybeAssignAllowIn (/Users/srujanreddy/Projects/evaluate-yourself/node_modules/@babel/parser/lib/index.js:10804:17)
    at FlowParserMixin.parseMaybeAssignAllowInOrVoidPattern (/Users/srujanreddy/Projects/evaluate-yourself/node_modules/@babel/parser/lib/index.js:12503:17)
    at FlowParserMixin.parseParenAndDistinguishExpression (/Users/srujanreddy/Projects/evaluate-yourself/node_modules/@babel/parser/lib/index.js:11683:28)
    at FlowParserMixin.parseParenAndDistinguishExpression (/Users/srujanreddy/Projects/evaluate-yourself/node_modules/@babel/parser/lib/index.js:3624:18)
    at FlowParserMixin.parseExprAtom (/Users/srujanreddy/Projects/evaluate-yourself/node_modules/@babel/parser/lib/index.js:11335:23)
    at FlowParserMixin.parseExprAtom (/Users/srujanreddy/Projects/evaluate-yourself/node_modules/@babel/parser/lib/index.js:4797:20)
    at FlowParserMixin.parseExprSubscripts (/Users/srujanreddy/Projects/evaluate-yourself/node_modules/@babel/parser/lib/index.js:11085:23)
    at FlowParserMixin.parseUpdate (/Users/srujanreddy/Projects/evaluate-yourself/node_modules/@babel/parser/lib/index.js:11070:21)
    at FlowParserMixin.parseMaybeUnary (/Users/srujanreddy/Projects/evaluate-yourself/node_modules/@babel/parser/lib/index.js:11050:23)
    at FlowParserMixin.parseMaybeUnaryOrPrivate (/Users/srujanreddy/Projects/evaluate-yourself/node_modules/@babel/parser/lib/index.js:10903:61)
    at FlowParserMixin.parseExprOps (/Users/srujanreddy/Projects/evaluate-yourself/node_modules/@babel/parser/lib/index.js:10908:23)
    at FlowParserMixin.parseMaybeConditional (/Users/srujanreddy/Projects/evaluate-yourself/node_modules/@babel/parser/lib/index.js:10885:23)
    at FlowParserMixin.parseMaybeAssign (/Users/srujanreddy/Projects/evaluate-yourself/node_modules/@babel/parser/lib/index.js:10835:21)
    at FlowParserMixin.parseMaybeAssign (/Users/srujanreddy/Projects/evaluate-yourself/node_modules/@babel/parser/lib/index.js:3582:18)
    at FlowParserMixin.parseExpressionBase (/Users/srujanreddy/Projects/evaluate-yourself/node_modules/@babel/parser/lib/index.js:10788:23)
    at /Users/srujanreddy/Projects/evaluate-yourself/node_modules/@babel/parser/lib/index.js:10784:39
    at FlowParserMixin.allowInAnd (/Users/srujanreddy/Projects/evaluate-yourself/node_modules/@babel/parser/lib/index.js:12431:16)
    at FlowParserMixin.parseExpression (/Users/srujanreddy/Projects/evaluate-yourself/node_modules/@babel/parser/lib/index.js:10784:17)
    at FlowParserMixin.parseReturnStatement (/Users/srujanreddy/Projects/evaluate-yourself/node_modules/@babel/parser/lib/index.js:13151:28)
    at FlowParserMixin.parseStatementContent (/Users/srujanreddy/Projects/evaluate-yourself/node_modules/@babel/parser/lib/index.js:12807:21)
    at FlowParserMixin.parseStatementLike (/Users/srujanreddy/Projects/evaluate-yourself/node_modules/@babel/parser/lib/index.js:12776:17)
    at FlowParserMixin.parseStatementLike (/Users/srujanreddy/Projects/evaluate-yourself/node_modules/@babel/parser/lib/index.js:2949:24)
    at FlowParserMixin.parseStatementListItem (/Users/srujanreddy/Projects/evaluate-yourself/node_modules/@babel/parser/lib/index.js:12756:17)
    at FlowParserMixin.parseBlockOrModuleBlockBody (/Users/srujanreddy/Projects/evaluate-yourself/node_modules/@babel/parser/lib/index.js:13325:61)
    at FlowParserMixin.parseBlockBody (/Users/srujanreddy/Projects/evaluate-yourself/node_modules/@babel/parser/lib/index.js:13318:10)
    at FlowParserMixin.parseBlock (/Users/srujanreddy/Projects/evaluate-yourself/node_modules/@babel/parser/lib/index.js:13306:10)
    at FlowParserMixin.parseFunctionBody (/Users/srujanreddy/Projects/evaluate-yourself/node_modules/@babel/parser/lib/index.js:12110:24)
    at FlowParserMixin.parseFunctionBody (/Users/srujanreddy/Projects/evaluate-yourself/node_modules/@babel/parser/lib/index.js:2926:11)
    at FlowParserMixin.parseFunctionBodyAndFinish (/Users/srujanreddy/Projects/evaluate-yourself/node_modules/@babel/parser/lib/index.js:12096:10)
    at FlowParserMixin.parseFunctionBodyAndFinish (/Users/srujanreddy/Projects/evaluate-yourself/node_modules/@babel/parser/lib/index.js:2934:18)
    at /Users/srujanreddy/Projects/evaluate-yourself/node_modules/@babel/parser/lib/index.js:13454:12
    at FlowParserMixin.withSmartMixTopicForbiddingContext (/Users/srujanreddy/Projects/evaluate-yourself/node_modules/@babel/parser/lib/index.js:12413:14)
    at FlowParserMixin.parseFunction (/Users/srujanreddy/Projects/evaluate-yourself/node_modules/@babel/parser/lib/index.js:13453:10)

ERROR in [eslint] 
src/pages/ReportPage.jsx
  Line 755:10:  Parsing error: Expected corresponding JSX closing tag for <Box>. (755:10)

webpack compiled with 2 errors
Compiling...
Failed to compile.

[eslint] 
src/pages/ReportPage.jsx
Syntax error: Expected corresponding JSX closing tag for <Typography>. (787:8) (787:8)
ERROR in ./src/pages/ReportPage.jsx
Module build failed (from ./node_modules/babel-loader/lib/index.js):
SyntaxError: /Users/srujanreddy/Projects/evaluate-yourself/src/pages/ReportPage.jsx: Expected corresponding JSX closing tag for <Typography>. (787:8)

  785 |             <Alert severity="info">Not enough timestamped transcript data to render timeline charts for this session.</Alert>
  786 |           )}
> 787 |         </CardContent>
      |         ^
  788 |       </Card>
  789 |
  790 |       {!isIncompleteCapture && (turnEvalSummary || turnEvaluations.length > 0) && (
    at constructor (/Users/srujanreddy/Projects/evaluate-yourself/node_modules/@babel/parser/lib/index.js:367:19)
    at FlowParserMixin.raise (/Users/srujanreddy/Projects/evaluate-yourself/node_modules/@babel/parser/lib/index.js:6630:19)
    at FlowParserMixin.jsxParseElementAt (/Users/srujanreddy/Projects/evaluate-yourself/node_modules/@babel/parser/lib/index.js:4760:16)
    at FlowParserMixin.jsxParseElementAt (/Users/srujanreddy/Projects/evaluate-yourself/node_modules/@babel/parser/lib/index.js:4731:32)
    at FlowParserMixin.jsxParseElementAt (/Users/srujanreddy/Projects/evaluate-yourself/node_modules/@babel/parser/lib/index.js:4731:32)
    at FlowParserMixin.jsxParseElementAt (/Users/srujanreddy/Projects/evaluate-yourself/node_modules/@babel/parser/lib/index.js:4731:32)
    at FlowParserMixin.jsxParseElement (/Users/srujanreddy/Projects/evaluate-yourself/node_modules/@babel/parser/lib/index.js:4782:17)
    at FlowParserMixin.parseExprAtom (/Users/srujanreddy/Projects/evaluate-yourself/node_modules/@babel/parser/lib/index.js:4792:19)
    at FlowParserMixin.parseExprSubscripts (/Users/srujanreddy/Projects/evaluate-yourself/node_modules/@babel/parser/lib/index.js:11085:23)
    at FlowParserMixin.parseUpdate (/Users/srujanreddy/Projects/evaluate-yourself/node_modules/@babel/parser/lib/index.js:11070:21)
    at FlowParserMixin.parseMaybeUnary (/Users/srujanreddy/Projects/evaluate-yourself/node_modules/@babel/parser/lib/index.js:11050:23)
    at FlowParserMixin.parseMaybeUnaryOrPrivate (/Users/srujanreddy/Projects/evaluate-yourself/node_modules/@babel/parser/lib/index.js:10903:61)
    at FlowParserMixin.parseExprOps (/Users/srujanreddy/Projects/evaluate-yourself/node_modules/@babel/parser/lib/index.js:10908:23)
    at FlowParserMixin.parseMaybeConditional (/Users/srujanreddy/Projects/evaluate-yourself/node_modules/@babel/parser/lib/index.js:10885:23)
    at FlowParserMixin.parseMaybeAssign (/Users/srujanreddy/Projects/evaluate-yourself/node_modules/@babel/parser/lib/index.js:10835:21)
    at /Users/srujanreddy/Projects/evaluate-yourself/node_modules/@babel/parser/lib/index.js:3531:39
    at FlowParserMixin.tryParse (/Users/srujanreddy/Projects/evaluate-yourself/node_modules/@babel/parser/lib/index.js:6938:20)
    at FlowParserMixin.parseMaybeAssign (/Users/srujanreddy/Projects/evaluate-yourself/node_modules/@babel/parser/lib/index.js:3531:18)
    at /Users/srujanreddy/Projects/evaluate-yourself/node_modules/@babel/parser/lib/index.js:10804:39
    at FlowParserMixin.allowInAnd (/Users/srujanreddy/Projects/evaluate-yourself/node_modules/@babel/parser/lib/index.js:12436:12)
    at FlowParserMixin.parseMaybeAssignAllowIn (/Users/srujanreddy/Projects/evaluate-yourself/node_modules/@babel/parser/lib/index.js:10804:17)
    at FlowParserMixin.parseMaybeAssignAllowInOrVoidPattern (/Users/srujanreddy/Projects/evaluate-yourself/node_modules/@babel/parser/lib/index.js:12503:17)
    at FlowParserMixin.parseParenAndDistinguishExpression (/Users/srujanreddy/Projects/evaluate-yourself/node_modules/@babel/parser/lib/index.js:11683:28)
    at FlowParserMixin.parseParenAndDistinguishExpression (/Users/srujanreddy/Projects/evaluate-yourself/node_modules/@babel/parser/lib/index.js:3624:18)
    at FlowParserMixin.parseExprAtom (/Users/srujanreddy/Projects/evaluate-yourself/node_modules/@babel/parser/lib/index.js:11335:23)
    at FlowParserMixin.parseExprAtom (/Users/srujanreddy/Projects/evaluate-yourself/node_modules/@babel/parser/lib/index.js:4797:20)
    at FlowParserMixin.parseExprSubscripts (/Users/srujanreddy/Projects/evaluate-yourself/node_modules/@babel/parser/lib/index.js:11085:23)
    at FlowParserMixin.parseUpdate (/Users/srujanreddy/Projects/evaluate-yourself/node_modules/@babel/parser/lib/index.js:11070:21)
    at FlowParserMixin.parseMaybeUnary (/Users/srujanreddy/Projects/evaluate-yourself/node_modules/@babel/parser/lib/index.js:11050:23)
    at FlowParserMixin.parseMaybeUnaryOrPrivate (/Users/srujanreddy/Projects/evaluate-yourself/node_modules/@babel/parser/lib/index.js:10903:61)
    at FlowParserMixin.parseExprOps (/Users/srujanreddy/Projects/evaluate-yourself/node_modules/@babel/parser/lib/index.js:10908:23)
    at FlowParserMixin.parseMaybeConditional (/Users/srujanreddy/Projects/evaluate-yourself/node_modules/@babel/parser/lib/index.js:10885:23)
    at FlowParserMixin.parseMaybeAssign (/Users/srujanreddy/Projects/evaluate-yourself/node_modules/@babel/parser/lib/index.js:10835:21)
    at FlowParserMixin.parseMaybeAssign (/Users/srujanreddy/Projects/evaluate-yourself/node_modules/@babel/parser/lib/index.js:3582:18)
    at FlowParserMixin.parseExpressionBase (/Users/srujanreddy/Projects/evaluate-yourself/node_modules/@babel/parser/lib/index.js:10788:23)
    at /Users/srujanreddy/Projects/evaluate-yourself/node_modules/@babel/parser/lib/index.js:10784:39
    at FlowParserMixin.allowInAnd (/Users/srujanreddy/Projects/evaluate-yourself/node_modules/@babel/parser/lib/index.js:12431:16)
    at FlowParserMixin.parseExpression (/Users/srujanreddy/Projects/evaluate-yourself/node_modules/@babel/parser/lib/index.js:10784:17)
    at FlowParserMixin.parseReturnStatement (/Users/srujanreddy/Projects/evaluate-yourself/node_modules/@babel/parser/lib/index.js:13151:28)
    at FlowParserMixin.parseStatementContent (/Users/srujanreddy/Projects/evaluate-yourself/node_modules/@babel/parser/lib/index.js:12807:21)
    at FlowParserMixin.parseStatementLike (/Users/srujanreddy/Projects/evaluate-yourself/node_modules/@babel/parser/lib/index.js:12776:17)
    at FlowParserMixin.parseStatementLike (/Users/srujanreddy/Projects/evaluate-yourself/node_modules/@babel/parser/lib/index.js:2949:24)
    at FlowParserMixin.parseStatementListItem (/Users/srujanreddy/Projects/evaluate-yourself/node_modules/@babel/parser/lib/index.js:12756:17)
    at FlowParserMixin.parseBlockOrModuleBlockBody (/Users/srujanreddy/Projects/evaluate-yourself/node_modules/@babel/parser/lib/index.js:13325:61)
    at FlowParserMixin.parseBlockBody (/Users/srujanreddy/Projects/evaluate-yourself/node_modules/@babel/parser/lib/index.js:13318:10)
    at FlowParserMixin.parseBlock (/Users/srujanreddy/Projects/evaluate-yourself/node_modules/@babel/parser/lib/index.js:13306:10)
    at FlowParserMixin.parseFunctionBody (/Users/srujanreddy/Projects/evaluate-yourself/node_modules/@babel/parser/lib/index.js:12110:24)
    at FlowParserMixin.parseFunctionBody (/Users/srujanreddy/Projects/evaluate-yourself/node_modules/@babel/parser/lib/index.js:2926:11)
    at FlowParserMixin.parseFunctionBodyAndFinish (/Users/srujanreddy/Projects/evaluate-yourself/node_modules/@babel/parser/lib/index.js:12096:10)
    at FlowParserMixin.parseFunctionBodyAndFinish (/Users/srujanreddy/Projects/evaluate-yourself/node_modules/@babel/parser/lib/index.js:2934:18)

ERROR in [eslint] 
src/pages/ReportPage.jsx
  Line 787:8:  Parsing error: Expected corresponding JSX closing tag for <Typography>. (787:8)

webpack compiled with 2 errors
Compiling...
Compiled successfully!
webpack compiled successfully
