2026-02-09T00:29:38.2057363Z    _____                               
2026-02-09T00:29:38.2060638Z   /  _  \ __________ _________   ____  
2026-02-09T00:29:38.2060823Z  /  /_\  \\___   /  |  \_  __ \_/ __ \ 
2026-02-09T00:29:38.2060932Z /    |    \/    /|  |  /|  | \/\  ___/ 
2026-02-09T00:29:38.2061028Z \____|__  /_____ \____/ |__|    \___  >
2026-02-09T00:29:38.2061194Z         \/      \/                  \/ 
2026-02-09T00:29:38.2061293Z A P P   S E R V I C E   O N   L I N U X
2026-02-09T00:29:38.2061372Z 
2026-02-09T00:29:38.2061478Z Documentation    : http://aka.ms/webapp-linux
2026-02-09T00:29:38.2061588Z Python quickstart: https://aka.ms/python-qs
2026-02-09T00:29:38.2061679Z Python version   : 3.11.14
2026-02-09T00:29:38.2061797Z Instance Name    : lw1sdlwk000013
2026-02-09T00:29:38.2061924Z Instance Id      : 0d9fb74b532df22f5f6c9f77f91043424eb3990fd126e8b4b26252ab18b40d15
2026-02-09T00:29:38.2062004Z 
2026-02-09T00:29:38.2062103Z Note: Any data outside '/home' is not persisted
2026-02-09T00:29:48.6060414Z Starting OpenBSD Secure Shell server: sshd.
2026-02-09T00:29:48.6662641Z WEBSITES_INCLUDE_CLOUD_CERTS is not set to true.
2026-02-09T00:29:48.8524082Z Updating certificates in /etc/ssl/certs...
2026-02-09T00:30:53.9398517Z rehash: warning: skipping duplicate certificate in azl_SSL.com_TLS_ECC_Root_CA_2022.pem
2026-02-09T00:30:54.1118117Z rehash: warning: skipping duplicate certificate in azl_Sectigo_Public_Server_Authentication_Root_E46.pem
2026-02-09T00:30:54.1415318Z rehash: warning: skipping duplicate certificate in azl_Sectigo_Public_Server_Authentication_Root_R46.pem
2026-02-09T00:30:54.1500484Z rehash: warning: skipping duplicate certificate in azl_SSL.com_TLS_RSA_Root_CA_2022.pem
2026-02-09T00:30:54.3823107Z 4 added, 0 removed; done.
2026-02-09T00:30:54.4126103Z Running hooks in /etc/ca-certificates/update.d...
2026-02-09T00:30:54.5488310Z done.
2026-02-09T00:30:54.5993654Z CA certificates copied and updated successfully.
2026-02-09T00:30:55.2310576Z Site's appCommandLine: bash /home/site/wwwroot/backend/startup.sh
2026-02-09T00:30:56.3219635Z Starting periodic command scheduler: cron.
2026-02-09T00:30:56.3485334Z Launching oryx with: create-script -appPath /home/site/wwwroot -output /opt/startup/startup.sh -virtualEnvName antenv -defaultApp /opt/defaultsite -userStartupCommand 'bash /home/site/wwwroot/backend/startup.sh'
2026-02-09T00:30:56.8329649Z Could not find build manifest file at '/home/site/wwwroot/oryx-manifest.toml'
2026-02-09T00:30:56.8331263Z Could not find operation ID in manifest. Generating an operation id...
2026-02-09T00:30:56.8331443Z Build Operation ID: 174d1fc4-da3c-4db8-9ff4-30ff474c99f1
2026-02-09T00:30:58.0942486Z Oryx Version: 0.2.20260112.1, Commit: da7d752b5a9eaff8f6f06e0e37df55a14ef5705b, ReleaseTagName: 20260112.1
2026-02-09T00:30:58.2050124Z Writing output script to '/opt/startup/startup.sh'
2026-02-09T00:30:58.7804002Z WARNING: Could not find virtual environment directory /home/site/wwwroot/antenv.
2026-02-09T00:30:58.7804934Z WARNING: Could not find package directory /home/site/wwwroot/__oryx_packages__.
2026-02-09T00:30:59.0118007Z bash: /home/site/wwwroot/backend/startup.sh: No such file or directory
2026-02-09T00:45:13.217082778Z    _____                               
2026-02-09T00:45:13.217137648Z   /  _  \ __________ _________   ____  
2026-02-09T00:45:13.217145813Z  /  /_\  \\___   /  |  \_  __ \_/ __ \ 
2026-02-09T00:45:13.217152611Z /    |    \/    /|  |  /|  | \/\  ___/ 
2026-02-09T00:45:13.217159664Z \____|__  /_____ \____/ |__|    \___  >
2026-02-09T00:45:13.217166523Z         \/      \/                  \/ 
2026-02-09T00:45:13.217172755Z A P P   S E R V I C E   O N   L I N U X
2026-02-09T00:45:13.217178979Z 
2026-02-09T00:45:13.217184795Z Documentation    : http://aka.ms/webapp-linux
2026-02-09T00:45:13.217190859Z Python quickstart: https://aka.ms/python-qs
2026-02-09T00:45:13.217196946Z Python version   : 3.11.14
2026-02-09T00:45:13.217202950Z Instance Name    : lw1sdlwk000013
2026-02-09T00:45:13.217209268Z Instance Id      : 0d9fb74b532df22f5f6c9f77f91043424eb3990fd126e8b4b26252ab18b40d15
2026-02-09T00:45:13.217215630Z 
2026-02-09T00:45:13.217221428Z Note: Any data outside '/home' is not persisted
2026-02-09T00:45:21.637365748Z Starting OpenBSD Secure Shell server: sshd.
2026-02-09T00:45:21.724324671Z WEBSITES_INCLUDE_CLOUD_CERTS is not set to true.
2026-02-09T00:45:22.282786231Z Updating certificates in /etc/ssl/certs...
2026-02-09T00:46:30.723869943Z rehash: warning: skipping duplicate certificate in azl_SSL.com_TLS_ECC_Root_CA_2022.pem
2026-02-09T00:46:30.723933805Z rehash: warning: skipping duplicate certificate in azl_Sectigo_Public_Server_Authentication_Root_E46.pem
2026-02-09T00:46:30.723944441Z rehash: warning: skipping duplicate certificate in azl_Sectigo_Public_Server_Authentication_Root_R46.pem
2026-02-09T00:46:30.723952922Z rehash: warning: skipping duplicate certificate in azl_SSL.com_TLS_RSA_Root_CA_2022.pem
2026-02-09T00:46:30.801987968Z 4 added, 0 removed; done.
2026-02-09T00:46:30.844018724Z Running hooks in /etc/ca-certificates/update.d...
2026-02-09T00:46:30.862249752Z done.
2026-02-09T00:46:30.880847172Z CA certificates copied and updated successfully.
2026-02-09T00:46:31.054900458Z Site's appCommandLine: bash /home/site/wwwroot/backend/startup.sh
2026-02-09T00:46:31.112592111Z Launching oryx with: create-script -appPath /home/site/wwwroot -output /opt/startup/startup.sh -virtualEnvName antenv -defaultApp /opt/defaultsite -userStartupCommand 'bash /home/site/wwwroot/backend/startup.sh'
2026-02-09T00:46:31.436276715Z Could not find build manifest file at '/home/site/wwwroot/oryx-manifest.toml'
2026-02-09T00:46:31.446338381Z Could not find operation ID in manifest. Generating an operation id...
2026-02-09T00:46:31.505370772Z Build Operation ID: 96f6ddf6-a581-4994-a103-c5f280ec9512
2026-02-09T00:46:32.323689525Z Oryx Version: 0.2.20251017.2, Commit: 482d4c55e818733ab33b9d2131f9dc485a21fd03, ReleaseTagName: 20251017.2
2026-02-09T00:46:32.323761076Z Writing output script to '/opt/startup/startup.sh'
2026-02-09T00:46:32.610245688Z WARNING: Could not find virtual environment directory /home/site/wwwroot/antenv.
2026-02-09T00:46:32.610282915Z WARNING: Could not find package directory /home/site/wwwroot/__oryx_packages__.
2026-02-09T00:46:32.679797218Z bash: /home/site/wwwroot/backend/startup.sh: No such file or directory

2026-02-09T01:04:50.451456234Z    _____                               
2026-02-09T01:04:50.451553244Z   /  _  \ __________ _________   ____  
2026-02-09T01:04:50.451563778Z  /  /_\  \\___   /  |  \_  __ \_/ __ \ 
2026-02-09T01:04:50.451571038Z /    |    \/    /|  |  /|  | \/\  ___/ 
2026-02-09T01:04:50.451577641Z \____|__  /_____ \____/ |__|    \___  >
2026-02-09T01:04:50.451584206Z         \/      \/                  \/ 
2026-02-09T01:04:50.451590504Z A P P   S E R V I C E   O N   L I N U X
2026-02-09T01:04:50.451596652Z 
2026-02-09T01:04:50.451602455Z Documentation    : http://aka.ms/webapp-linux
2026-02-09T01:04:50.451608399Z Python quickstart: https://aka.ms/python-qs
2026-02-09T01:04:50.451763596Z Python version   : 3.11.14
2026-02-09T01:04:50.451771342Z Instance Name    : lw1sdlwk000013
2026-02-09T01:04:50.451777654Z Instance Id      : 0d9fb74b532df22f5f6c9f77f91043424eb3990fd126e8b4b26252ab18b40d15
2026-02-09T01:04:50.451783955Z 
2026-02-09T01:04:50.451789875Z Note: Any data outside '/home' is not persisted
2026-02-09T01:05:03.466730941Z Starting OpenBSD Secure Shell server: sshd.
2026-02-09T01:05:03.567074799Z WEBSITES_INCLUDE_CLOUD_CERTS is not set to true.
2026-02-09T01:05:04.183779206Z Updating certificates in /etc/ssl/certs...
2026-02-09T01:06:16.358906602Z rehash: warning: skipping duplicate certificate in azl_SSL.com_TLS_ECC_Root_CA_2022.pem
2026-02-09T01:06:16.358954338Z rehash: warning: skipping duplicate certificate in azl_Sectigo_Public_Server_Authentication_Root_E46.pem
2026-02-09T01:06:16.358965415Z rehash: warning: skipping duplicate certificate in azl_Sectigo_Public_Server_Authentication_Root_R46.pem
2026-02-09T01:06:16.358974458Z rehash: warning: skipping duplicate certificate in azl_SSL.com_TLS_RSA_Root_CA_2022.pem
2026-02-09T01:06:16.472282169Z 4 added, 0 removed; done.
2026-02-09T01:06:16.472600382Z Running hooks in /etc/ca-certificates/update.d...
2026-02-09T01:06:16.472612199Z done.
2026-02-09T01:06:17.022970628Z CA certificates copied and updated successfully.
2026-02-09T01:06:17.023036915Z Site's appCommandLine: bash /home/site/wwwroot/backend/startup.sh
2026-02-09T01:06:17.023048847Z Launching oryx with: create-script -appPath /home/site/wwwroot -output /opt/startup/startup.sh -virtualEnvName antenv -defaultApp /opt/defaultsite -userStartupCommand 'bash /home/site/wwwroot/backend/startup.sh'
2026-02-09T01:06:17.404086510Z Could not find build manifest file at '/home/site/wwwroot/oryx-manifest.toml'
2026-02-09T01:06:17.404123733Z Could not find operation ID in manifest. Generating an operation id...
2026-02-09T01:06:17.404133927Z Build Operation ID: 3b122ea3-e3bb-4492-a704-bc1173a7db28
2026-02-09T01:06:19.262450084Z Oryx Version: 0.2.20251017.2, Commit: 482d4c55e818733ab33b9d2131f9dc485a21fd03, ReleaseTagName: 20251017.2
2026-02-09T01:06:19.313038793Z Writing output script to '/opt/startup/startup.sh'
2026-02-09T01:06:19.433984784Z WARNING: Could not find virtual environment directory /home/site/wwwroot/antenv.
2026-02-09T01:06:19.434035242Z WARNING: Could not find package directory /home/site/wwwroot/__oryx_packages__.
2026-02-09T01:06:19.752070054Z Running Alembic migrations...
2026-02-09T01:06:19.752353455Z /home/site/wwwroot/backend/startup.sh: line 9: alembic: command not found

2026-02-09T01:12:15.397379652Z    _____                               
2026-02-09T01:12:15.397470312Z   /  _  \ __________ _________   ____  
2026-02-09T01:12:15.397479567Z  /  /_\  \\___   /  |  \_  __ \_/ __ \ 
2026-02-09T01:12:15.397486772Z /    |    \/    /|  |  /|  | \/\  ___/ 
2026-02-09T01:12:15.397493302Z \____|__  /_____ \____/ |__|    \___  >
2026-02-09T01:12:15.397500318Z         \/      \/                  \/ 
2026-02-09T01:12:15.397506621Z A P P   S E R V I C E   O N   L I N U X
2026-02-09T01:12:15.397512827Z 
2026-02-09T01:12:15.397518669Z Documentation    : http://aka.ms/webapp-linux
2026-02-09T01:12:15.397524861Z Python quickstart: https://aka.ms/python-qs
2026-02-09T01:12:15.397530924Z Python version   : 3.11.14
2026-02-09T01:12:15.397537007Z Instance Name    : lw1sdlwk000013
2026-02-09T01:12:15.397543032Z Instance Id      : 0d9fb74b532df22f5f6c9f77f91043424eb3990fd126e8b4b26252ab18b40d15
2026-02-09T01:12:15.397549245Z 
2026-02-09T01:12:15.397555060Z Note: Any data outside '/home' is not persisted
2026-02-09T01:12:24.590941106Z Starting OpenBSD Secure Shell server: sshd.
2026-02-09T01:12:24.622693249Z WEBSITES_INCLUDE_CLOUD_CERTS is not set to true.
2026-02-09T01:12:25.221441557Z Updating certificates in /etc/ssl/certs...
2026-02-09T01:14:10.949361576Z rehash: warning: skipping duplicate certificate in azl_SSL.com_TLS_ECC_Root_CA_2022.pem
2026-02-09T01:14:11.166495629Z rehash: warning: skipping duplicate certificate in azl_Sectigo_Public_Server_Authentication_Root_E46.pem
2026-02-09T01:14:11.297936015Z rehash: warning: skipping duplicate certificate in azl_Sectigo_Public_Server_Authentication_Root_R46.pem
2026-02-09T01:14:11.337190798Z rehash: warning: skipping duplicate certificate in azl_SSL.com_TLS_RSA_Root_CA_2022.pem
2026-02-09T01:14:11.740806344Z 4 added, 0 removed; done.
2026-02-09T01:14:11.740843900Z Running hooks in /etc/ca-certificates/update.d...
2026-02-09T01:14:11.869291392Z done.
2026-02-09T01:14:12.111377164Z CA certificates copied and updated successfully.
2026-02-09T01:14:13.521727278Z Site's appCommandLine: bash /home/site/wwwroot/backend/startup.sh
2026-02-09T01:14:13.521774855Z Launching oryx with: create-script -appPath /home/site/wwwroot -output /opt/startup/startup.sh -virtualEnvName antenv -defaultApp /opt/defaultsite -userStartupCommand 'bash /home/site/wwwroot/backend/startup.sh'
2026-02-09T01:14:14.748088171Z Could not find build manifest file at '/home/site/wwwroot/oryx-manifest.toml'
2026-02-09T01:14:14.748132690Z Could not find operation ID in manifest. Generating an operation id...
2026-02-09T01:14:14.748143330Z Build Operation ID: ad726e2c-331e-4e91-bfe2-797b804593d0
2026-02-09T01:14:16.441397267Z Oryx Version: 0.2.20251017.2, Commit: 482d4c55e818733ab33b9d2131f9dc485a21fd03, ReleaseTagName: 20251017.2
2026-02-09T01:14:16.500651050Z Writing output script to '/opt/startup/startup.sh'
2026-02-09T01:14:16.608997071Z WARNING: Could not find virtual environment directory /home/site/wwwroot/antenv.
2026-02-09T01:14:16.630101982Z WARNING: Could not find package directory /home/site/wwwroot/__oryx_packages__.
2026-02-09T01:14:16.661250930Z Running Alembic migrations...
2026-02-09T01:14:16.700939671Z /home/site/wwwroot/backend/startup.sh: line 9: alembic: command not found

