2026-02-09T00:58:59.7301218Z,Updating submodules.,9ab5c220-3876-4f18-8f85-ad148501af4c,0
2026-02-09T00:59:01.9275390Z,Preparing deployment for commit id '02fc78ff-2'.,6a37ad52-a32c-405f-834e-d5247a3f2722,0
2026-02-09T00:59:04.1546275Z,PreDeployment: context.CleanOutputPath False,552fcc13-f943-465c-8e7e-9bbc4703e5ab,0
2026-02-09T00:59:05.2585661Z,PreDeployment: context.OutputPath /home/site/wwwroot,8d2cfa6d-b583-4d5b-8587-871d7ce1daf1,0
2026-02-09T00:59:06.5618831Z,Repository path is /tmp/zipdeploy/extracted,67fb2316-7e24-4992-a590-c32459ef7416,0
2026-02-09T00:59:07.7379263Z,Running oryx build...,9f9d55c2-91a0-48da-9db0-4d3fe49ba0f9,0
	2026-02-09T00:59:08.0996600Z,Command: oryx build /tmp/zipdeploy/extracted -o /home/site/wwwroot --platform python --platform-version 3.11 -p virtualenv_name=antenv --log-file /tmp/build-debug.log  -i /tmp/8de67766b231f4f --compress-destination-dir | tee /tmp/oryx-build.log,,0
	2026-02-09T00:59:32.3880687Z,Operation performed by Microsoft Oryx&comma; https://github.com/Microsoft/Oryx,,0
	2026-02-09T00:59:32.6800860Z,You can report issues at https://github.com/Microsoft/Oryx/issues,,0
	2026-02-09T00:59:32.9783198Z,,,0
	2026-02-09T00:59:33.1484584Z,Oryx Version: 0.2.20251022.1+bef98bc7139feefaa74be16de9d835e2c85385d4&comma; Commit: bef98bc7139feefaa74be16de9d835e2c85385d4&comma; ReleaseTagName: 20251022.1,,0
	2026-02-09T00:59:33.3773550Z,,,0
	2026-02-09T00:59:33.5696390Z,Build Operation ID: 85f618e9f236bb52,,0
	2026-02-09T00:59:33.8791666Z,Repository Commit : 02fc78ff-21ae-4874-885d-7759084308ff,,0
	2026-02-09T00:59:34.0217032Z,OS Type           : bullseye,,0
	2026-02-09T00:59:34.1324474Z,Image Type        : githubactions,,0
	2026-02-09T00:59:34.2803258Z,,,0
	2026-02-09T00:59:34.4620085Z,Primary SDK Storage URL: https://oryx-cdn.microsoft.io,,0
	2026-02-09T00:59:34.6153273Z,Backup SDK Storage URL: ,,0
	2026-02-09T00:59:34.9187939Z,Detecting platforms...,,0
	2026-02-09T00:59:43.4408555Z,Detected following platforms:,,0
	2026-02-09T00:59:43.6325780Z,  python: 3.11.14,,0
	2026-02-09T00:59:43.8932503Z,Version '3.11.14' of platform 'python' is not installed. Generating script to install it...,,0
	2026-02-09T00:59:48.1907301Z,,,0
	2026-02-09T00:59:48.7797405Z,Using intermediate directory '/tmp/8de67766b231f4f'.,,0
	2026-02-09T00:59:48.9223775Z,,,0
	2026-02-09T00:59:49.1824173Z,Copying files to the intermediate directory...,,0
	2026-02-09T00:59:49.4750782Z,Done in 1 sec(s).,,0
	2026-02-09T00:59:49.6343927Z,,,0
	2026-02-09T00:59:49.7281309Z,Source directory     : /tmp/8de67766b231f4f,,0
	2026-02-09T00:59:49.7851346Z,Destination directory: /home/site/wwwroot,,0
	2026-02-09T00:59:49.8952493Z,,,0
	2026-02-09T00:59:49.9744042Z,,,0
	2026-02-09T00:59:50.1530959Z,Downloading and extracting 'python' version '3.11.14' to '/tmp/oryx/platforms/python/3.11.14'...,,0
	2026-02-09T00:59:50.4365894Z,Detected image debian flavor: bullseye.,,0
	2026-02-09T00:59:57.4039740Z,/tmp/BuildScriptGenerator/d1ad2bdab5bf424f97d36e6d8ed541e4/build.sh: line 129:  1018 Killed                  curl --connect-timeout 10 -D headers.txt -SL "https://oryx-cdn.microsoft.io/python/python-$DEBIAN_FLAVOR-3.11.14.tar.gz" --output 3.11.14.tar.gz > /dev/null 2>&1,,1
	2026-02-09T00:59:57.4636115Z,Download using primary SDK storage URL failed and backup storage base url is not provided&comma; exiting.,,0
	2026-02-09T00:59:57.7422908Z,/tmp/BuildScriptGenerator/d1ad2bdab5bf424f97d36e6d8ed541e4/build.sh: line 129:  1018 Killed                  curl --connect-timeout 10 -D headers.txt -SL "https://oryx-cdn.microsoft.io/python/python-$DEBIAN_FLAVOR-3.11.14.tar.gz" --output 3.11.14.tar.gz > /dev/null 2>&1\n/bin/bash -c "oryx build /tmp/zipdeploy/extracted -o /home/site/wwwroot --platform python --platform-version 3.11 -p virtualenv_name=antenv --log-file /tmp/build-debug.log  -i /tmp/8de67766b231f4f --compress-destination-dir | tee /tmp/oryx-build.log ; exit $PIPESTATUS ",,2
2026-02-09T00:59:57.9041654Z,,a14490ce-90c5-4081-97b1-2f1f0b35470a,0
2026-02-09T00:59:57.9703854Z,Generating summary of Oryx build,f459e2f1-7bcf-405c-98cf-9f818af2bd58,0
2026-02-09T00:59:58.0600593Z,Parsing the build logs,34e3f21b-ad1e-49cc-a483-76b54da924e1,0
2026-02-09T00:59:58.1219852Z,Found 0 issue(s),bd709629-fb38-435d-a272-9d40ee3f4967,0
2026-02-09T00:59:58.1847794Z,,4807594c-0794-4e59-8923-47fefa68316d,0
