2026-02-09T00:29:38.2057363Z    _____                               
2026-02-09T00:29:38.2060638Z   /  _  \ __________ _________   ____  
2026-02-09T00:29:38.2060823Z  /  /_\  \\___   /  |  \_  __ \_/ __ \ 
2026-02-09T00:29:38.2060932Z /    |    \/    /|  |  /|  | \/\  ___/ 
2026-02-09T00:29:38.2061028Z \____|__  /_____ \____/ |__|    \___  >
2026-02-09T00:29:38.2061194Z         \/      \/                  \/ 
2026-02-09T00:29:38.2061293Z A P P   S E R V I C E   O N   L I N U X
2026-02-09T00:29:38.2061372Z 
2026-02-09T00:29:38.2061478Z Documentation    : http://aka.ms/webapp-linux
2026-02-09T00:29:38.2061588Z Python quickstart: https://aka.ms/python-qs
2026-02-09T00:29:38.2061679Z Python version   : 3.11.14
2026-02-09T00:29:38.2061797Z Instance Name    : lw1sdlwk000013
2026-02-09T00:29:38.2061924Z Instance Id      : 0d9fb74b532df22f5f6c9f77f91043424eb3990fd126e8b4b26252ab18b40d15
2026-02-09T00:29:38.2062004Z 
2026-02-09T00:29:38.2062103Z Note: Any data outside '/home' is not persisted
2026-02-09T00:29:48.6060414Z Starting OpenBSD Secure Shell server: sshd.
2026-02-09T00:29:48.6662641Z WEBSITES_INCLUDE_CLOUD_CERTS is not set to true.
2026-02-09T00:29:48.8524082Z Updating certificates in /etc/ssl/certs...
2026-02-09T00:30:53.9398517Z rehash: warning: skipping duplicate certificate in azl_SSL.com_TLS_ECC_Root_CA_2022.pem
2026-02-09T00:30:54.1118117Z rehash: warning: skipping duplicate certificate in azl_Sectigo_Public_Server_Authentication_Root_E46.pem
2026-02-09T00:30:54.1415318Z rehash: warning: skipping duplicate certificate in azl_Sectigo_Public_Server_Authentication_Root_R46.pem
2026-02-09T00:30:54.1500484Z rehash: warning: skipping duplicate certificate in azl_SSL.com_TLS_RSA_Root_CA_2022.pem
2026-02-09T00:30:54.3823107Z 4 added, 0 removed; done.
2026-02-09T00:30:54.4126103Z Running hooks in /etc/ca-certificates/update.d...
2026-02-09T00:30:54.5488310Z done.
2026-02-09T00:30:54.5993654Z CA certificates copied and updated successfully.
2026-02-09T00:30:55.2310576Z Site's appCommandLine: bash /home/site/wwwroot/backend/startup.sh
2026-02-09T00:30:56.3219635Z Starting periodic command scheduler: cron.
2026-02-09T00:30:56.3485334Z Launching oryx with: create-script -appPath /home/site/wwwroot -output /opt/startup/startup.sh -virtualEnvName antenv -defaultApp /opt/defaultsite -userStartupCommand 'bash /home/site/wwwroot/backend/startup.sh'
2026-02-09T00:30:56.8329649Z Could not find build manifest file at '/home/site/wwwroot/oryx-manifest.toml'
2026-02-09T00:30:56.8331263Z Could not find operation ID in manifest. Generating an operation id...
2026-02-09T00:30:56.8331443Z Build Operation ID: 174d1fc4-da3c-4db8-9ff4-30ff474c99f1
2026-02-09T00:30:58.0942486Z Oryx Version: 0.2.20260112.1, Commit: da7d752b5a9eaff8f6f06e0e37df55a14ef5705b, ReleaseTagName: 20260112.1
2026-02-09T00:30:58.2050124Z Writing output script to '/opt/startup/startup.sh'
2026-02-09T00:30:58.7804002Z WARNING: Could not find virtual environment directory /home/site/wwwroot/antenv.
2026-02-09T00:30:58.7804934Z WARNING: Could not find package directory /home/site/wwwroot/__oryx_packages__.
2026-02-09T00:30:59.0118007Z bash: /home/site/wwwroot/backend/startup.sh: No such file or directory
2026-02-09T00:45:13.217082778Z    _____                               
2026-02-09T00:45:13.217137648Z   /  _  \ __________ _________   ____  
2026-02-09T00:45:13.217145813Z  /  /_\  \\___   /  |  \_  __ \_/ __ \ 
2026-02-09T00:45:13.217152611Z /    |    \/    /|  |  /|  | \/\  ___/ 
2026-02-09T00:45:13.217159664Z \____|__  /_____ \____/ |__|    \___  >
2026-02-09T00:45:13.217166523Z         \/      \/                  \/ 
2026-02-09T00:45:13.217172755Z A P P   S E R V I C E   O N   L I N U X
2026-02-09T00:45:13.217178979Z 
2026-02-09T00:45:13.217184795Z Documentation    : http://aka.ms/webapp-linux
2026-02-09T00:45:13.217190859Z Python quickstart: https://aka.ms/python-qs
2026-02-09T00:45:13.217196946Z Python version   : 3.11.14
2026-02-09T00:45:13.217202950Z Instance Name    : lw1sdlwk000013
2026-02-09T00:45:13.217209268Z Instance Id      : 0d9fb74b532df22f5f6c9f77f91043424eb3990fd126e8b4b26252ab18b40d15
2026-02-09T00:45:13.217215630Z 
2026-02-09T00:45:13.217221428Z Note: Any data outside '/home' is not persisted
2026-02-09T00:45:21.637365748Z Starting OpenBSD Secure Shell server: sshd.
2026-02-09T00:45:21.724324671Z WEBSITES_INCLUDE_CLOUD_CERTS is not set to true.
2026-02-09T00:45:22.282786231Z Updating certificates in /etc/ssl/certs...
2026-02-09T00:46:30.723869943Z rehash: warning: skipping duplicate certificate in azl_SSL.com_TLS_ECC_Root_CA_2022.pem
2026-02-09T00:46:30.723933805Z rehash: warning: skipping duplicate certificate in azl_Sectigo_Public_Server_Authentication_Root_E46.pem
2026-02-09T00:46:30.723944441Z rehash: warning: skipping duplicate certificate in azl_Sectigo_Public_Server_Authentication_Root_R46.pem
2026-02-09T00:46:30.723952922Z rehash: warning: skipping duplicate certificate in azl_SSL.com_TLS_RSA_Root_CA_2022.pem
2026-02-09T00:46:30.801987968Z 4 added, 0 removed; done.
2026-02-09T00:46:30.844018724Z Running hooks in /etc/ca-certificates/update.d...
2026-02-09T00:46:30.862249752Z done.
2026-02-09T00:46:30.880847172Z CA certificates copied and updated successfully.
2026-02-09T00:46:31.054900458Z Site's appCommandLine: bash /home/site/wwwroot/backend/startup.sh
2026-02-09T00:46:31.112592111Z Launching oryx with: create-script -appPath /home/site/wwwroot -output /opt/startup/startup.sh -virtualEnvName antenv -defaultApp /opt/defaultsite -userStartupCommand 'bash /home/site/wwwroot/backend/startup.sh'
2026-02-09T00:46:31.436276715Z Could not find build manifest file at '/home/site/wwwroot/oryx-manifest.toml'
2026-02-09T00:46:31.446338381Z Could not find operation ID in manifest. Generating an operation id...
2026-02-09T00:46:31.505370772Z Build Operation ID: 96f6ddf6-a581-4994-a103-c5f280ec9512
2026-02-09T00:46:32.323689525Z Oryx Version: 0.2.20251017.2, Commit: 482d4c55e818733ab33b9d2131f9dc485a21fd03, ReleaseTagName: 20251017.2
2026-02-09T00:46:32.323761076Z Writing output script to '/opt/startup/startup.sh'
2026-02-09T00:46:32.610245688Z WARNING: Could not find virtual environment directory /home/site/wwwroot/antenv.
2026-02-09T00:46:32.610282915Z WARNING: Could not find package directory /home/site/wwwroot/__oryx_packages__.
2026-02-09T00:46:32.679797218Z bash: /home/site/wwwroot/backend/startup.sh: No such file or directory

2026-02-09T01:04:50.451456234Z    _____                               
2026-02-09T01:04:50.451553244Z   /  _  \ __________ _________   ____  
2026-02-09T01:04:50.451563778Z  /  /_\  \\___   /  |  \_  __ \_/ __ \ 
2026-02-09T01:04:50.451571038Z /    |    \/    /|  |  /|  | \/\  ___/ 
2026-02-09T01:04:50.451577641Z \____|__  /_____ \____/ |__|    \___  >
2026-02-09T01:04:50.451584206Z         \/      \/                  \/ 
2026-02-09T01:04:50.451590504Z A P P   S E R V I C E   O N   L I N U X
2026-02-09T01:04:50.451596652Z 
2026-02-09T01:04:50.451602455Z Documentation    : http://aka.ms/webapp-linux
2026-02-09T01:04:50.451608399Z Python quickstart: https://aka.ms/python-qs
2026-02-09T01:04:50.451763596Z Python version   : 3.11.14
2026-02-09T01:04:50.451771342Z Instance Name    : lw1sdlwk000013
2026-02-09T01:04:50.451777654Z Instance Id      : 0d9fb74b532df22f5f6c9f77f91043424eb3990fd126e8b4b26252ab18b40d15
2026-02-09T01:04:50.451783955Z 
2026-02-09T01:04:50.451789875Z Note: Any data outside '/home' is not persisted
2026-02-09T01:05:03.466730941Z Starting OpenBSD Secure Shell server: sshd.
2026-02-09T01:05:03.567074799Z WEBSITES_INCLUDE_CLOUD_CERTS is not set to true.
2026-02-09T01:05:04.183779206Z Updating certificates in /etc/ssl/certs...
2026-02-09T01:06:16.358906602Z rehash: warning: skipping duplicate certificate in azl_SSL.com_TLS_ECC_Root_CA_2022.pem
2026-02-09T01:06:16.358954338Z rehash: warning: skipping duplicate certificate in azl_Sectigo_Public_Server_Authentication_Root_E46.pem
2026-02-09T01:06:16.358965415Z rehash: warning: skipping duplicate certificate in azl_Sectigo_Public_Server_Authentication_Root_R46.pem
2026-02-09T01:06:16.358974458Z rehash: warning: skipping duplicate certificate in azl_SSL.com_TLS_RSA_Root_CA_2022.pem
2026-02-09T01:06:16.472282169Z 4 added, 0 removed; done.
2026-02-09T01:06:16.472600382Z Running hooks in /etc/ca-certificates/update.d...
2026-02-09T01:06:16.472612199Z done.
2026-02-09T01:06:17.022970628Z CA certificates copied and updated successfully.
2026-02-09T01:06:17.023036915Z Site's appCommandLine: bash /home/site/wwwroot/backend/startup.sh
2026-02-09T01:06:17.023048847Z Launching oryx with: create-script -appPath /home/site/wwwroot -output /opt/startup/startup.sh -virtualEnvName antenv -defaultApp /opt/defaultsite -userStartupCommand 'bash /home/site/wwwroot/backend/startup.sh'
2026-02-09T01:06:17.404086510Z Could not find build manifest file at '/home/site/wwwroot/oryx-manifest.toml'
2026-02-09T01:06:17.404123733Z Could not find operation ID in manifest. Generating an operation id...
2026-02-09T01:06:17.404133927Z Build Operation ID: 3b122ea3-e3bb-4492-a704-bc1173a7db28
2026-02-09T01:06:19.262450084Z Oryx Version: 0.2.20251017.2, Commit: 482d4c55e818733ab33b9d2131f9dc485a21fd03, ReleaseTagName: 20251017.2
2026-02-09T01:06:19.313038793Z Writing output script to '/opt/startup/startup.sh'
2026-02-09T01:06:19.433984784Z WARNING: Could not find virtual environment directory /home/site/wwwroot/antenv.
2026-02-09T01:06:19.434035242Z WARNING: Could not find package directory /home/site/wwwroot/__oryx_packages__.
2026-02-09T01:06:19.752070054Z Running Alembic migrations...
2026-02-09T01:06:19.752353455Z /home/site/wwwroot/backend/startup.sh: line 9: alembic: command not found

2026-02-09T01:12:15.397379652Z    _____                               
2026-02-09T01:12:15.397470312Z   /  _  \ __________ _________   ____  
2026-02-09T01:12:15.397479567Z  /  /_\  \\___   /  |  \_  __ \_/ __ \ 
2026-02-09T01:12:15.397486772Z /    |    \/    /|  |  /|  | \/\  ___/ 
2026-02-09T01:12:15.397493302Z \____|__  /_____ \____/ |__|    \___  >
2026-02-09T01:12:15.397500318Z         \/      \/                  \/ 
2026-02-09T01:12:15.397506621Z A P P   S E R V I C E   O N   L I N U X
2026-02-09T01:12:15.397512827Z 
2026-02-09T01:12:15.397518669Z Documentation    : http://aka.ms/webapp-linux
2026-02-09T01:12:15.397524861Z Python quickstart: https://aka.ms/python-qs
2026-02-09T01:12:15.397530924Z Python version   : 3.11.14
2026-02-09T01:12:15.397537007Z Instance Name    : lw1sdlwk000013
2026-02-09T01:12:15.397543032Z Instance Id      : 0d9fb74b532df22f5f6c9f77f91043424eb3990fd126e8b4b26252ab18b40d15
2026-02-09T01:12:15.397549245Z 
2026-02-09T01:12:15.397555060Z Note: Any data outside '/home' is not persisted
2026-02-09T01:12:24.590941106Z Starting OpenBSD Secure Shell server: sshd.
2026-02-09T01:12:24.622693249Z WEBSITES_INCLUDE_CLOUD_CERTS is not set to true.
2026-02-09T01:12:25.221441557Z Updating certificates in /etc/ssl/certs...
2026-02-09T01:14:10.949361576Z rehash: warning: skipping duplicate certificate in azl_SSL.com_TLS_ECC_Root_CA_2022.pem
2026-02-09T01:14:11.166495629Z rehash: warning: skipping duplicate certificate in azl_Sectigo_Public_Server_Authentication_Root_E46.pem
2026-02-09T01:14:11.297936015Z rehash: warning: skipping duplicate certificate in azl_Sectigo_Public_Server_Authentication_Root_R46.pem
2026-02-09T01:14:11.337190798Z rehash: warning: skipping duplicate certificate in azl_SSL.com_TLS_RSA_Root_CA_2022.pem
2026-02-09T01:14:11.740806344Z 4 added, 0 removed; done.
2026-02-09T01:14:11.740843900Z Running hooks in /etc/ca-certificates/update.d...
2026-02-09T01:14:11.869291392Z done.
2026-02-09T01:14:12.111377164Z CA certificates copied and updated successfully.
2026-02-09T01:14:13.521727278Z Site's appCommandLine: bash /home/site/wwwroot/backend/startup.sh
2026-02-09T01:14:13.521774855Z Launching oryx with: create-script -appPath /home/site/wwwroot -output /opt/startup/startup.sh -virtualEnvName antenv -defaultApp /opt/defaultsite -userStartupCommand 'bash /home/site/wwwroot/backend/startup.sh'
2026-02-09T01:14:14.748088171Z Could not find build manifest file at '/home/site/wwwroot/oryx-manifest.toml'
2026-02-09T01:14:14.748132690Z Could not find operation ID in manifest. Generating an operation id...
2026-02-09T01:14:14.748143330Z Build Operation ID: ad726e2c-331e-4e91-bfe2-797b804593d0
2026-02-09T01:14:16.441397267Z Oryx Version: 0.2.20251017.2, Commit: 482d4c55e818733ab33b9d2131f9dc485a21fd03, ReleaseTagName: 20251017.2
2026-02-09T01:14:16.500651050Z Writing output script to '/opt/startup/startup.sh'
2026-02-09T01:14:16.608997071Z WARNING: Could not find virtual environment directory /home/site/wwwroot/antenv.
2026-02-09T01:14:16.630101982Z WARNING: Could not find package directory /home/site/wwwroot/__oryx_packages__.
2026-02-09T01:14:16.661250930Z Running Alembic migrations...
2026-02-09T01:14:16.700939671Z /home/site/wwwroot/backend/startup.sh: line 9: alembic: command not found

2026-02-09T01:17:07.300537962Z    _____                               
2026-02-09T01:17:07.337908243Z   /  _  \ __________ _________   ____  
2026-02-09T01:17:07.337941585Z  /  /_\  \\___   /  |  \_  __ \_/ __ \ 
2026-02-09T01:17:07.337981651Z /    |    \/    /|  |  /|  | \/\  ___/ 
2026-02-09T01:17:07.337988716Z \____|__  /_____ \____/ |__|    \___  >
2026-02-09T01:17:07.337995408Z         \/      \/                  \/ 
2026-02-09T01:17:07.338001817Z A P P   S E R V I C E   O N   L I N U X
2026-02-09T01:17:07.338008012Z 
2026-02-09T01:17:07.338013969Z Documentation    : http://aka.ms/webapp-linux
2026-02-09T01:17:07.338020134Z Python quickstart: https://aka.ms/python-qs
2026-02-09T01:17:07.338026189Z Python version   : 3.11.14
2026-02-09T01:17:07.338032164Z Instance Name    : lw1sdlwk000013
2026-02-09T01:17:07.338059564Z Instance Id      : 0d9fb74b532df22f5f6c9f77f91043424eb3990fd126e8b4b26252ab18b40d15
2026-02-09T01:17:07.338066813Z 
2026-02-09T01:17:07.338072624Z Note: Any data outside '/home' is not persisted
2026-02-09T01:17:12.853649127Z Starting OpenBSD Secure Shell server: sshd.
2026-02-09T01:17:12.991275749Z WEBSITES_INCLUDE_CLOUD_CERTS is not set to true.
2026-02-09T01:17:13.523418806Z Updating certificates in /etc/ssl/certs...
2026-02-09T01:18:49.923594197Z rehash: warning: skipping duplicate certificate in azl_SSL.com_TLS_ECC_Root_CA_2022.pem
2026-02-09T01:18:50.138110298Z rehash: warning: skipping duplicate certificate in azl_Sectigo_Public_Server_Authentication_Root_E46.pem
2026-02-09T01:18:50.833521239Z rehash: warning: skipping duplicate certificate in azl_Sectigo_Public_Server_Authentication_Root_R46.pem
2026-02-09T01:18:50.833584698Z rehash: warning: skipping duplicate certificate in azl_SSL.com_TLS_RSA_Root_CA_2022.pem
2026-02-09T01:18:51.238005784Z 4 added, 0 removed; done.
2026-02-09T01:18:51.258147497Z Running hooks in /etc/ca-certificates/update.d...
2026-02-09T01:18:51.415142820Z done.
2026-02-09T01:18:51.576409503Z CA certificates copied and updated successfully.
2026-02-09T01:18:52.781072676Z Site's appCommandLine: bash /home/site/wwwroot/backend/startup.sh
2026-02-09T01:18:52.781119790Z Launching oryx with: create-script -appPath /home/site/wwwroot -output /opt/startup/startup.sh -virtualEnvName antenv -defaultApp /opt/defaultsite -userStartupCommand 'bash /home/site/wwwroot/backend/startup.sh'
2026-02-09T01:18:53.314668708Z Could not find build manifest file at '/home/site/wwwroot/oryx-manifest.toml'
2026-02-09T01:18:53.314710714Z Could not find operation ID in manifest. Generating an operation id...
2026-02-09T01:18:53.314720956Z Build Operation ID: 87b9eff8-20d0-4aa1-9a19-c996583e3067
2026-02-09T01:18:54.843301134Z Oryx Version: 0.2.20251017.2, Commit: 482d4c55e818733ab33b9d2131f9dc485a21fd03, ReleaseTagName: 20251017.2
2026-02-09T01:18:54.874746288Z Writing output script to '/opt/startup/startup.sh'
2026-02-09T01:18:55.275261999Z WARNING: Could not find virtual environment directory /home/site/wwwroot/antenv.
2026-02-09T01:18:55.275302195Z WARNING: Could not find package directory /home/site/wwwroot/__oryx_packages__.
2026-02-09T01:18:55.483762366Z Running Alembic migrations...
2026-02-09T01:18:57.069244578Z /opt/python/3.11.14/bin/python: No module named alembic

2026-02-09T02:08:28.981783477Z    _____                               
2026-02-09T02:08:28.981861237Z   /  _  \ __________ _________   ____  
2026-02-09T02:08:28.981870642Z  /  /_\  \\___   /  |  \_  __ \_/ __ \ 
2026-02-09T02:08:28.981877830Z /    |    \/    /|  |  /|  | \/\  ___/ 
2026-02-09T02:08:28.981884449Z \____|__  /_____ \____/ |__|    \___  >
2026-02-09T02:08:28.981891616Z         \/      \/                  \/ 
2026-02-09T02:08:28.981898042Z A P P   S E R V I C E   O N   L I N U X
2026-02-09T02:08:28.981904246Z 
2026-02-09T02:08:28.981910134Z Documentation    : http://aka.ms/webapp-linux
2026-02-09T02:08:28.981916223Z Python quickstart: https://aka.ms/python-qs
2026-02-09T02:08:28.981922425Z Python version   : 3.11.14
2026-02-09T02:08:28.981928480Z Instance Name    : lw1sdlwk000013
2026-02-09T02:08:28.981934562Z Instance Id      : 0d9fb74b532df22f5f6c9f77f91043424eb3990fd126e8b4b26252ab18b40d15
2026-02-09T02:08:28.981940921Z 
2026-02-09T02:08:28.981947087Z Note: Any data outside '/home' is not persisted
2026-02-09T02:08:37.359603523Z Starting OpenBSD Secure Shell server: sshd.
2026-02-09T02:08:37.419496188Z WEBSITES_INCLUDE_CLOUD_CERTS is not set to true.
2026-02-09T02:08:37.611411022Z Updating certificates in /etc/ssl/certs...
2026-02-09T02:09:31.692966532Z rehash: warning: skipping duplicate certificate in azl_SSL.com_TLS_ECC_Root_CA_2022.pem
2026-02-09T02:09:31.836522518Z rehash: warning: skipping duplicate certificate in azl_Sectigo_Public_Server_Authentication_Root_E46.pem
2026-02-09T02:09:32.067752198Z rehash: warning: skipping duplicate certificate in azl_Sectigo_Public_Server_Authentication_Root_R46.pem
2026-02-09T02:09:32.144043770Z rehash: warning: skipping duplicate certificate in azl_SSL.com_TLS_RSA_Root_CA_2022.pem
2026-02-09T02:09:32.214518676Z 4 added, 0 removed; done.
2026-02-09T02:09:32.253330193Z Running hooks in /etc/ca-certificates/update.d...
2026-02-09T02:09:32.294911042Z done.
2026-02-09T02:09:32.353457418Z CA certificates copied and updated successfully.
2026-02-09T02:09:32.731459831Z Site's appCommandLine: bash /home/site/wwwroot/backend/startup.sh
2026-02-09T02:09:32.741570359Z Launching oryx with: create-script -appPath /home/site/wwwroot -output /opt/startup/startup.sh -virtualEnvName antenv -defaultApp /opt/defaultsite -userStartupCommand 'bash /home/site/wwwroot/backend/startup.sh'
2026-02-09T02:09:33.073430754Z Found build manifest file at '/home/site/wwwroot/oryx-manifest.toml'. Deserializing it...
2026-02-09T02:09:33.154215714Z Build Operation ID: a157c939f5ed5fc0
2026-02-09T02:09:33.166313372Z Oryx Version: 0.2.20251017.2, Commit: 482d4c55e818733ab33b9d2131f9dc485a21fd03, ReleaseTagName: 20251017.2
2026-02-09T02:09:33.213920656Z Output is compressed. Extracting it...
2026-02-09T02:09:33.213968755Z Extracting '/home/site/wwwroot/output.tar.gz' to directory '/tmp/8de677b3050ae65'...
2026-02-09T02:10:24.550323205Z App path is set to '/tmp/8de677b3050ae65'
2026-02-09T02:10:24.612260554Z Writing output script to '/opt/startup/startup.sh'
2026-02-09T02:10:24.910870071Z Using packages from virtual environment antenv located at /tmp/8de677b3050ae65/antenv.
2026-02-09T02:10:24.911612968Z Updated PYTHONPATH to '/opt/startup/app_logs:/tmp/8de677b3050ae65/antenv/lib/python3.11/site-packages'
2026-02-09T02:10:24.945035709Z bash: /home/site/wwwroot/backend/startup.sh: No such file or directory

2026-02-09T15:33:20.873133192Z    _____                               
2026-02-09T15:33:20.873210860Z   /  _  \ __________ _________   ____  
2026-02-09T15:33:20.873220479Z  /  /_\  \\___   /  |  \_  __ \_/ __ \ 
2026-02-09T15:33:20.873228172Z /    |    \/    /|  |  /|  | \/\  ___/ 
2026-02-09T15:33:20.873234890Z \____|__  /_____ \____/ |__|    \___  >
2026-02-09T15:33:20.873242267Z         \/      \/                  \/ 
2026-02-09T15:33:20.873248875Z A P P   S E R V I C E   O N   L I N U X
2026-02-09T15:33:20.873255250Z 
2026-02-09T15:33:20.873261187Z Documentation    : http://aka.ms/webapp-linux
2026-02-09T15:33:20.873274263Z Python quickstart: https://aka.ms/python-qs
2026-02-09T15:33:20.873280546Z Python version   : 3.11.14
2026-02-09T15:33:20.873286755Z Instance Name    : lw1sdlwk000013
2026-02-09T15:33:20.873292924Z Instance Id      : 0d9fb74b532df22f5f6c9f77f91043424eb3990fd126e8b4b26252ab18b40d15
2026-02-09T15:33:20.873299254Z 
2026-02-09T15:33:20.873305124Z Note: Any data outside '/home' is not persisted
2026-02-09T15:33:25.613103405Z Starting OpenBSD Secure Shell server: sshd.
2026-02-09T15:33:25.700860501Z WEBSITES_INCLUDE_CLOUD_CERTS is not set to true.
2026-02-09T15:33:25.956727407Z Updating certificates in /etc/ssl/certs...
2026-02-09T15:34:32.449684454Z rehash: warning: skipping duplicate certificate in azl_SSL.com_TLS_ECC_Root_CA_2022.pem
2026-02-09T15:34:32.731272694Z rehash: warning: skipping duplicate certificate in azl_Sectigo_Public_Server_Authentication_Root_E46.pem
2026-02-09T15:34:32.760417399Z rehash: warning: skipping duplicate certificate in azl_Sectigo_Public_Server_Authentication_Root_R46.pem
2026-02-09T15:34:32.772521576Z rehash: warning: skipping duplicate certificate in azl_SSL.com_TLS_RSA_Root_CA_2022.pem
2026-02-09T15:34:32.902928900Z 4 added, 0 removed; done.
2026-02-09T15:34:32.923467254Z Running hooks in /etc/ca-certificates/update.d...
2026-02-09T15:34:32.951510360Z done.
2026-02-09T15:34:32.983311940Z CA certificates copied and updated successfully.
2026-02-09T15:34:33.668820922Z Site's appCommandLine: bash -c "APPROOT=${APP_PATH:-${APP_DIR:-/home/site/wwwroot}}; cd \"$APPROOT/backend\"; if [ -n \"${DATABASE_URL:-}\" ]; then python -m alembic -c alembic.ini upgrade head; else echo \"DATABASE_URL not set; skipping migrations\"; fi; exec gunicorn -k uvicorn.workers.UvicornWorker app:app --bind=0.0.0.0:${PORT:-8000}"
2026-02-09T15:34:33.937928264Z Launching oryx with: create-script -appPath /home/site/wwwroot -output /opt/startup/startup.sh -virtualEnvName antenv -defaultApp /opt/defaultsite -userStartupCommand 'bash -c "APPROOT=${APP_PATH:-${APP_DIR:-/home/site/wwwroot}}; cd \"$APPROOT/backend\"; if [ -n \"${DATABASE_URL:-}\" ]; then python -m alembic -c alembic.ini upgrade head; else echo \"DATABASE_URL not set; skipping migrations\"; fi; exec gunicorn -k uvicorn.workers.UvicornWorker app:app --bind=0.0.0.0:${PORT:-8000}"'
2026-02-09T15:34:34.961357388Z Found build manifest file at '/home/site/wwwroot/oryx-manifest.toml'. Deserializing it...
2026-02-09T15:34:35.191617512Z Build Operation ID: a157c939f5ed5fc0
2026-02-09T15:34:35.191658620Z Oryx Version: 0.2.20251017.2, Commit: 482d4c55e818733ab33b9d2131f9dc485a21fd03, ReleaseTagName: 20251017.2
2026-02-09T15:34:35.192878434Z Output is compressed. Extracting it...
2026-02-09T15:34:35.192898038Z Extracting '/home/site/wwwroot/output.tar.gz' to directory '/tmp/8de677b3050ae65'...
2026-02-09T15:35:20.439407536Z App path is set to '/tmp/8de677b3050ae65'
2026-02-09T15:35:20.494954030Z Writing output script to '/opt/startup/startup.sh'
2026-02-09T15:35:20.781764921Z Using packages from virtual environment antenv located at /tmp/8de677b3050ae65/antenv.
2026-02-09T15:35:20.781805516Z Updated PYTHONPATH to '/opt/startup/app_logs:/tmp/8de677b3050ae65/antenv/lib/python3.11/site-packages'
2026-02-09T15:35:20.821931582Z bash: line 1: cd: /backend: No such file or directory
2026-02-09T15:35:30.500543665Z FAILED: No config file 'alembic.ini' found, or file has no '[alembic]' section
2026-02-09T15:35:33.405914661Z [2026-02-09 15:35:33 +0000] [2093] [INFO] Starting gunicorn 25.0.3
2026-02-09T15:35:33.407764322Z [2026-02-09 15:35:33 +0000] [2093] [INFO] Listening at: http://0.0.0.0:8000 (2093)
2026-02-09T15:35:33.407791698Z [2026-02-09 15:35:33 +0000] [2093] [INFO] Using worker: uvicorn.workers.UvicornWorker
2026-02-09T15:35:33.425031013Z [2026-02-09 15:35:33 +0000] [2095] [INFO] Booting worker with pid: 2095
2026-02-09T15:35:33.476187629Z [2026-02-09 15:35:33 +0000] [2095] [ERROR] Exception in worker process
2026-02-09T15:35:33.476235706Z Traceback (most recent call last):
2026-02-09T15:35:33.476246113Z   File "/tmp/8de677b3050ae65/antenv/lib/python3.11/site-packages/gunicorn/arbiter.py", line 684, in spawn_worker
2026-02-09T15:35:33.476255069Z     worker.init_process()
2026-02-09T15:35:33.476263253Z   File "/tmp/8de677b3050ae65/antenv/lib/python3.11/site-packages/uvicorn/workers.py", line 66, in init_process
2026-02-09T15:35:33.476271725Z     super(UvicornWorker, self).init_process()
2026-02-09T15:35:33.476280007Z   File "/tmp/8de677b3050ae65/antenv/lib/python3.11/site-packages/gunicorn/workers/base.py", line 136, in init_process
2026-02-09T15:35:33.476288361Z     self.load_wsgi()
2026-02-09T15:35:33.476296211Z   File "/tmp/8de677b3050ae65/antenv/lib/python3.11/site-packages/gunicorn/workers/base.py", line 148, in load_wsgi
2026-02-09T15:35:33.476304919Z     self.wsgi = self.app.wsgi()
2026-02-09T15:35:33.476312746Z                 ^^^^^^^^^^^^^^^
2026-02-09T15:35:33.476320611Z   File "/tmp/8de677b3050ae65/antenv/lib/python3.11/site-packages/gunicorn/app/base.py", line 66, in wsgi
2026-02-09T15:35:33.476328894Z     self.callable = self.load()
2026-02-09T15:35:33.476336749Z                     ^^^^^^^^^^^
2026-02-09T15:35:33.476344741Z   File "/tmp/8de677b3050ae65/antenv/lib/python3.11/site-packages/gunicorn/app/wsgiapp.py", line 57, in load
2026-02-09T15:35:33.476376170Z     return self.load_wsgiapp()
2026-02-09T15:35:33.476453335Z            ^^^^^^^^^^^^^^^^^^^
2026-02-09T15:35:33.476462877Z   File "/tmp/8de677b3050ae65/antenv/lib/python3.11/site-packages/gunicorn/app/wsgiapp.py", line 47, in load_wsgiapp
2026-02-09T15:35:33.476469394Z     return util.import_app(self.app_uri)
2026-02-09T15:35:33.476475550Z            ^^^^^^^^^^^^^^^^^^^^^^^^^^^^^
2026-02-09T15:35:33.476481689Z   File "/tmp/8de677b3050ae65/antenv/lib/python3.11/site-packages/gunicorn/util.py", line 377, in import_app
2026-02-09T15:35:33.476488221Z     mod = importlib.import_module(module)
2026-02-09T15:35:33.476494537Z           ^^^^^^^^^^^^^^^^^^^^^^^^^^^^^^^
2026-02-09T15:35:33.476500590Z   File "/opt/python/3.11.14/lib/python3.11/importlib/__init__.py", line 126, in import_module
2026-02-09T15:35:33.476507044Z     return _bootstrap._gcd_import(name[level:], package, level)
2026-02-09T15:35:33.476523935Z            ^^^^^^^^^^^^^^^^^^^^^^^^^^^^^^^^^^^^^^^^^^^^^^^^^^^^
2026-02-09T15:35:33.476530965Z   File "<frozen importlib._bootstrap>", line 1204, in _gcd_import
2026-02-09T15:35:33.476537902Z   File "<frozen importlib._bootstrap>", line 1176, in _find_and_load
2026-02-09T15:35:33.476544280Z   File "<frozen importlib._bootstrap>", line 1140, in _find_and_load_unlocked
2026-02-09T15:35:33.476550806Z ModuleNotFoundError: No module named 'app'
2026-02-09T15:35:33.485405607Z No module named 'app'
2026-02-09T15:35:33.486022361Z [2026-02-09 15:35:33 +0000] [2095] [INFO] Worker exiting (pid: 2095)
2026-02-09T15:35:33.783320634Z [2026-02-09 15:35:33 +0000] [2093] [ERROR] Worker (pid:2095) exited with code 3.
2026-02-09T15:35:33.794516072Z [2026-02-09 15:35:33 +0000] [2093] [ERROR] Shutting down: Master
2026-02-09T15:35:33.794559422Z [2026-02-09 15:35:33 +0000] [2093] [ERROR] Reason: Worker failed to boot.

2026-02-09T15:40:51.992430309Z    _____                               
2026-02-09T15:40:51.992510324Z   /  _  \ __________ _________   ____  
2026-02-09T15:40:51.992519776Z  /  /_\  \\___   /  |  \_  __ \_/ __ \ 
2026-02-09T15:40:51.992527003Z /    |    \/    /|  |  /|  | \/\  ___/ 
2026-02-09T15:40:51.992533493Z \____|__  /_____ \____/ |__|    \___  >
2026-02-09T15:40:51.992540123Z         \/      \/                  \/ 
2026-02-09T15:40:51.992546450Z A P P   S E R V I C E   O N   L I N U X
2026-02-09T15:40:51.992552781Z 
2026-02-09T15:40:51.992558748Z Documentation    : http://aka.ms/webapp-linux
2026-02-09T15:40:51.992564802Z Python quickstart: https://aka.ms/python-qs
2026-02-09T15:40:51.992571039Z Python version   : 3.11.14
2026-02-09T15:40:51.992577090Z Instance Name    : lw1sdlwk000013
2026-02-09T15:40:51.992583188Z Instance Id      : 0d9fb74b532df22f5f6c9f77f91043424eb3990fd126e8b4b26252ab18b40d15
2026-02-09T15:40:51.992589499Z 
2026-02-09T15:40:51.992595378Z Note: Any data outside '/home' is not persisted
2026-02-09T15:40:59.442878575Z Starting OpenBSD Secure Shell server: sshd.
2026-02-09T15:40:59.484983814Z WEBSITES_INCLUDE_CLOUD_CERTS is not set to true.
2026-02-09T15:40:59.681731140Z Updating certificates in /etc/ssl/certs...
2026-02-09T15:41:56.911867829Z rehash: warning: skipping duplicate certificate in azl_SSL.com_TLS_ECC_Root_CA_2022.pem
2026-02-09T15:41:57.201799001Z rehash: warning: skipping duplicate certificate in azl_Sectigo_Public_Server_Authentication_Root_E46.pem
2026-02-09T15:41:57.320279625Z rehash: warning: skipping duplicate certificate in azl_Sectigo_Public_Server_Authentication_Root_R46.pem
2026-02-09T15:41:57.320322809Z rehash: warning: skipping duplicate certificate in azl_SSL.com_TLS_RSA_Root_CA_2022.pem
2026-02-09T15:41:57.453092640Z 4 added, 0 removed; done.
2026-02-09T15:41:57.453135117Z Running hooks in /etc/ca-certificates/update.d...
2026-02-09T15:41:57.453145118Z done.
2026-02-09T15:41:57.510083637Z CA certificates copied and updated successfully.
2026-02-09T15:41:57.992781144Z Site's appCommandLine: bash -c "APPROOT=\${APP_PATH:-\${APP_DIR:-/home/site/wwwroot}}; cd \"\$APPROOT/backend\"; if [ -n \"\${DATABASE_URL:-}\" ]; then python -m alembic -c alembic.ini upgrade head || echo \"Alembic failed; continuing startup\"; else echo \"DATABASE_URL not set; skipping migrations\"; fi; exec gunicorn -k uvicorn.workers.UvicornWorker app:app --bind 0.0.0.0:\${PORT:-8000}"
2026-02-09T15:41:57.992829253Z Launching oryx with: create-script -appPath /home/site/wwwroot -output /opt/startup/startup.sh -virtualEnvName antenv -defaultApp /opt/defaultsite -userStartupCommand 'bash -c "APPROOT=\${APP_PATH:-\${APP_DIR:-/home/site/wwwroot}}; cd \"\$APPROOT/backend\"; if [ -n \"\${DATABASE_URL:-}\" ]; then python -m alembic -c alembic.ini upgrade head || echo \"Alembic failed; continuing startup\"; else echo \"DATABASE_URL not set; skipping migrations\"; fi; exec gunicorn -k uvicorn.workers.UvicornWorker app:app --bind 0.0.0.0:\${PORT:-8000}"'
2026-02-09T15:41:58.699859598Z Found build manifest file at '/home/site/wwwroot/oryx-manifest.toml'. Deserializing it...
2026-02-09T15:41:58.709565935Z Build Operation ID: a157c939f5ed5fc0
2026-02-09T15:41:58.711463291Z Output is compressed. Extracting it...
2026-02-09T15:41:58.711654369Z Oryx Version: 0.2.20251017.2, Commit: 482d4c55e818733ab33b9d2131f9dc485a21fd03, ReleaseTagName: 20251017.2
2026-02-09T15:41:58.719329783Z Extracting '/home/site/wwwroot/output.tar.gz' to directory '/tmp/8de677b3050ae65'...
2026-02-09T15:43:33.624175240Z App path is set to '/tmp/8de677b3050ae65'
2026-02-09T15:43:33.704035926Z Writing output script to '/opt/startup/startup.sh'
2026-02-09T15:43:34.275767192Z Using packages from virtual environment antenv located at /tmp/8de677b3050ae65/antenv.
2026-02-09T15:43:34.276355187Z Updated PYTHONPATH to '/opt/startup/app_logs:/tmp/8de677b3050ae65/antenv/lib/python3.11/site-packages'
2026-02-09T15:43:44.437208429Z FAILED: Path doesn't exist: '/tmp/8de677b3050ae65/backend/backend/migrations'.  Please use the 'init' command to create a new scripts folder.
2026-02-09T15:43:44.988760642Z Alembic failed; continuing startup
2026-02-09T15:43:47.534466726Z [2026-02-09 15:43:47 +0000] [2096] [INFO] Starting gunicorn 25.0.3
2026-02-09T15:43:47.542843007Z [2026-02-09 15:43:47 +0000] [2096] [INFO] Listening at: http://0.0.0.0:8000 (2096)
2026-02-09T15:43:47.543513965Z [2026-02-09 15:43:47 +0000] [2096] [INFO] Using worker: uvicorn.workers.UvicornWorker
2026-02-09T15:43:47.613256420Z [2026-02-09 15:43:47 +0000] [2098] [INFO] Booting worker with pid: 2098
2026-02-09T15:44:18.954362681Z WARNING:root:⚠️ Could not register realtime router: No module named 'backend'
2026-02-09T15:44:19.932852400Z [2026-02-09 15:44:19 +0000] [2098] [INFO] Started server process [2098]
2026-02-09T15:44:19.935504259Z [2026-02-09 15:44:19 +0000] [2098] [INFO] Waiting for application startup.
2026-02-09T15:44:19.943328707Z [2026-02-09 15:44:19 +0000] [2098] [INFO] Application startup complete.

2026-02-09T15:46:39.220086968Z    _____                               
2026-02-09T15:46:39.221896179Z   /  _  \ __________ _________   ____  
2026-02-09T15:46:39.221914823Z  /  /_\  \\___   /  |  \_  __ \_/ __ \ 
2026-02-09T15:46:39.221922766Z /    |    \/    /|  |  /|  | \/\  ___/ 
2026-02-09T15:46:39.221929497Z \____|__  /_____ \____/ |__|    \___  >
2026-02-09T15:46:39.221936080Z         \/      \/                  \/ 
2026-02-09T15:46:39.221942593Z A P P   S E R V I C E   O N   L I N U X
2026-02-09T15:46:39.221948857Z 
2026-02-09T15:46:39.221954787Z Documentation    : http://aka.ms/webapp-linux
2026-02-09T15:46:39.221981499Z Python quickstart: https://aka.ms/python-qs
2026-02-09T15:46:39.221988967Z Python version   : 3.11.14
2026-02-09T15:46:39.221995176Z Instance Name    : lw1sdlwk000013
2026-02-09T15:46:39.222001319Z Instance Id      : 0d9fb74b532df22f5f6c9f77f91043424eb3990fd126e8b4b26252ab18b40d15
2026-02-09T15:46:39.222007585Z 
2026-02-09T15:46:39.222013431Z Note: Any data outside '/home' is not persisted
2026-02-09T15:46:53.811777738Z Starting OpenBSD Secure Shell server: sshd.
2026-02-09T15:46:53.921403807Z WEBSITES_INCLUDE_CLOUD_CERTS is not set to true.
2026-02-09T15:46:54.253070185Z Updating certificates in /etc/ssl/certs...
2026-02-09T15:49:30.516236463Z rehash: warning: skipping duplicate certificate in azl_SSL.com_TLS_ECC_Root_CA_2022.pem
2026-02-09T15:49:31.156475427Z rehash: warning: skipping duplicate certificate in azl_Sectigo_Public_Server_Authentication_Root_E46.pem
2026-02-09T15:49:31.295822163Z rehash: warning: skipping duplicate certificate in azl_Sectigo_Public_Server_Authentication_Root_R46.pem
2026-02-09T15:49:31.315743720Z rehash: warning: skipping duplicate certificate in azl_SSL.com_TLS_RSA_Root_CA_2022.pem
2026-02-09T15:49:31.605885208Z 4 added, 0 removed; done.
2026-02-09T15:49:31.608989953Z Running hooks in /etc/ca-certificates/update.d...
2026-02-09T15:49:31.667078686Z done.
2026-02-09T15:49:31.815404198Z CA certificates copied and updated successfully.
2026-02-09T15:49:32.937239921Z Site's appCommandLine: bash -c 'APPROOT=${APP_PATH:-/home/site/wwwroot}; if [ ! -d "$APPROOT/backend" ]; then CANDIDATE=$(find /tmp -maxdepth 4 -type f -path "*/backend/app.py" 2>/dev/null | head -1); if [ -n "$CANDIDATE" ]; then APPROOT=$(dirname "$(dirname "$CANDIDATE")"); fi; fi; echo "Using app root: $APPROOT"; cd "$APPROOT/backend"; if [ -n "${DATABASE_URL:-}" ]; then python -m alembic -c alembic.ini upgrade head || echo "Alembic failed; continuing startup"; else echo "DATABASE_URL not set; skipping migrations"; fi; exec gunicorn -k uvicorn.workers.UvicornWorker app:app --bind 0.0.0.0:${PORT:-8000}'
2026-02-09T15:49:32.937289631Z Launching oryx with: create-script -appPath /home/site/wwwroot -output /opt/startup/startup.sh -virtualEnvName antenv -defaultApp /opt/defaultsite -userStartupCommand 'bash -c 'APPROOT=${APP_PATH:-/home/site/wwwroot}; if [ ! -d "$APPROOT/backend" ]; then CANDIDATE=$(find /tmp -maxdepth 4 -type f -path "*/backend/app.py" 2>/dev/null | head -1); if [ -n "$CANDIDATE" ]; then APPROOT=$(dirname "$(dirname "$CANDIDATE")"); fi; fi; echo "Using app root: $APPROOT"; cd "$APPROOT/backend"; if [ -n "${DATABASE_URL:-}" ]; then python -m alembic -c alembic.ini upgrade head || echo "Alembic failed; continuing startup"; else echo "DATABASE_URL not set; skipping migrations"; fi; exec gunicorn -k uvicorn.workers.UvicornWorker app:app --bind 0.0.0.0:${PORT:-8000}''
2026-02-09T15:49:33.957787158Z Output is compressed. Extracting it...
2026-02-09T15:49:33.957818298Z Extracting '/home/site/wwwroot/output.tar.gz' to directory '/tmp/8de677b3050ae65'...
2026-02-09T15:49:33.957996046Z Found build manifest file at '/home/site/wwwroot/oryx-manifest.toml'. Deserializing it...
2026-02-09T15:49:33.958006015Z Build Operation ID: a157c939f5ed5fc0
2026-02-09T15:49:33.958012649Z Oryx Version: 0.2.20251017.2, Commit: 482d4c55e818733ab33b9d2131f9dc485a21fd03, ReleaseTagName: 20251017.2

2026-02-09T16:00:25.3215272Z    _____                               
2026-02-09T16:00:25.4783654Z   /  _  \ __________ _________   ____  
2026-02-09T16:00:25.4784377Z  /  /_\  \\___   /  |  \_  __ \_/ __ \ 
2026-02-09T16:00:25.4784472Z /    |    \/    /|  |  /|  | \/\  ___/ 
2026-02-09T16:00:25.4784548Z \____|__  /_____ \____/ |__|    \___  >
2026-02-09T16:00:25.4784700Z         \/      \/                  \/ 
2026-02-09T16:00:25.4784928Z A P P   S E R V I C E   O N   L I N U X
2026-02-09T16:00:25.4784999Z 
2026-02-09T16:00:25.4785081Z Documentation    : http://aka.ms/webapp-linux
2026-02-09T16:00:25.4785189Z Python quickstart: https://aka.ms/python-qs
2026-02-09T16:00:25.4785261Z Python version   : 3.11.14
2026-02-09T16:00:25.4785331Z Instance Name    : lw1sdlwk000013
2026-02-09T16:00:25.4785449Z Instance Id      : 0d9fb74b532df22f5f6c9f77f91043424eb3990fd126e8b4b26252ab18b40d15
2026-02-09T16:00:25.4785550Z 
2026-02-09T16:00:25.4793162Z Note: Any data outside '/home' is not persisted
2026-02-09T16:00:28.9761241Z Starting OpenBSD Secure Shell server: sshd.
2026-02-09T16:00:28.9762417Z WEBSITES_INCLUDE_CLOUD_CERTS is not set to true.
2026-02-09T16:00:29.3146569Z Updating certificates in /etc/ssl/certs...
2026-02-09T16:02:17.8232757Z rehash: warning: skipping duplicate certificate in azl_SSL.com_TLS_ECC_Root_CA_2022.pem
2026-02-09T16:02:18.1771882Z rehash: warning: skipping duplicate certificate in azl_Sectigo_Public_Server_Authentication_Root_E46.pem
2026-02-09T16:02:18.3629016Z rehash: warning: skipping duplicate certificate in azl_Sectigo_Public_Server_Authentication_Root_R46.pem
2026-02-09T16:02:18.4032977Z rehash: warning: skipping duplicate certificate in azl_SSL.com_TLS_RSA_Root_CA_2022.pem
2026-02-09T16:02:18.5799586Z 4 added, 0 removed; done.
2026-02-09T16:02:18.6009063Z Running hooks in /etc/ca-certificates/update.d...
2026-02-09T16:02:18.6378163Z done.
2026-02-09T16:02:18.7400316Z CA certificates copied and updated successfully.
2026-02-09T16:02:19.9040406Z Site's appCommandLine: bash -c 'APPROOT=${APP_PATH:-/home/site/wwwroot}; if [ ! -d "$APPROOT/backend" ]; then CANDIDATE=$(find /tmp -maxdepth 4 -type f -path "*/backend/app.py" 2>/dev/null | head -1); if [ -n "$CANDIDATE" ]; then APPROOT=$(dirname "$(dirname "$CANDIDATE")"); fi; fi; echo "Using app root: $APPROOT"; cd "$APPROOT/backend"; if [ -n "${DATABASE_URL:-}" ]; then python -m alembic -c alembic.ini upgrade head || echo "Alembic failed; continuing startup"; else echo "DATABASE_URL not set; skipping migrations"; fi; exec gunicorn -k uvicorn.workers.UvicornWorker app:app --bind 0.0.0.0:${PORT:-8000}'
2026-02-09T16:02:23.8398351Z Starting periodic command scheduler: cron.
2026-02-09T16:02:23.8399191Z Launching oryx with: create-script -appPath /home/site/wwwroot -output /opt/startup/startup.sh -virtualEnvName antenv -defaultApp /opt/defaultsite -userStartupCommand 'bash -c 'APPROOT=${APP_PATH:-/home/site/wwwroot}; if [ ! -d "$APPROOT/backend" ]; then CANDIDATE=$(find /tmp -maxdepth 4 -type f -path "*/backend/app.py" 2>/dev/null | head -1); if [ -n "$CANDIDATE" ]; then APPROOT=$(dirname "$(dirname "$CANDIDATE")"); fi; fi; echo "Using app root: $APPROOT"; cd "$APPROOT/backend"; if [ -n "${DATABASE_URL:-}" ]; then python -m alembic -c alembic.ini upgrade head || echo "Alembic failed; continuing startup"; else echo "DATABASE_URL not set; skipping migrations"; fi; exec gunicorn -k uvicorn.workers.UvicornWorker app:app --bind 0.0.0.0:${PORT:-8000}''
2026-02-09T16:02:24.8764329Z Found build manifest file at '/home/site/wwwroot/oryx-manifest.toml'. Deserializing it...
2026-02-09T16:02:24.8764958Z Build Operation ID: a157c939f5ed5fc0
2026-02-09T16:02:24.8765054Z Oryx Version: 0.2.20260112.1, Commit: da7d752b5a9eaff8f6f06e0e37df55a14ef5705b, ReleaseTagName: 20260112.1
2026-02-09T16:02:24.8769204Z Output is compressed. Extracting it...
2026-02-09T16:02:24.9495139Z Found gzip-compressed tarball.
2026-02-09T16:02:24.9495709Z Extracting '/home/site/wwwroot/output.tar.gz' to directory '/tmp/8de677b3050ae65'...
2026-02-09T16:02:24.9495821Z Using gzip for decompression of file: /home/site/wwwroot/output.tar.gz
